<html>
<head>
<title>TestNG:  Invoices</title>
<link href="../testng.css" rel="stylesheet" type="text/css" />
<link href="../my-testng.css" rel="stylesheet" type="text/css" />

<style type="text/css">
.log { display: none;} 
.stack-trace { display: none;} 
</style>
<script type="text/javascript">
<!--
function flip(e) {
  current = e.style.display;
  if (current == 'block') {
    e.style.display = 'none';
    return 0;
  }
  else {
    e.style.display = 'block';
    return 1;
  }
}

function toggleBox(szDivId, elem, msg1, msg2)
{
  var res = -1;  if (document.getElementById) {
    res = flip(document.getElementById(szDivId));
  }
  else if (document.all) {
    // this is the way old msie versions work
    res = flip(document.all[szDivId]);
  }
  if(elem) {
    if(res == 0) elem.innerHTML = msg1; else elem.innerHTML = msg2;
  }

}

function toggleAllBoxes() {
  if (document.getElementsByTagName) {
    d = document.getElementsByTagName('div');
    for (i = 0; i < d.length; i++) {
      if (d[i].className == 'log') {
        flip(d[i]);
      }
    }
  }
}

// -->
</script>

</head>
<body>
<h2 align='center'>Invoices</h2><table border='1' align="center">
<tr>
<td>Tests passed/Failed/Skipped:</td><td>11/1/0</td>
</tr><tr>
<td>Started on:</td><td>Mon May 08 12:01:51 IST 2023</td>
</tr>
<tr><td>Total time:</td><td>67 seconds (67452 ms)</td>
</tr><tr>
<td>Included groups:</td><td></td>
</tr><tr>
<td>Excluded groups:</td><td></td>
</tr>
</table><p/>
<small><i>(Hover the method name to see the test class name)</i></small><p/>
<table width='100%' border='1' class='invocation-failed'>
<tr><td colspan='4' align='center'><b>FAILED TESTS</b></td></tr>
<tr><td><b>Test method</b></td>
<td width="30%"><b>Exception</b></td>
<td width="10%"><b>Time (seconds)</b></td>
<td><b>Instance</b></td>
</tr>
<tr>
<td title='script.TestClass.enterQuantity()'><b>enterQuantity</b><br>Test class: script.TestClass<br>Test method: load type bilty</td>
<td><div><pre>org.testng.TestNGException: 
Cannot inject @Test annotated Method [enterQuantity] with [class java.lang.String].
For more information on native dependency injection please refer to https://testng.org/doc/documentation-main.html#native-dependency-injection
	at java.base/java.util.ArrayList.forEach(ArrayList.java:1511)
... Removed 26 stack frames</pre></div><a href='#' onClick='toggleBox("stack-trace1242969461", this, "Click to show all stack frames", "Click to hide stack frames")'>Click to show all stack frames</a>
<div class='stack-trace' id='stack-trace1242969461'><pre>org.testng.TestNGException: 
Cannot inject @Test annotated Method [enterQuantity] with [class java.lang.String].
For more information on native dependency injection please refer to https://testng.org/doc/documentation-main.html#native-dependency-injection
	at org.testng.internal.Parameters.checkParameterTypes(Parameters.java:439)
	at org.testng.internal.Parameters.createParametersForMethod(Parameters.java:353)
	at org.testng.internal.Parameters.createParameters(Parameters.java:708)
	at org.testng.internal.Parameters.handleParameters(Parameters.java:884)
	at org.testng.internal.Parameters.handleParameters(Parameters.java:740)
	at org.testng.internal.ParameterHandler.handleParameters(ParameterHandler.java:59)
	at org.testng.internal.ParameterHandler.createParameters(ParameterHandler.java:38)
	at org.testng.internal.TestInvoker$MethodInvocationAgent.invoke(TestInvoker.java:791)
	at org.testng.internal.TestInvoker.invokeTestMethods(TestInvoker.java:146)
	at org.testng.internal.TestMethodWorker.invokeTestMethods(TestMethodWorker.java:146)
	at org.testng.internal.TestMethodWorker.run(TestMethodWorker.java:128)
	at java.base/java.util.ArrayList.forEach(ArrayList.java:1511)
	at org.testng.TestRunner.privateRun(TestRunner.java:794)
	at org.testng.TestRunner.run(TestRunner.java:596)
	at org.testng.SuiteRunner.runTest(SuiteRunner.java:377)
	at org.testng.SuiteRunner.runSequentially(SuiteRunner.java:371)
	at org.testng.SuiteRunner.privateRun(SuiteRunner.java:332)
	at org.testng.SuiteRunner.run(SuiteRunner.java:276)
	at org.testng.SuiteRunnerWorker.runSuite(SuiteRunnerWorker.java:53)
	at org.testng.SuiteRunnerWorker.run(SuiteRunnerWorker.java:96)
	at org.testng.TestNG.runSuitesSequentially(TestNG.java:1212)
	at org.testng.TestNG.runSuitesLocally(TestNG.java:1134)
	at org.testng.TestNG.runSuites(TestNG.java:1063)
	at org.testng.TestNG.run(TestNG.java:1031)
	at org.testng.remote.AbstractRemoteTestNG.run(AbstractRemoteTestNG.java:115)
	at org.testng.remote.RemoteTestNG.initAndRun(RemoteTestNG.java:251)
	at org.testng.remote.RemoteTestNG.main(RemoteTestNG.java:77)
</pre></div></td>
<td>0</td>
<td>script.TestClass@2e385cce</td></tr>
</table><p>
<table width='100%' border='1' class='invocation-passed'>
<tr><td colspan='4' align='center'><b>PASSED TESTS</b></td></tr>
<tr><td><b>Test method</b></td>
<td width="30%"><b>Exception</b></td>
<td width="10%"><b>Time (seconds)</b></td>
<td><b>Instance</b></td>
</tr>
<tr>
<td title='script.TestClass.buyerLinkValidation()'><b>buyerLinkValidation</b><br>Test class: script.TestClass<br>Test method: Validate register new buyer link</td>
<td></td>
<td>5</td>
<td>script.TestClass@2e385cce</td></tr>
<tr>
<td title='script.TestClass.enterPhoneNumber()'><b>enterPhoneNumber</b><br>Test class: script.TestClass<br>Test method: Enter valid phone number</td>
<td></td>
<td>6</td>
<td>script.TestClass@2e385cce</td></tr>
<tr>
<td title='script.TestClass.validateCropName()'><b>validateCropName</b><br>Test class: script.TestClass<br>Test method: Validate crop name dropdown</td>
<td></td>
<td>9</td>
<td>script.TestClass@2e385cce</td></tr>
<tr>
<td title='script.TestClass.generateLoadIdButton()'><b>generateLoadIdButton</b><br>Test class: script.TestClass<br>Test method: Generate load button color validation</td>
<td></td>
<td>0</td>
<td>script.TestClass@2e385cce</td></tr>
<tr>
<td title='script.TestClass.verifyLoadType()'><b>verifyLoadType</b><br>Test class: script.TestClass<br>Test method: Verify load type</td>
<td></td>
<td>1</td>
<td>script.TestClass@2e385cce</td></tr>
<tr>
<td title='script.TestClass.validateLoadQty()'><b>validateLoadQty</b><br>Test class: script.TestClass<br>Test method: Validation for load quantity field</td>
<td></td>
<td>3</td>
<td>script.TestClass@2e385cce</td></tr>
<tr>
<td title='script.TestClass.validatePhoneNumber()'><b>validatePhoneNumber</b><br>Test class: script.TestClass<br>Test method: Validate phone number field</td>
<td></td>
<td>8</td>
<td>script.TestClass@2e385cce</td></tr>
<tr>
<td title='script.TestClass.validateQtyExceed()'><b>validateQtyExceed</b><br>Test class: script.TestClass<br>Test method: Validate quantity exceed error message</td>
<td></td>
<td>1</td>
<td>script.TestClass@2e385cce</td></tr>
<tr>
<td title='script.TestClass.buyerNameValidation()'><b>buyerNameValidation</b><br>Test class: script.TestClass<br>Test method: Validate buyer name and email id</td>
<td></td>
<td>0</td>
<td>script.TestClass@2e385cce</td></tr>
<tr>
<td title='script.TestClass.validatePoId()'><b>validatePoId</b><br>Test class: script.TestClass<br>Test method: Validation for SO id field</td>
<td></td>
<td>9</td>
<td>script.TestClass@2e385cce</td></tr>
<tr>
<td title='script.TestClass.validateUnits()'><b>validateUnits</b><br>Test class: script.TestClass<br>Test method: Validation for units dropdown</td>
<td></td>
<td>4</td>
<td>script.TestClass@2e385cce</td></tr>
</table><p>
</body>
</html>