<?xml version="1.0" encoding="UTF-8"?>
<!-- Generated by org.testng.reporters.JUnitXMLReporter -->
<testsuite ignored="0" hostname="INBNRMARITA" failures="1" tests="5" name="Admin Transport Payments" time="221.461" errors="0" timestamp="2021-11-19T21:16:41 IST">
  <testcase classname="script.AdminDSCPayments" name="farmerPayments" time="109.622"/>
  <testcase classname="script.AdminDSCPayments" name="dateFilterFarmerPayments" time="52.462"/>
  <testcase classname="script.AdminDSCPayments" name="invoiceDownloadOptionApproved" time="8.11"/>
  <testcase classname="script.AdminDSCPayments" name="dateFilterTransportPayments" time="7.242"/>
  <testcase classname="script.AdminDSCPayments" name="transportPayments" time="19.299">
    <failure type="java.lang.AssertionError" message="null">
      <![CDATA[java.lang.AssertionError: null
at script.AdminDSCPayments.transportPayments(AdminDSCPayments.java:95)
at java.base/java.util.ArrayList.forEach(ArrayList.java:1511)
... Removed 29 stack frames]]>
    </failure>
  </testcase> <!-- transportPayments -->
</testsuite> <!-- Admin Transport Payments -->
