<?xml version="1.0" encoding="UTF-8"?>
<!-- Generated by org.testng.reporters.JUnitXMLReporter -->
<testsuite ignored="0" hostname="INBNRMARITA" failures="1" tests="2" name="Admin Payment Close" time="159.615" errors="0" timestamp="2021-11-19T21:40:24 IST">
  <testcase classname="script.AdminPaymentClose" name="closePayment" time="56.254">
    <failure type="java.lang.AssertionError" message="null">
      <![CDATA[java.lang.AssertionError: null
at script.AdminPaymentClose.closePayment(AdminPaymentClose.java:53)
at java.base/java.util.ArrayList.forEach(ArrayList.java:1511)
... Removed 29 stack frames]]>
    </failure>
  </testcase> <!-- closePayment -->
  <testcase classname="script.AdminPaymentClose" name="closedPayments" time="63.542"/>
</testsuite> <!-- Admin Payment Close -->
