<?xml version="1.0" encoding="UTF-8"?>
<!-- Generated by org.testng.reporters.JUnitXMLReporter -->
<testsuite ignored="0" hostname="INBNRMARITA" failures="1" tests="22" name="Admin- Load Creation" time="799.34" errors="0" timestamp="2021-11-10T20:49:09 IST">
  <testcase classname="script.LoadCreation" name="poApproval" time="286.156"/>
  <testcase classname="script.LoadCreation" name="buyerLinkValidation" time="27.819"/>
  <testcase classname="script.LoadCreation" name="buyerOnboardingPage" time="9.622"/>
  <testcase classname="script.LoadCreation" name="validateSearchButton" time="304.916"/>
  <testcase classname="script.LoadCreation" name="buyerUserCardValidation" time="9.384"/>
  <testcase classname="script.LoadCreation" name="validateCropName" time="12.814"/>
  <testcase classname="script.LoadCreation" name="validatePoId" time="8.763"/>
  <testcase classname="script.LoadCreation" name="validateLoadQty" time="16.352"/>
  <testcase classname="script.LoadCreation" name="validateUnits" time="9.22"/>
  <testcase classname="script.LoadCreation" name="verifyButtonColor" time="6.636"/>
  <testcase classname="script.LoadCreation" name="captureLoadId" time="5.421"/>
  <testcase classname="script.LoadCreation" name="logisticsLinkValidation" time="0.058"/>
  <testcase classname="script.LoadCreation" name="validateLogisticsPhNo" time="53.161"/>
  <testcase classname="script.LoadCreation" name="logisticsUserCardValidation" time="0.074"/>
  <testcase classname="script.LoadCreation" name="validateDriverName" time="0.541"/>
  <testcase classname="script.LoadCreation" name="validateDriverPhNo" time="0.453"/>
  <testcase classname="script.LoadCreation" name="validateLicenceNumber" time="0.427"/>
  <testcase classname="script.LoadCreation" name="validateVehicleNumber" time="0.419"/>
  <testcase classname="script.LoadCreation" name="advanceAmount" time="1.21"/>
  <testcase classname="script.LoadCreation" name="createLoad" time="0.175">
    <failure type="java.lang.AssertionError" message="null">
      <![CDATA[java.lang.AssertionError: null
at script.LoadCreation.createLoad(LoadCreation.java:550)
at java.base/java.util.ArrayList.forEach(ArrayList.java:1511)
... Removed 29 stack frames]]>
    </failure>
  </testcase> <!-- createLoad -->
  <testcase classname="script.LoadCreation" name="editDeleteValidation" time="27.044"/>
  <testcase classname="script.LoadCreation" name="editPopup" time="4.12"/>
</testsuite> <!-- Admin- Load Creation -->
