<?xml version="1.0" encoding="UTF-8"?>
<!-- Generated by org.testng.reporters.JUnitXMLReporter -->
<testsuite ignored="0" hostname="Dell-Falca-34ZLN12" failures="1" tests="4" name="CreatePO" time="335.273" errors="0" timestamp="2021-09-30T15:59:32 IST">
  <testcase classname="script.CreatePO" name="SearchUser" time="190.287"/>
  <testcase classname="script.CreatePO" name="AddCrop" time="25.199"/>
  <testcase classname="script.CreatePO" name="POdates" time="73.718"/>
  <testcase classname="script.CreatePO" name="GeneratePO" time="1.256">
    <failure type="java.lang.AssertionError" message="null">
      <![CDATA[java.lang.AssertionError: null
at script.CreatePO.GeneratePO(CreatePO.java:259)
at java.base/java.util.ArrayList.forEach(ArrayList.java:1511)
... Removed 29 stack frames]]>
    </failure>
  </testcase> <!-- GeneratePO -->
</testsuite> <!-- CreatePO -->
