<?xml version="1.0" encoding="UTF-8"?>
<!-- Generated by org.testng.reporters.JUnitXMLReporter -->
<testsuite ignored="0" hostname="INBNRMARITA" failures="1" tests="21" name="Farmer Transaction and Invoice" time="467.526" errors="0" timestamp="2021-11-04T11:48:13 IST">
  <testcase classname="script.FarmerTransaction" name="farmerLinkValidation" time="7.394"/>
  <testcase classname="script.FarmerTransaction" name="farmerOnboardingPage" time="1.359"/>
  <testcase classname="script.FarmerTransaction" name="searchUser" time="198.566"/>
  <testcase classname="script.FarmerTransaction" name="userCardValidation" time="0.043">
    <failure type="java.lang.AssertionError" message="expected [KOTTUR FARMER] but found [SAMSUNG]">
      <![CDATA[java.lang.AssertionError: expected [KOTTUR FARMER] but found [SAMSUNG]
at script.FarmerTransaction.userCardValidation(FarmerTransaction.java:77)
at java.base/java.util.ArrayList.forEach(ArrayList.java:1511)
... Removed 33 stack frames]]>
    </failure>
  </testcase> <!-- userCardValidation -->
  <testcase classname="script.FarmerTransaction" name="categoryValidate" time="7.835"/>
  <testcase classname="script.FarmerTransaction" name="validateQuantity" time="0.678"/>
  <testcase classname="script.FarmerTransaction" name="validateUnits" time="3.541"/>
  <testcase classname="script.FarmerTransaction" name="validateBasePrice" time="1.583"/>
  <testcase classname="script.FarmerTransaction" name="validateSoot" time="1.553"/>
  <testcase classname="script.FarmerTransaction" name="addCrop" time="10.053"/>
  <testcase classname="script.FarmerTransaction" name="deleteIconValidation" time="0.079"/>
  <testcase classname="script.FarmerTransaction" name="validateSearchButton" time="10.503"/>
  <testcase classname="script.FarmerTransaction" name="validateAssignButton" time="1.234"/>
  <testcase classname="script.FarmerTransaction" name="assignLoad" time="60.215"/>
  <testcase classname="script.FarmerTransaction" name="invoiceCalculation" time="2.103"/>
  <testcase classname="script.FarmerTransaction" name="invoice" time="90.333"/>
  <testcase classname="script.FarmerTransaction" name="invoiceDownloadOption" time="40.842"/>
  <testcase classname="script.FarmerTransaction" name="updateSoot" time="1.445"/>
  <testcase classname="script.FarmerTransaction" name="userDetails" time="9.332"/>
  <testcase classname="script.FarmerTransaction" name="transaction" time="0.422"/>
  <testcase classname="script.FarmerTransaction" name="confirmStamp" time="7.832"/>
</testsuite> <!-- Farmer Transaction and Invoice -->
