<?xml version="1.0" encoding="UTF-8"?>
<!-- Generated by org.testng.reporters.JUnitXMLReporter -->
<testsuite ignored="0" hostname="INBNRMARITA" failures="1" tests="14" name="PO creation" time="1238.332" errors="0" timestamp="2021-11-04T13:12:25 IST">
  <testcase classname="script.CreatePO" name="buyerLinkValidation" time="5.825"/>
  <testcase classname="script.CreatePO" name="buyerOnboardingPage" time="1.932"/>
  <testcase classname="script.CreatePO" name="searchUser" time="1139.303"/>
  <testcase classname="script.CreatePO" name="userCardValidation" time="0.048">
    <failure type="java.lang.AssertionError" message="expected [RAJ] but found [MERITA TEST]">
      <![CDATA[java.lang.AssertionError: expected [RAJ] but found [MERITA TEST]
at script.CreatePO.userCardValidation(CreatePO.java:81)
at java.base/java.util.ArrayList.forEach(ArrayList.java:1511)
... Removed 33 stack frames]]>
    </failure>
  </testcase> <!-- userCardValidation -->
  <testcase classname="script.CreatePO" name="validateCategory" time="6.662"/>
  <testcase classname="script.CreatePO" name="validateQuantity" time="8.643"/>
  <testcase classname="script.CreatePO" name="validateUnit" time="4.474"/>
  <testcase classname="script.CreatePO" name="validatePrice" time="8.757"/>
  <testcase classname="script.CreatePO" name="addCrop" time="0.067"/>
  <testcase classname="script.CreatePO" name="poDates" time="8.937"/>
  <testcase classname="script.CreatePO" name="deliveryDeliveryValidation" time="17.246"/>
  <testcase classname="script.CreatePO" name="cancelPoValidation" time="4.305"/>
  <testcase classname="script.CreatePO" name="generatePO" time="5.204"/>
  <testcase classname="script.CreatePO" name="poCreation" time="14.993"/>
</testsuite> <!-- PO creation -->
