<?xml version="1.0" encoding="UTF-8"?>
<!-- Generated by org.testng.reporters.JUnitXMLReporter -->
<testsuite ignored="0" hostname="INBNRMARITA" failures="16" tests="22" name="SuperAdmin- Load Creation" time="1.743" errors="0" timestamp="2021-11-17T09:43:38 IST">
  <testcase classname="generic.WebBase" name="@AfterClass closeApplication" time="0.001">
    <failure type="java.lang.NullPointerException" message="Cannot invoke &amp;quot;org.openqa.selenium.WebDriver.quit()&amp;quot; because &amp;quot;this.driver&amp;quot; is null">
      <![CDATA[java.lang.NullPointerException: Cannot invoke "org.openqa.selenium.WebDriver.quit()" because "this.driver" is null
at generic.WebBase.closeApplication(WebBase.java:69)
at java.base/java.util.ArrayList.forEach(ArrayList.java:1511)
... Removed 25 stack frames]]>
    </failure>
  </testcase> <!-- @AfterClass closeApplication -->
  <testcase classname="script.LoadCreation" name="poApproval" time="0.018"/>
  <testcase classname="script.LoadCreation" name="buyerLinkValidation" time="0.093"/>
  <testcase classname="script.LoadCreation" name="buyerOnboardingPage" time="0.003"/>
  <testcase classname="script.LoadCreation" name="validateSearchButton" time="0.01">
    <failure type="java.lang.AssertionError" message="null">
      <![CDATA[java.lang.AssertionError: null
at script.LoadCreation.validateSearchButton(LoadCreation.java:161)
at java.base/java.util.ArrayList.forEach(ArrayList.java:1511)
... Removed 29 stack frames]]>
    </failure>
  </testcase> <!-- validateSearchButton -->
  <testcase classname="script.LoadCreation" name="buyerUserCardValidation" time="0.002"/>
  <testcase classname="script.LoadCreation" name="validateCropName" time="1.027">
    <failure type="java.lang.AssertionError" message="null">
      <![CDATA[java.lang.AssertionError: null
at script.LoadCreation.validateCropName(LoadCreation.java:224)
at java.base/java.util.ArrayList.forEach(ArrayList.java:1511)
... Removed 29 stack frames]]>
    </failure>
  </testcase> <!-- validateCropName -->
  <testcase classname="script.LoadCreation" name="validatePoId" time="0.008">
    <failure type="java.lang.NullPointerException" message="Cannot invoke &amp;quot;org.openqa.selenium.SearchContext.findElement(org.openqa.selenium.By)&amp;quot; because &amp;quot;this.searchContext&amp;quot; is null">
      <![CDATA[java.lang.NullPointerException: Cannot invoke "org.openqa.selenium.SearchContext.findElement(org.openqa.selenium.By)" because "this.searchContext" is null
at org.openqa.selenium.support.pagefactory.DefaultElementLocator.findElement(DefaultElementLocator.java:69)
at org.openqa.selenium.support.pagefactory.internal.LocatingElementHandler.invoke(LocatingElementHandler.java:38)
at com.sun.proxy.$Proxy14.click(Unknown Source)
at pom.LoadCreationPage.generateLoadId(LoadCreationPage.java:190)
at script.LoadCreation.validatePoId(LoadCreation.java:231)
at java.base/java.util.ArrayList.forEach(ArrayList.java:1511)
... Removed 27 stack frames]]>
    </failure>
  </testcase> <!-- validatePoId -->
  <testcase classname="script.LoadCreation" name="validateLoadQty" time="0.004">
    <failure type="java.lang.AssertionError" message="null">
      <![CDATA[java.lang.AssertionError: null
at script.LoadCreation.validateLoadQty(LoadCreation.java:309)
at java.base/java.util.ArrayList.forEach(ArrayList.java:1511)
... Removed 29 stack frames]]>
    </failure>
  </testcase> <!-- validateLoadQty -->
  <testcase classname="script.LoadCreation" name="validateUnits" time="0.004">
    <failure type="java.lang.AssertionError" message="null">
      <![CDATA[java.lang.AssertionError: null
at script.LoadCreation.validateUnits(LoadCreation.java:338)
at java.base/java.util.ArrayList.forEach(ArrayList.java:1511)
... Removed 29 stack frames]]>
    </failure>
  </testcase> <!-- validateUnits -->
  <testcase classname="script.LoadCreation" name="verifyButtonColor" time="0.005">
    <failure type="java.lang.AssertionError" message="null">
      <![CDATA[java.lang.AssertionError: null
at script.LoadCreation.verifyButtonColor(LoadCreation.java:359)
at java.base/java.util.ArrayList.forEach(ArrayList.java:1511)
... Removed 29 stack frames]]>
    </failure>
  </testcase> <!-- verifyButtonColor -->
  <testcase classname="script.LoadCreation" name="captureLoadId" time="0.013">
    <failure type="java.lang.AssertionError" message="null">
      <![CDATA[java.lang.AssertionError: null
at script.LoadCreation.captureLoadId(LoadCreation.java:379)
at java.base/java.util.ArrayList.forEach(ArrayList.java:1511)
... Removed 29 stack frames]]>
    </failure>
  </testcase> <!-- captureLoadId -->
  <testcase classname="script.LoadCreation" name="logisticsLinkValidation" time="0.003"/>
  <testcase classname="script.LoadCreation" name="validateLogisticsPhNo" time="0.029">
    <failure type="java.lang.AssertionError" message="null">
      <![CDATA[java.lang.AssertionError: null
at script.LoadCreation.validateLogisticsPhNo(LoadCreation.java:420)
at java.base/java.util.ArrayList.forEach(ArrayList.java:1511)
... Removed 29 stack frames]]>
    </failure>
  </testcase> <!-- validateLogisticsPhNo -->
  <testcase classname="script.LoadCreation" name="logisticsUserCardValidation" time="0.005"/>
  <testcase classname="script.LoadCreation" name="validateDriverName" time="0.007">
    <failure type="java.lang.AssertionError" message="null">
      <![CDATA[java.lang.AssertionError: null
at script.LoadCreation.validateDriverName(LoadCreation.java:458)
at java.base/java.util.ArrayList.forEach(ArrayList.java:1511)
... Removed 29 stack frames]]>
    </failure>
  </testcase> <!-- validateDriverName -->
  <testcase classname="script.LoadCreation" name="validateDriverPhNo" time="0.009">
    <failure type="java.lang.AssertionError" message="null">
      <![CDATA[java.lang.AssertionError: null
at script.LoadCreation.validateDriverPhNo(LoadCreation.java:479)
at java.base/java.util.ArrayList.forEach(ArrayList.java:1511)
... Removed 29 stack frames]]>
    </failure>
  </testcase> <!-- validateDriverPhNo -->
  <testcase classname="script.LoadCreation" name="validateLicenceNumber" time="0.003">
    <failure type="java.lang.AssertionError" message="null">
      <![CDATA[java.lang.AssertionError: null
at script.LoadCreation.validateLicenceNumber(LoadCreation.java:500)
at java.base/java.util.ArrayList.forEach(ArrayList.java:1511)
... Removed 29 stack frames]]>
    </failure>
  </testcase> <!-- validateLicenceNumber -->
  <testcase classname="script.LoadCreation" name="validateVehicleNumber" time="0.004">
    <failure type="java.lang.AssertionError" message="null">
      <![CDATA[java.lang.AssertionError: null
at script.LoadCreation.validateVehicleNumber(LoadCreation.java:521)
at java.base/java.util.ArrayList.forEach(ArrayList.java:1511)
... Removed 29 stack frames]]>
    </failure>
  </testcase> <!-- validateVehicleNumber -->
  <testcase classname="script.LoadCreation" name="advanceAmount" time="0.006">
    <failure type="java.lang.AssertionError" message="null">
      <![CDATA[java.lang.AssertionError: null
at script.LoadCreation.advanceAmount(LoadCreation.java:538)
at java.base/java.util.ArrayList.forEach(ArrayList.java:1511)
... Removed 29 stack frames]]>
    </failure>
  </testcase> <!-- advanceAmount -->
  <testcase classname="script.LoadCreation" name="createLoad" time="0.012">
    <failure type="java.lang.AssertionError" message="null">
      <![CDATA[java.lang.AssertionError: null
at script.LoadCreation.createLoad(LoadCreation.java:556)
at java.base/java.util.ArrayList.forEach(ArrayList.java:1511)
... Removed 29 stack frames]]>
    </failure>
  </testcase> <!-- createLoad -->
  <testcase classname="script.LoadCreation" name="editDeleteValidation" time="0.007">
    <failure type="java.lang.AssertionError" message="null">
      <![CDATA[java.lang.AssertionError: null
at script.LoadCreation.editDeleteValidation(LoadCreation.java:572)
at java.base/java.util.ArrayList.forEach(ArrayList.java:1511)
... Removed 29 stack frames]]>
    </failure>
  </testcase> <!-- editDeleteValidation -->
  <testcase classname="script.LoadCreation" name="editPopup" time="0.002">
    <failure type="java.lang.AssertionError" message="null">
      <![CDATA[java.lang.AssertionError: null
at script.LoadCreation.editPopup(LoadCreation.java:590)
at java.base/java.util.ArrayList.forEach(ArrayList.java:1511)
... Removed 29 stack frames]]>
    </failure>
  </testcase> <!-- editPopup -->
</testsuite> <!-- SuperAdmin- Load Creation -->
