<?xml version="1.0" encoding="UTF-8"?>
<!-- Generated by org.testng.reporters.JUnitXMLReporter -->
<testsuite ignored="1" hostname="INBNRMARITA" failures="1" tests="5" name="Finance Approver" time="48.816" errors="0" timestamp="2023-05-29T16:27:20 IST">
  <testcase classname="script.FinanceApprover" name="validatePendingReimbursementDetails" time="6.496">
    <failure type="java.lang.AssertionError" message="The following asserts failed:
	expected [1070] but found [₹1070]">
      <![CDATA[java.lang.AssertionError: The following asserts failed:
expected [1070] but found [₹1070]
at script.FinanceApprover.validatePendingReimbursementDetails(FinanceApprover.java:56)
at java.base/java.util.ArrayList.forEach(ArrayList.java:1511)
... Removed 30 stack frames]]>
    </failure>
  </testcase> <!-- validatePendingReimbursementDetails -->
  <testcase classname="script.FinanceApprover" name="validateReasonField" time="4.901"/>
  <testcase classname="script.FinanceApprover" name="validateVerifierComment" time="5.189"/>
  <testcase classname="script.FinanceApprover" name="validateReimbursementPopup" time="12.784"/>
  <testcase classname="script.FinanceApprover" name="validateRejectedReimbursement" time="8.884"/>
  <testcase classname="script.FinanceApprover" name="validateVerifierRejectedReim" time="0.0">
    <ignored/>
  </testcase> <!-- validateVerifierRejectedReim -->
</testsuite> <!-- Finance Approver -->
