<html>
<head>
<title>TestNG:  Admin- Farmer Transaction</title>
<link href="../testng.css" rel="stylesheet" type="text/css" />
<link href="../my-testng.css" rel="stylesheet" type="text/css" />

<style type="text/css">
.log { display: none;} 
.stack-trace { display: none;} 
</style>
<script type="text/javascript">
<!--
function flip(e) {
  current = e.style.display;
  if (current == 'block') {
    e.style.display = 'none';
    return 0;
  }
  else {
    e.style.display = 'block';
    return 1;
  }
}

function toggleBox(szDivId, elem, msg1, msg2)
{
  var res = -1;  if (document.getElementById) {
    res = flip(document.getElementById(szDivId));
  }
  else if (document.all) {
    // this is the way old msie versions work
    res = flip(document.all[szDivId]);
  }
  if(elem) {
    if(res == 0) elem.innerHTML = msg1; else elem.innerHTML = msg2;
  }

}

function toggleAllBoxes() {
  if (document.getElementsByTagName) {
    d = document.getElementsByTagName('div');
    for (i = 0; i < d.length; i++) {
      if (d[i].className == 'log') {
        flip(d[i]);
      }
    }
  }
}

// -->
</script>

</head>
<body>
<h2 align='center'>Admin- Farmer Transaction</h2><table border='1' align="center">
<tr>
<td>Tests passed/Failed/Skipped:</td><td>16/2/0</td>
</tr><tr>
<td>Started on:</td><td>Fri Jul 22 10:54:59 IST 2022</td>
</tr>
<tr><td>Total time:</td><td>123 seconds (123071 ms)</td>
</tr><tr>
<td>Included groups:</td><td></td>
</tr><tr>
<td>Excluded groups:</td><td></td>
</tr>
</table><p/>
<small><i>(Hover the method name to see the test class name)</i></small><p/>
<table width='100%' border='1' class='invocation-failed'>
<tr><td colspan='4' align='center'><b>FAILED TESTS</b></td></tr>
<tr><td><b>Test method</b></td>
<td width="30%"><b>Exception</b></td>
<td width="10%"><b>Time (seconds)</b></td>
<td><b>Instance</b></td>
</tr>
<tr>
<td title='script.FarmerTransaction.saveInvoiceNumber()'><b>saveInvoiceNumber</b><br>Test class: script.FarmerTransaction<br>Test method: Save invoice number<br/>
<a href="#Output-1591063329" onClick='toggleBox("Output-1591063329", this, "Show output", "Hide output");'>Show output</a>

<a href="#Output-1591063329" onClick="toggleAllBoxes();">Show all outputs</a>
<div class='log' id="Output-1591063329">
Expected condition failed: waiting for visibility of element located by By.xpath: //*[@id="spinner"]/div[3]/div[2] (tried for 20 second(s) with 500 milliseconds interval)<br/>
</div>
</td>
<td><div><pre>java.lang.AssertionError: null
	at script.FarmerTransaction.saveInvoiceNumber(FarmerTransaction.java:702)
	at java.base/java.util.ArrayList.forEach(ArrayList.java:1511)
... Removed 29 stack frames</pre></div><a href='#' onClick='toggleBox("stack-trace1591063329", this, "Click to show all stack frames", "Click to hide stack frames")'>Click to show all stack frames</a>
<div class='stack-trace' id='stack-trace1591063329'><pre>java.lang.AssertionError: null
	at org.testng.Assert.fail(Assert.java:99)
	at org.testng.Assert.fail(Assert.java:106)
	at script.FarmerTransaction.saveInvoiceNumber(FarmerTransaction.java:702)
	at java.base/jdk.internal.reflect.NativeMethodAccessorImpl.invoke0(Native Method)
	at java.base/jdk.internal.reflect.NativeMethodAccessorImpl.invoke(NativeMethodAccessorImpl.java:64)
	at java.base/jdk.internal.reflect.DelegatingMethodAccessorImpl.invoke(DelegatingMethodAccessorImpl.java:43)
	at java.base/java.lang.reflect.Method.invoke(Method.java:564)
	at org.testng.internal.MethodInvocationHelper.invokeMethod(MethodInvocationHelper.java:133)
	at org.testng.internal.TestInvoker.invokeMethod(TestInvoker.java:598)
	at org.testng.internal.TestInvoker.invokeTestMethod(TestInvoker.java:173)
	at org.testng.internal.MethodRunner.runInSequence(MethodRunner.java:46)
	at org.testng.internal.TestInvoker$MethodInvocationAgent.invoke(TestInvoker.java:824)
	at org.testng.internal.TestInvoker.invokeTestMethods(TestInvoker.java:146)
	at org.testng.internal.TestMethodWorker.invokeTestMethods(TestMethodWorker.java:146)
	at org.testng.internal.TestMethodWorker.run(TestMethodWorker.java:128)
	at java.base/java.util.ArrayList.forEach(ArrayList.java:1511)
	at org.testng.TestRunner.privateRun(TestRunner.java:794)
	at org.testng.TestRunner.run(TestRunner.java:596)
	at org.testng.SuiteRunner.runTest(SuiteRunner.java:377)
	at org.testng.SuiteRunner.runSequentially(SuiteRunner.java:371)
	at org.testng.SuiteRunner.privateRun(SuiteRunner.java:332)
	at org.testng.SuiteRunner.run(SuiteRunner.java:276)
	at org.testng.SuiteRunnerWorker.runSuite(SuiteRunnerWorker.java:53)
	at org.testng.SuiteRunnerWorker.run(SuiteRunnerWorker.java:96)
	at org.testng.TestNG.runSuitesSequentially(TestNG.java:1212)
	at org.testng.TestNG.runSuitesLocally(TestNG.java:1134)
	at org.testng.TestNG.runSuites(TestNG.java:1063)
	at org.testng.TestNG.run(TestNG.java:1031)
	at org.testng.remote.AbstractRemoteTestNG.run(AbstractRemoteTestNG.java:115)
	at org.testng.remote.RemoteTestNG.initAndRun(RemoteTestNG.java:251)
	at org.testng.remote.RemoteTestNG.main(RemoteTestNG.java:77)
</pre></div></td>
<td>21</td>
<td>script.FarmerTransaction@470734c3</td></tr>
<tr>
<td title='script.FarmerTransaction.assignLoad()'><b>assignLoad</b><br>Test class: script.FarmerTransaction<br>Test method: Validate assign load<br/>
<a href="#Output-841118229" onClick='toggleBox("Output-841118229", this, "Show output", "Hide output");'>Show output</a>

<a href="#Output-841118229" onClick="toggleAllBoxes();">Show all outputs</a>
<div class='log' id="Output-841118229">
no such element: Unable to locate element: {"method":"xpath","selector":"//div[text()='Assign Qty should be equal to Farmer qty.']"}
  (Session info: chrome=103.0.5060.134)
For documentation on this error, please visit: https://www.seleniumhq.org/exceptions/no_such_element.html
Build info: version: '3.141.59', revision: 'e82be7d358', time: '2018-11-14T08:25:48'
System info: host: 'INBNRMARITA', ip: '172.27.1.217', os.name: 'Windows 10', os.arch: 'amd64', os.version: '10.0', java.version: '15.0.2'
Driver info: org.openqa.selenium.chrome.ChromeDriver
Capabilities {acceptInsecureCerts: false, browserName: chrome, browserVersion: 103.0.5060.134, chrome: {chromedriverVersion: 103.0.5060.53 (a1711811edd7..., userDataDir: C:\Users\5028\AppData\Local...}, goog:chromeOptions: {debuggerAddress: localhost:56712}, javascriptEnabled: true, networkConnectionEnabled: false, pageLoadStrategy: normal, platform: WINDOWS, platformName: WINDOWS, proxy: Proxy(), setWindowRect: true, strictFileInteractability: false, timeouts: {implicit: 0, pageLoad: 300000, script: 30000}, unhandledPromptBehavior: dismiss and notify, webauthn:extension:credBlob: true, webauthn:extension:largeBlob: true, webauthn:virtualAuthenticators: true}
Session ID: 30be395ce31427db5a43b26805f23d35
*** Element info: {Using=xpath, value=//div[text()='Assign Qty should be equal to Farmer qty.']}<br/>
</div>
</td>
<td><div><pre>java.lang.AssertionError: null
	at script.FarmerTransaction.assignLoad(FarmerTransaction.java:683)
	at java.base/java.util.ArrayList.forEach(ArrayList.java:1511)
... Removed 29 stack frames</pre></div><a href='#' onClick='toggleBox("stack-trace841118229", this, "Click to show all stack frames", "Click to hide stack frames")'>Click to show all stack frames</a>
<div class='stack-trace' id='stack-trace841118229'><pre>java.lang.AssertionError: null
	at org.testng.Assert.fail(Assert.java:99)
	at org.testng.Assert.fail(Assert.java:106)
	at script.FarmerTransaction.assignLoad(FarmerTransaction.java:683)
	at java.base/jdk.internal.reflect.NativeMethodAccessorImpl.invoke0(Native Method)
	at java.base/jdk.internal.reflect.NativeMethodAccessorImpl.invoke(NativeMethodAccessorImpl.java:64)
	at java.base/jdk.internal.reflect.DelegatingMethodAccessorImpl.invoke(DelegatingMethodAccessorImpl.java:43)
	at java.base/java.lang.reflect.Method.invoke(Method.java:564)
	at org.testng.internal.MethodInvocationHelper.invokeMethod(MethodInvocationHelper.java:133)
	at org.testng.internal.TestInvoker.invokeMethod(TestInvoker.java:598)
	at org.testng.internal.TestInvoker.invokeTestMethod(TestInvoker.java:173)
	at org.testng.internal.MethodRunner.runInSequence(MethodRunner.java:46)
	at org.testng.internal.TestInvoker$MethodInvocationAgent.invoke(TestInvoker.java:824)
	at org.testng.internal.TestInvoker.invokeTestMethods(TestInvoker.java:146)
	at org.testng.internal.TestMethodWorker.invokeTestMethods(TestMethodWorker.java:146)
	at org.testng.internal.TestMethodWorker.run(TestMethodWorker.java:128)
	at java.base/java.util.ArrayList.forEach(ArrayList.java:1511)
	at org.testng.TestRunner.privateRun(TestRunner.java:794)
	at org.testng.TestRunner.run(TestRunner.java:596)
	at org.testng.SuiteRunner.runTest(SuiteRunner.java:377)
	at org.testng.SuiteRunner.runSequentially(SuiteRunner.java:371)
	at org.testng.SuiteRunner.privateRun(SuiteRunner.java:332)
	at org.testng.SuiteRunner.run(SuiteRunner.java:276)
	at org.testng.SuiteRunnerWorker.runSuite(SuiteRunnerWorker.java:53)
	at org.testng.SuiteRunnerWorker.run(SuiteRunnerWorker.java:96)
	at org.testng.TestNG.runSuitesSequentially(TestNG.java:1212)
	at org.testng.TestNG.runSuitesLocally(TestNG.java:1134)
	at org.testng.TestNG.runSuites(TestNG.java:1063)
	at org.testng.TestNG.run(TestNG.java:1031)
	at org.testng.remote.AbstractRemoteTestNG.run(AbstractRemoteTestNG.java:115)
	at org.testng.remote.RemoteTestNG.initAndRun(RemoteTestNG.java:251)
	at org.testng.remote.RemoteTestNG.main(RemoteTestNG.java:77)
</pre></div></td>
<td>17</td>
<td>script.FarmerTransaction@470734c3</td></tr>
</table><p>
<table width='100%' border='1' class='invocation-passed'>
<tr><td colspan='4' align='center'><b>PASSED TESTS</b></td></tr>
<tr><td><b>Test method</b></td>
<td width="30%"><b>Exception</b></td>
<td width="10%"><b>Time (seconds)</b></td>
<td><b>Instance</b></td>
</tr>
<tr>
<td title='script.FarmerTransaction.enterBasePrice()'><b>enterBasePrice</b><br>Test class: script.FarmerTransaction<br>Test method: Enter base price</td>
<td></td>
<td>0</td>
<td>script.FarmerTransaction@470734c3</td></tr>
<tr>
<td title='script.FarmerTransaction.validateSearchButton()'><b>validateSearchButton</b><br>Test class: script.FarmerTransaction<br>Test method: Validate search button<br/>
<a href="#Output-1865539378" onClick='toggleBox("Output-1865539378", this, "Show output", "Hide output");'>Show output</a>

<a href="#Output-1865539378" onClick="toggleAllBoxes();">Show all outputs</a>
<div class='log' id="Output-1865539378">
no such element: Unable to locate element: {"method":"xpath","selector":"//div[text()=' Select State']"}
  (Session info: chrome=103.0.5060.134)
For documentation on this error, please visit: https://www.seleniumhq.org/exceptions/no_such_element.html
Build info: version: '3.141.59', revision: 'e82be7d358', time: '2018-11-14T08:25:48'
System info: host: 'INBNRMARITA', ip: '172.27.1.217', os.name: 'Windows 10', os.arch: 'amd64', os.version: '10.0', java.version: '15.0.2'
Driver info: org.openqa.selenium.chrome.ChromeDriver
Capabilities {acceptInsecureCerts: false, browserName: chrome, browserVersion: 103.0.5060.134, chrome: {chromedriverVersion: 103.0.5060.53 (a1711811edd7..., userDataDir: C:\Users\5028\AppData\Local...}, goog:chromeOptions: {debuggerAddress: localhost:56712}, javascriptEnabled: true, networkConnectionEnabled: false, pageLoadStrategy: normal, platform: WINDOWS, platformName: WINDOWS, proxy: Proxy(), setWindowRect: true, strictFileInteractability: false, timeouts: {implicit: 0, pageLoad: 300000, script: 30000}, unhandledPromptBehavior: dismiss and notify, webauthn:extension:credBlob: true, webauthn:extension:largeBlob: true, webauthn:virtualAuthenticators: true}
Session ID: 30be395ce31427db5a43b26805f23d35
*** Element info: {Using=xpath, value=//div[text()=' Select State']}<br/>
</div>
</td>
<td></td>
<td>15</td>
<td>script.FarmerTransaction@470734c3</td></tr>
<tr>
<td title='script.FarmerTransaction.validateAddCropBtn()'><b>validateAddCropBtn</b><br>Test class: script.FarmerTransaction<br>Test method: Validating add crop button</td>
<td></td>
<td>1</td>
<td>script.FarmerTransaction@470734c3</td></tr>
<tr>
<td title='script.FarmerTransaction.enterQuantity()'><b>enterQuantity</b><br>Test class: script.FarmerTransaction<br>Test method: Enter quantity</td>
<td></td>
<td>0</td>
<td>script.FarmerTransaction@470734c3</td></tr>
<tr>
<td title='script.FarmerTransaction.enterSoot()'><b>enterSoot</b><br>Test class: script.FarmerTransaction<br>Test method: Enter soot</td>
<td></td>
<td>1</td>
<td>script.FarmerTransaction@470734c3</td></tr>
<tr>
<td title='script.FarmerTransaction.validateUnits()'><b>validateUnits</b><br>Test class: script.FarmerTransaction<br>Test method: Validatios for units field</td>
<td></td>
<td>2</td>
<td>script.FarmerTransaction@470734c3</td></tr>
<tr>
<td title='script.FarmerTransaction.addMisc()'><b>addMisc</b><br>Test class: script.FarmerTransaction<br>Test method: Add miscellaneous charges</td>
<td></td>
<td>3</td>
<td>script.FarmerTransaction@470734c3</td></tr>
<tr>
<td title='script.FarmerTransaction.userDetails()'><b>userDetails</b><br>Test class: script.FarmerTransaction<br>Test method: Verify the Load Id present in user load details</td>
<td></td>
<td>2</td>
<td>script.FarmerTransaction@470734c3</td></tr>
<tr>
<td title='script.FarmerTransaction.enterPhoneNumber()'><b>enterPhoneNumber</b><br>Test class: script.FarmerTransaction<br>Test method: Enter phone number</td>
<td></td>
<td>24</td>
<td>script.FarmerTransaction@470734c3</td></tr>
<tr>
<td title='script.FarmerTransaction.farmerLinkValidation()'><b>farmerLinkValidation</b><br>Test class: script.FarmerTransaction<br>Test method: Register new farmer, link validation</td>
<td></td>
<td>7</td>
<td>script.FarmerTransaction@470734c3</td></tr>
<tr>
<td title='script.FarmerTransaction.validateGrade()'><b>validateGrade</b><br>Test class: script.FarmerTransaction<br>Test method: Validatios for grade field</td>
<td></td>
<td>0</td>
<td>script.FarmerTransaction@470734c3</td></tr>
<tr>
<td title='script.FarmerTransaction.transaction()'><b>transaction</b><br>Test class: script.FarmerTransaction<br>Test method: Validate Invoice Success Toast Message</td>
<td></td>
<td>0</td>
<td>script.FarmerTransaction@470734c3</td></tr>
<tr>
<td title='script.FarmerTransaction.ValidateCropName()'><b>ValidateCropName</b><br>Test class: script.FarmerTransaction<br>Test method: Validatios for crop name field</td>
<td></td>
<td>2</td>
<td>script.FarmerTransaction@470734c3</td></tr>
<tr>
<td title='script.FarmerTransaction.addCrop()'><b>addCrop</b><br>Test class: script.FarmerTransaction<br>Test method: Validate crop added successfully toast message</td>
<td></td>
<td>0</td>
<td>script.FarmerTransaction@470734c3</td></tr>
<tr>
<td title='script.FarmerTransaction.validateCategory()'><b>validateCategory</b><br>Test class: script.FarmerTransaction<br>Test method: Validatios for category field</td>
<td></td>
<td>2</td>
<td>script.FarmerTransaction@470734c3</td></tr>
<tr>
<td title='script.FarmerTransaction.invoice()'><b>invoice</b><br>Test class: script.FarmerTransaction<br>Test method: Confirm bank by giving Payment date</td>
<td></td>
<td>12</td>
<td>script.FarmerTransaction@470734c3</td></tr>
</table><p>
</body>
</html>