<?xml version="1.0" encoding="UTF-8"?>
<!-- Generated by org.testng.reporters.JUnitXMLReporter -->
<testsuite ignored="4" hostname="INBNRMARITA" failures="1" tests="2" name="Admin- Paymemt Close" time="29.947" errors="0" timestamp="2022-07-22T11:00:01 IST">
  <testcase classname="script.NewAdminPaymentCloseConsumer" name="dateFilter" time="12.436"/>
  <testcase classname="script.NewAdminPaymentCloseConsumer" name="closePayments" time="10.052">
    <failure type="java.lang.AssertionError" message="null">
      <![CDATA[java.lang.AssertionError: null
at script.NewAdminPaymentCloseConsumer.closePayments(NewAdminPaymentCloseConsumer.java:126)
at java.base/java.util.ArrayList.forEach(ArrayList.java:1511)
... Removed 29 stack frames]]>
    </failure>
  </testcase> <!-- closePayments -->
  <testcase classname="script.NewAdminPaymentCloseConsumer" name="downloadButton" time="0.0">
    <ignored/>
  </testcase> <!-- downloadButton -->
  <testcase classname="script.NewAdminPaymentCloseConsumer" name="resetButton" time="0.0">
    <ignored/>
  </testcase> <!-- resetButton -->
  <testcase classname="script.NewAdminPaymentCloseConsumer" name="invoiceDownloadOptionPending" time="0.0">
    <ignored/>
  </testcase> <!-- invoiceDownloadOptionPending -->
  <testcase classname="script.NewAdminPaymentCloseConsumer" name="searchButton" time="0.0">
    <ignored/>
  </testcase> <!-- searchButton -->
</testsuite> <!-- Admin- Paymemt Close -->
