<?xml version="1.0" encoding="UTF-8"?>
<!-- Generated by org.testng.reporters.JUnitXMLReporter -->
<testsuite ignored="7" hostname="INBNRMARITA" failures="1" tests="4" name="Admin- DSC Payments" time="37.158" errors="0" timestamp="2022-07-22T10:58:21 IST">
  <testcase classname="script.AdminDSCPayments" name="dateFilterFarmerPayments" time="6.36"/>
  <testcase classname="script.AdminDSCPayments" name="approvePayments" time="13.526">
    <failure type="java.lang.AssertionError" message="null">
      <![CDATA[java.lang.AssertionError: null
at script.AdminDSCPayments.approvePayments(AdminDSCPayments.java:139)
at java.base/java.util.ArrayList.forEach(ArrayList.java:1511)
... Removed 29 stack frames]]>
    </failure>
  </testcase> <!-- approvePayments -->
  <testcase classname="script.AdminDSCPayments" name="dateFilterTransportPayments" time="1.361"/>
  <testcase classname="script.AdminDSCPayments" name="transportPayments" time="8.921"/>
  <testcase classname="script.AdminDSCPayments" name="resetButtonTransport" time="0.0">
    <ignored/>
  </testcase> <!-- resetButtonTransport -->
  <testcase classname="script.AdminDSCPayments" name="totalPriceCalculation" time="0.0">
    <ignored/>
  </testcase> <!-- totalPriceCalculation -->
  <testcase classname="script.AdminDSCPayments" name="invoiceDownloadOptionPending" time="0.0">
    <ignored/>
  </testcase> <!-- invoiceDownloadOptionPending -->
  <testcase classname="script.AdminDSCPayments" name="searchButton" time="0.0">
    <ignored/>
  </testcase> <!-- searchButton -->
  <testcase classname="script.AdminDSCPayments" name="resetButton" time="0.0">
    <ignored/>
  </testcase> <!-- resetButton -->
  <testcase classname="script.AdminDSCPayments" name="invoiceDownloadOptionApproved" time="0.0">
    <ignored/>
  </testcase> <!-- invoiceDownloadOptionApproved -->
  <testcase classname="script.AdminDSCPayments" name="searchButtonTransport" time="0.0">
    <ignored/>
  </testcase> <!-- searchButtonTransport -->
</testsuite> <!-- Admin- DSC Payments -->
