<?xml version="1.0" encoding="UTF-8"?>
<!-- Generated by org.testng.reporters.JUnitXMLReporter -->
<testsuite ignored="17" hostname="INBNRMARITA" failures="13" tests="16" name="Admin- Load creation" time="60.559" errors="0" timestamp="2022-07-25T16:12:33 IST">
  <testcase classname="script.LoadCreation" name="poApproval" time="22.573"/>
  <testcase classname="script.LoadCreation" name="buyerLinkValidation" time="4.679"/>
  <testcase classname="script.LoadCreation" name="enterPhoneNumber" time="4.747"/>
  <testcase classname="script.LoadCreation" name="validateCropName" time="1.04">
    <failure type="java.lang.AssertionError" message="null">
      <![CDATA[java.lang.AssertionError: null
at script.LoadCreation.validateCropName(LoadCreation.java:233)
at java.base/java.util.ArrayList.forEach(ArrayList.java:1511)
... Removed 29 stack frames]]>
    </failure>
  </testcase> <!-- validateCropName -->
  <testcase classname="script.LoadCreation" name="validatePoId" time="0.063">
    <failure type="org.openqa.selenium.NoSuchElementException" message="no such element: Unable to locate element: {&amp;quot;method&amp;quot;:&amp;quot;css selector&amp;quot;,&amp;quot;selector&amp;quot;:&amp;quot;#generateloadId&amp;quot;}
  (Session info: headless chrome=103.0.5060.134)
For documentation on this error, please visit: https://www.seleniumhq.org/exceptions/no_such_element.html
Build info: version: &amp;apos;3.141.59&amp;apos;, revision: &amp;apos;e82be7d358&amp;apos;, time: &amp;apos;2018-11-14T08:25:48&amp;apos;
System info: host: &amp;apos;INBNRMARITA&amp;apos;, ip: &amp;apos;172.27.1.56&amp;apos;, os.name: &amp;apos;Windows 10&amp;apos;, os.arch: &amp;apos;amd64&amp;apos;, os.version: &amp;apos;10.0&amp;apos;, java.version: &amp;apos;15.0.2&amp;apos;
Driver info: org.openqa.selenium.chrome.ChromeDriver
Capabilities {acceptInsecureCerts: false, browserName: chrome, browserVersion: 103.0.5060.134, chrome: {chromedriverVersion: 103.0.5060.53 (a1711811edd7..., userDataDir: C:\Users\5028\AppData\Local...}, goog:chromeOptions: {debuggerAddress: localhost:53970}, javascriptEnabled: true, networkConnectionEnabled: false, pageLoadStrategy: normal, platform: WINDOWS, platformName: WINDOWS, proxy: Proxy(), setWindowRect: true, strictFileInteractability: false, timeouts: {implicit: 0, pageLoad: 300000, script: 30000}, unhandledPromptBehavior: dismiss and notify, webauthn:extension:credBlob: true, webauthn:extension:largeBlob: true, webauthn:virtualAuthenticators: true}
Session ID: 25c706615683c546152c4f09d5d78305
*** Element info: {Using=id, value=generateloadId}">
      <![CDATA[org.openqa.selenium.NoSuchElementException: no such element: Unable to locate element: {"method":"css selector","selector":"#generateloadId"}
  (Session info: headless chrome=103.0.5060.134)
For documentation on this error, please visit: https://www.seleniumhq.org/exceptions/no_such_element.html
Build info: version: '3.141.59', revision: 'e82be7d358', time: '2018-11-14T08:25:48'
System info: host: 'INBNRMARITA', ip: '172.27.1.56', os.name: 'Windows 10', os.arch: 'amd64', os.version: '10.0', java.version: '15.0.2'
Driver info: org.openqa.selenium.chrome.ChromeDriver
Capabilities {acceptInsecureCerts: false, browserName: chrome, browserVersion: 103.0.5060.134, chrome: {chromedriverVersion: 103.0.5060.53 (a1711811edd7..., userDataDir: C:\Users\5028\AppData\Local...}, goog:chromeOptions: {debuggerAddress: localhost:53970}, javascriptEnabled: true, networkConnectionEnabled: false, pageLoadStrategy: normal, platform: WINDOWS, platformName: WINDOWS, proxy: Proxy(), setWindowRect: true, strictFileInteractability: false, timeouts: {implicit: 0, pageLoad: 300000, script: 30000}, unhandledPromptBehavior: dismiss and notify, webauthn:extension:credBlob: true, webauthn:extension:largeBlob: true, webauthn:virtualAuthenticators: true}
Session ID: 25c706615683c546152c4f09d5d78305
*** Element info: {Using=id, value=generateloadId}
at org.openqa.selenium.remote.http.W3CHttpResponseCodec.createException(W3CHttpResponseCodec.java:187)
at org.openqa.selenium.remote.http.W3CHttpResponseCodec.decode(W3CHttpResponseCodec.java:122)
at org.openqa.selenium.remote.http.W3CHttpResponseCodec.decode(W3CHttpResponseCodec.java:49)
at org.openqa.selenium.remote.HttpCommandExecutor.execute(HttpCommandExecutor.java:158)
at org.openqa.selenium.remote.service.DriverCommandExecutor.execute(DriverCommandExecutor.java:83)
at org.openqa.selenium.remote.RemoteWebDriver.execute(RemoteWebDriver.java:552)
at org.openqa.selenium.remote.RemoteWebDriver.findElement(RemoteWebDriver.java:323)
at org.openqa.selenium.remote.RemoteWebDriver.findElementById(RemoteWebDriver.java:372)
at org.openqa.selenium.By$ById.findElement(By.java:188)
at org.openqa.selenium.remote.RemoteWebDriver.findElement(RemoteWebDriver.java:315)
at org.openqa.selenium.support.pagefactory.DefaultElementLocator.findElement(DefaultElementLocator.java:69)
at org.openqa.selenium.support.pagefactory.internal.LocatingElementHandler.invoke(LocatingElementHandler.java:38)
at com.sun.proxy.$Proxy14.click(Unknown Source)
at pom.LoadCreationPage.generateLoadId(LoadCreationPage.java:223)
at script.LoadCreation.validatePoId(LoadCreation.java:240)
at java.base/java.util.ArrayList.forEach(ArrayList.java:1511)
... Removed 32 stack frames]]>
    </failure>
  </testcase> <!-- validatePoId -->
  <testcase classname="script.LoadCreation" name="validateUnits" time="0.032">
    <failure type="java.lang.AssertionError" message="null">
      <![CDATA[java.lang.AssertionError: null
at script.LoadCreation.validateUnits(LoadCreation.java:320)
at java.base/java.util.ArrayList.forEach(ArrayList.java:1511)
... Removed 29 stack frames]]>
    </failure>
  </testcase> <!-- validateUnits -->
  <testcase classname="script.LoadCreation" name="enterQuantity" time="0.024">
    <failure type="java.lang.AssertionError" message="null">
      <![CDATA[java.lang.AssertionError: null
at script.LoadCreation.enterQuantity(LoadCreation.java:348)
at java.base/java.util.ArrayList.forEach(ArrayList.java:1511)
... Removed 29 stack frames]]>
    </failure>
  </testcase> <!-- enterQuantity -->
  <testcase classname="script.LoadCreation" name="generateLoadIdButton" time="0.028">
    <failure type="java.lang.AssertionError" message="null">
      <![CDATA[java.lang.AssertionError: null
at script.LoadCreation.generateLoadIdButton(LoadCreation.java:365)
at java.base/java.util.ArrayList.forEach(ArrayList.java:1511)
... Removed 29 stack frames]]>
    </failure>
  </testcase> <!-- generateLoadIdButton -->
  <testcase classname="script.LoadCreation" name="captureLoadId" time="0.055">
    <failure type="java.lang.AssertionError" message="null">
      <![CDATA[java.lang.AssertionError: null
at script.LoadCreation.captureLoadId(LoadCreation.java:395)
at java.base/java.util.ArrayList.forEach(ArrayList.java:1511)
... Removed 29 stack frames]]>
    </failure>
  </testcase> <!-- captureLoadId -->
  <testcase classname="script.LoadCreation" name="validateLogisticsPhNo" time="0.028">
    <failure type="java.lang.AssertionError" message="null">
      <![CDATA[java.lang.AssertionError: null
at script.LoadCreation.validateLogisticsPhNo(LoadCreation.java:450)
at java.base/java.util.ArrayList.forEach(ArrayList.java:1511)
... Removed 29 stack frames]]>
    </failure>
  </testcase> <!-- validateLogisticsPhNo -->
  <testcase classname="script.LoadCreation" name="enterDriverName" time="0.068">
    <failure type="java.lang.AssertionError" message="null">
      <![CDATA[java.lang.AssertionError: null
at script.LoadCreation.enterDriverName(LoadCreation.java:497)
at java.base/java.util.ArrayList.forEach(ArrayList.java:1511)
... Removed 29 stack frames]]>
    </failure>
  </testcase> <!-- enterDriverName -->
  <testcase classname="script.LoadCreation" name="enterDriverNumber" time="0.066">
    <failure type="java.lang.AssertionError" message="null">
      <![CDATA[java.lang.AssertionError: null
at script.LoadCreation.enterDriverNumber(LoadCreation.java:527)
at java.base/java.util.ArrayList.forEach(ArrayList.java:1511)
... Removed 29 stack frames]]>
    </failure>
  </testcase> <!-- enterDriverNumber -->
  <testcase classname="script.LoadCreation" name="enterLicenceNumber" time="0.069">
    <failure type="java.lang.AssertionError" message="null">
      <![CDATA[java.lang.AssertionError: null
at script.LoadCreation.enterLicenceNumber(LoadCreation.java:557)
at java.base/java.util.ArrayList.forEach(ArrayList.java:1511)
... Removed 29 stack frames]]>
    </failure>
  </testcase> <!-- enterLicenceNumber -->
  <testcase classname="script.LoadCreation" name="enterVehicleNumber" time="0.087">
    <failure type="java.lang.AssertionError" message="null">
      <![CDATA[java.lang.AssertionError: null
at script.LoadCreation.enterVehicleNumber(LoadCreation.java:587)
at java.base/java.util.ArrayList.forEach(ArrayList.java:1511)
... Removed 29 stack frames]]>
    </failure>
  </testcase> <!-- enterVehicleNumber -->
  <testcase classname="script.LoadCreation" name="advanceAmount" time="0.032">
    <failure type="java.lang.AssertionError" message="null">
      <![CDATA[java.lang.AssertionError: null
at script.LoadCreation.advanceAmount(LoadCreation.java:603)
at java.base/java.util.ArrayList.forEach(ArrayList.java:1511)
... Removed 29 stack frames]]>
    </failure>
  </testcase> <!-- advanceAmount -->
  <testcase classname="script.LoadCreation" name="createLoad" time="20.334">
    <failure type="java.lang.AssertionError" message="null">
      <![CDATA[java.lang.AssertionError: null
at script.LoadCreation.createLoad(LoadCreation.java:634)
at java.base/java.util.ArrayList.forEach(ArrayList.java:1511)
... Removed 29 stack frames]]>
    </failure>
  </testcase> <!-- createLoad -->
  <testcase classname="script.LoadCreation" name="validateQtyExceed" time="0.0">
    <ignored/>
  </testcase> <!-- validateQtyExceed -->
  <testcase classname="script.LoadCreation" name="validatePhoneNumber" time="0.0">
    <ignored/>
  </testcase> <!-- validatePhoneNumber -->
  <testcase classname="script.LoadCreation" name="validateSearchButton" time="0.0">
    <ignored/>
  </testcase> <!-- validateSearchButton -->
  <testcase classname="script.LoadCreation" name="buyerOnboardingPage" time="0.0">
    <ignored/>
  </testcase> <!-- buyerOnboardingPage -->
  <testcase classname="script.LoadCreation" name="verifyCancelButton" time="0.0">
    <ignored/>
  </testcase> <!-- verifyCancelButton -->
  <testcase classname="script.LoadCreation" name="validateDriverName" time="0.0">
    <ignored/>
  </testcase> <!-- validateDriverName -->
  <testcase classname="script.LoadCreation" name="validateLoadQty" time="0.0">
    <ignored/>
  </testcase> <!-- validateLoadQty -->
  <testcase classname="script.LoadCreation" name="searchButton" time="0.0">
    <ignored/>
  </testcase> <!-- searchButton -->
  <testcase classname="script.LoadCreation" name="logisticsLinkValidation" time="0.0">
    <ignored/>
  </testcase> <!-- logisticsLinkValidation -->
  <testcase classname="script.LoadCreation" name="logisticsUserCardValidation" time="0.0">
    <ignored/>
  </testcase> <!-- logisticsUserCardValidation -->
  <testcase classname="script.LoadCreation" name="validateVehicleNumber" time="0.0">
    <ignored/>
  </testcase> <!-- validateVehicleNumber -->
  <testcase classname="script.LoadCreation" name="createButton" time="0.0">
    <ignored/>
  </testcase> <!-- createButton -->
  <testcase classname="script.LoadCreation" name="validateDriverPhNo" time="0.0">
    <ignored/>
  </testcase> <!-- validateDriverPhNo -->
  <testcase classname="script.LoadCreation" name="buyerNameValidation" time="0.0">
    <ignored/>
  </testcase> <!-- buyerNameValidation -->
  <testcase classname="script.LoadCreation" name="editDeleteValidation" time="0.0">
    <ignored/>
  </testcase> <!-- editDeleteValidation -->
  <testcase classname="script.LoadCreation" name="validateLicenceNumber" time="0.0">
    <ignored/>
  </testcase> <!-- validateLicenceNumber -->
  <testcase classname="script.LoadCreation" name="editPopup" time="0.0">
    <ignored/>
  </testcase> <!-- editPopup -->
</testsuite> <!-- Admin- Load creation -->
