<?xml version="1.0" encoding="UTF-8"?>
<!-- Generated by org.testng.reporters.JUnitXMLReporter -->
<testsuite ignored="0" hostname="INBNRMARITA" failures="1" tests="4" name="Admin Transport Payments" time="31.298" errors="0" timestamp="2023-05-26T17:37:01 IST">
  <testcase classname="script.GodownAdminTransPayments" name="dateFilterTransportPayments" time="7.732"/>
  <testcase classname="script.GodownAdminTransPayments" name="searchButton" time="1.471"/>
  <testcase classname="script.GodownAdminTransPayments" name="resetButton" time="1.055"/>
  <testcase classname="script.GodownAdminTransPayments" name="transportPayments" time="3.939">
    <failure type="java.lang.AssertionError" message="null">
      <![CDATA[java.lang.AssertionError: null
at script.GodownAdminTransPayments.transportPayments(GodownAdminTransPayments.java:79)
at java.base/java.util.ArrayList.forEach(ArrayList.java:1511)
... Removed 29 stack frames]]>
    </failure>
  </testcase> <!-- transportPayments -->
</testsuite> <!-- Admin Transport Payments -->
