<?xml version="1.0" encoding="UTF-8"?>
<!-- Generated by org.testng.reporters.JUnitXMLReporter -->
<testsuite ignored="0" hostname="INBNRMARITA" failures="1" tests="8" name="Godown Admin Payments" time="33.592" errors="0" timestamp="2023-05-26T17:28:07 IST">
  <testcase classname="script.GodownFarmerPayments" name="dateFilterFarmerPayments" time="9.133"/>
  <testcase classname="script.GodownFarmerPayments" name="searchButton" time="0.063"/>
  <testcase classname="script.GodownFarmerPayments" name="resetButton" time="0.054"/>
  <testcase classname="script.GodownFarmerPayments" name="approvePayments" time="2.826"/>
  <testcase classname="script.GodownFarmerPayments" name="dateFilterTransportPayments" time="4.582"/>
  <testcase classname="script.GodownFarmerPayments" name="searchButtonTransport" time="0.052"/>
  <testcase classname="script.GodownFarmerPayments" name="resetButtonTransport" time="0.108"/>
  <testcase classname="script.GodownFarmerPayments" name="transportPayments" time="5.717">
    <failure type="java.lang.AssertionError" message="null">
      <![CDATA[java.lang.AssertionError: null
at script.GodownFarmerPayments.transportPayments(GodownFarmerPayments.java:166)
at java.base/java.util.ArrayList.forEach(ArrayList.java:1511)
... Removed 29 stack frames]]>
    </failure>
  </testcase> <!-- transportPayments -->
</testsuite> <!-- Godown Admin Payments -->
