<?xml version="1.0" encoding="UTF-8"?>
<!-- Generated by org.testng.reporters.JUnitXMLReporter -->
<testsuite ignored="0" hostname="INBNRMARITA" failures="1" tests="6" name="Adjust Reimbursement By Verifier" time="43.82" errors="0" timestamp="2023-05-11T15:41:02 IST">
  <testcase classname="script.AdjustReimbursementByVerifier" name="validatePendingReimbursement" time="9.55">
    <failure type="java.lang.AssertionError" message="The following asserts failed:
	expected [714] but found [₹714]">
      <![CDATA[java.lang.AssertionError: The following asserts failed:
expected [714] but found [₹714]
at script.AdjustReimbursementByVerifier.validatePendingReimbursement(AdjustReimbursementByVerifier.java:36)
at java.base/java.util.ArrayList.forEach(ArrayList.java:1511)
... Removed 30 stack frames]]>
    </failure>
  </testcase> <!-- validatePendingReimbursement -->
  <testcase classname="script.AdjustReimbursementByVerifier" name="validateReasonField" time="7.549"/>
  <testcase classname="script.AdjustReimbursementByVerifier" name="validateSelectReimTypeField" time="2.541"/>
  <testcase classname="script.AdjustReimbursementByVerifier" name="validatePartialPaymentError" time="7.733"/>
  <testcase classname="script.AdjustReimbursementByVerifier" name="validateReimbursementPopup" time="1.432"/>
  <testcase classname="script.AdjustReimbursementByVerifier" name="validateReimStatusAndRemarks" time="4.725"/>
</testsuite> <!-- Adjust Reimbursement By Verifier -->
