<?xml version="1.0" encoding="UTF-8"?>
<!-- Generated by org.testng.reporters.JUnitXMLReporter -->
<testsuite ignored="0" hostname="INBNRMARITA" failures="7" tests="7" name="Advance Approve By Verifier" time="254.089" errors="0" timestamp="2023-05-29T16:10:17 IST">
  <testcase classname="script.AdvanceApproveByVerifier" name="validatePageHeading" time="0.0">
    <failure type="org.testng.TestNGException" message="
Cannot inject @Test annotated Method [validatePageHeading] with [class java.lang.String].
For more information on native dependency injection please refer to https://testng.org/doc/documentation-main.html#native-dependency-injection">
      <![CDATA[org.testng.TestNGException: 
Cannot inject @Test annotated Method [validatePageHeading] with [class java.lang.String].
For more information on native dependency injection please refer to https://testng.org/doc/documentation-main.html#native-dependency-injection
at java.base/java.util.ArrayList.forEach(ArrayList.java:1511)
... Removed 27 stack frames]]>
    </failure>
  </testcase> <!-- validatePageHeading -->
  <testcase classname="script.AdvanceApproveByVerifier" name="searchButton" time="60.388">
    <failure type="java.lang.AssertionError" message="null">
      <![CDATA[java.lang.AssertionError: null
at script.AdvanceApproveByVerifier.searchButton(AdvanceApproveByVerifier.java:49)
at java.base/java.util.ArrayList.forEach(ArrayList.java:1511)
... Removed 30 stack frames]]>
    </failure>
  </testcase> <!-- searchButton -->
  <testcase classname="script.AdvanceApproveByVerifier" name="resetButton" time="60.449">
    <failure type="java.lang.AssertionError" message="null">
      <![CDATA[java.lang.AssertionError: null
at script.AdvanceApproveByVerifier.resetButton(AdvanceApproveByVerifier.java:65)
at java.base/java.util.ArrayList.forEach(ArrayList.java:1511)
... Removed 30 stack frames]]>
    </failure>
  </testcase> <!-- resetButton -->
  <testcase classname="script.AdvanceApproveByVerifier" name="refreshButton" time="60.46">
    <failure type="java.lang.AssertionError" message="null">
      <![CDATA[java.lang.AssertionError: null
at script.AdvanceApproveByVerifier.refreshButton(AdvanceApproveByVerifier.java:81)
at java.base/java.util.ArrayList.forEach(ArrayList.java:1511)
... Removed 30 stack frames]]>
    </failure>
  </testcase> <!-- refreshButton -->
  <testcase classname="script.AdvanceApproveByVerifier" name="falcaCenter" time="60.036">
    <failure type="java.lang.AssertionError" message="null">
      <![CDATA[java.lang.AssertionError: null
at script.AdvanceApproveByVerifier.falcaCenter(AdvanceApproveByVerifier.java:94)
at java.base/java.util.ArrayList.forEach(ArrayList.java:1511)
... Removed 30 stack frames]]>
    </failure>
  </testcase> <!-- falcaCenter -->
  <testcase classname="script.AdvanceApproveByVerifier" name="validateNameField" time="0.0">
    <failure type="org.testng.TestNGException" message="
Cannot inject @Test annotated Method [validateNameField] with [class java.lang.String].
For more information on native dependency injection please refer to https://testng.org/doc/documentation-main.html#native-dependency-injection">
      <![CDATA[org.testng.TestNGException: 
Cannot inject @Test annotated Method [validateNameField] with [class java.lang.String].
For more information on native dependency injection please refer to https://testng.org/doc/documentation-main.html#native-dependency-injection
at java.base/java.util.ArrayList.forEach(ArrayList.java:1511)
... Removed 27 stack frames]]>
    </failure>
  </testcase> <!-- validateNameField -->
  <testcase classname="script.AdvanceApproveByVerifier" name="approvePayments" time="5.199">
    <failure type="java.lang.AssertionError" message="null">
      <![CDATA[java.lang.AssertionError: null
at script.AdvanceApproveByVerifier.approvePayments(AdvanceApproveByVerifier.java:159)
at java.base/java.util.ArrayList.forEach(ArrayList.java:1511)
... Removed 30 stack frames]]>
    </failure>
  </testcase> <!-- approvePayments -->
</testsuite> <!-- Advance Approve By Verifier -->
