<?xml version="1.0" encoding="UTF-8"?>
<!-- Generated by org.testng.reporters.JUnitXMLReporter -->
<testsuite ignored="0" hostname="INBNRMARITA" failures="7" tests="7" name="Advance Approve By Approver" time="664.726" errors="0" timestamp="2023-05-29T16:21:22 IST">
  <testcase classname="script.AdvanceApproveByApprover" name="validatePageHeading" time="1.198">
    <failure type="java.lang.AssertionError" message="null">
      <![CDATA[java.lang.AssertionError: null
at script.AdvanceApproveByApprover.validatePageHeading(AdvanceApproveByApprover.java:33)
at java.base/java.util.ArrayList.forEach(ArrayList.java:1511)
... Removed 30 stack frames]]>
    </failure>
  </testcase> <!-- validatePageHeading -->
  <testcase classname="script.AdvanceApproveByApprover" name="searchButton" time="60.45">
    <failure type="java.lang.AssertionError" message="null">
      <![CDATA[java.lang.AssertionError: null
at script.AdvanceApproveByApprover.searchButton(AdvanceApproveByApprover.java:49)
at java.base/java.util.ArrayList.forEach(ArrayList.java:1511)
... Removed 30 stack frames]]>
    </failure>
  </testcase> <!-- searchButton -->
  <testcase classname="script.AdvanceApproveByApprover" name="resetButton" time="60.462">
    <failure type="java.lang.AssertionError" message="null">
      <![CDATA[java.lang.AssertionError: null
at script.AdvanceApproveByApprover.resetButton(AdvanceApproveByApprover.java:65)
at java.base/java.util.ArrayList.forEach(ArrayList.java:1511)
... Removed 30 stack frames]]>
    </failure>
  </testcase> <!-- resetButton -->
  <testcase classname="script.AdvanceApproveByApprover" name="refreshButton" time="60.045">
    <failure type="java.lang.AssertionError" message="null">
      <![CDATA[java.lang.AssertionError: null
at script.AdvanceApproveByApprover.refreshButton(AdvanceApproveByApprover.java:81)
at java.base/java.util.ArrayList.forEach(ArrayList.java:1511)
... Removed 30 stack frames]]>
    </failure>
  </testcase> <!-- refreshButton -->
  <testcase classname="script.AdvanceApproveByApprover" name="falcaCenter" time="60.012">
    <failure type="java.lang.AssertionError" message="null">
      <![CDATA[java.lang.AssertionError: null
at script.AdvanceApproveByApprover.falcaCenter(AdvanceApproveByApprover.java:94)
at java.base/java.util.ArrayList.forEach(ArrayList.java:1511)
... Removed 30 stack frames]]>
    </failure>
  </testcase> <!-- falcaCenter -->
  <testcase classname="script.AdvanceApproveByApprover" name="validateNameField" time="0.0">
    <failure type="org.testng.TestNGException" message="
Cannot inject @Test annotated Method [validateNameField] with [class java.lang.String].
For more information on native dependency injection please refer to https://testng.org/doc/documentation-main.html#native-dependency-injection">
      <![CDATA[org.testng.TestNGException: 
Cannot inject @Test annotated Method [validateNameField] with [class java.lang.String].
For more information on native dependency injection please refer to https://testng.org/doc/documentation-main.html#native-dependency-injection
at java.base/java.util.ArrayList.forEach(ArrayList.java:1511)
... Removed 27 stack frames]]>
    </failure>
  </testcase> <!-- validateNameField -->
  <testcase classname="script.AdvanceApproveByApprover" name="approvePayments" time="414.172">
    <failure type="java.lang.AssertionError" message="null">
      <![CDATA[java.lang.AssertionError: null
at script.AdvanceApproveByApprover.approvePayments(AdvanceApproveByApprover.java:154)
at java.base/java.util.ArrayList.forEach(ArrayList.java:1511)
... Removed 30 stack frames]]>
    </failure>
  </testcase> <!-- approvePayments -->
</testsuite> <!-- Advance Approve By Approver -->
