<?xml version="1.0" encoding="UTF-8"?>
<!-- Generated by org.testng.reporters.JUnitXMLReporter -->
<testsuite ignored="4" hostname="INBNRMARITA" failures="1" tests="1" name="Approver Pending Status" time="21.246" errors="0" timestamp="2023-05-11T15:41:24 IST">
  <testcase classname="script.ReimbursementHistory" name="validateApproverPendingStatus" time="10.667">
    <failure type="java.lang.AssertionError" message="The following asserts failed:
	expected [₹557] but found [557]">
      <![CDATA[java.lang.AssertionError: The following asserts failed:
expected [₹557] but found [557]
at script.ReimbursementHistory.validateApproverPendingStatus(ReimbursementHistory.java:61)
at java.base/java.util.ArrayList.forEach(ArrayList.java:1511)
... Removed 30 stack frames]]>
    </failure>
  </testcase> <!-- validateApproverPendingStatus -->
  <testcase classname="script.ReimbursementHistory" name="validatePendingReimbursement" time="0.0">
    <ignored/>
  </testcase> <!-- validatePendingReimbursement -->
  <testcase classname="script.ReimbursementHistory" name="validateVerifierPendingStatus" time="0.0">
    <ignored/>
  </testcase> <!-- validateVerifierPendingStatus -->
  <testcase classname="script.ReimbursementHistory" name="validateRejectedReimbursement" time="0.0">
    <ignored/>
  </testcase> <!-- validateRejectedReimbursement -->
  <testcase classname="script.ReimbursementHistory" name="validateClosedReimbursement" time="0.0">
    <ignored/>
  </testcase> <!-- validateClosedReimbursement -->
</testsuite> <!-- Approver Pending Status -->
