<?xml version="1.0" encoding="UTF-8"?>
<!-- Generated by org.testng.reporters.JUnitXMLReporter -->
<testsuite ignored="0" hostname="INBNRMARITA" failures="5" tests="5" name="AdvanceApproveByManager" time="6.756" errors="0" timestamp="2023-04-24T14:23:24 IST">
  <testcase classname="script.AdvanceApproveByManager" name="validateGreaterThanRequestedAmountError" time="0.0">
    <failure type="org.testng.TestNGException" message="
Parameter &amp;apos;EmployeePhoneNo&amp;apos; is required by @Test on method validateGreaterThanRequestedAmountError but has not been marked @Optional or defined
in C:\Users\5028\OneDrive - PALC Networks\Documents\D-DriveData\workspace_automation\falca_dsc_automation_web\AdvanceApproveFlow.xml">
      <![CDATA[org.testng.TestNGException: 
Parameter 'EmployeePhoneNo' is required by @Test on method validateGreaterThanRequestedAmountError but has not been marked @Optional or defined
in C:\Users\5028\OneDrive - PALC Networks\Documents\D-DriveData\workspace_automation\falca_dsc_automation_web\AdvanceApproveFlow.xml
at java.base/java.util.ArrayList.forEach(ArrayList.java:1511)
... Removed 27 stack frames]]>
    </failure>
  </testcase> <!-- validateGreaterThanRequestedAmountError -->
  <testcase classname="script.AdvanceApproveByManager" name="validateManagerCanDoPartialPayment" time="0.004">
    <failure type="java.lang.NullPointerException" message="Cannot invoke &amp;quot;pom.AdvanceApprovePage.selectCardAndClickApproveButton(String)&amp;quot; because &amp;quot;this.advanceApprove&amp;quot; is null">
      <![CDATA[java.lang.NullPointerException: Cannot invoke "pom.AdvanceApprovePage.selectCardAndClickApproveButton(String)" because "this.advanceApprove" is null
at script.AdvanceApproveByManager.validateManagerCanDoPartialPayment(AdvanceApproveByManager.java:47)
at java.base/java.util.ArrayList.forEach(ArrayList.java:1511)
... Removed 28 stack frames]]>
    </failure>
  </testcase> <!-- validateManagerCanDoPartialPayment -->
  <testcase classname="script.AdvanceApproveByManager" name="validateNoButtonFunctionality" time="0.806">
    <failure type="org.openqa.selenium.NoSuchElementException" message="no such element: Unable to locate element: {&amp;quot;method&amp;quot;:&amp;quot;css selector&amp;quot;,&amp;quot;selector&amp;quot;:&amp;quot;#ApproveAdvCloseBtn&amp;quot;}
  (Session info: headless chrome=112.0.5615.138)
For documentation on this error, please visit: https://selenium.dev/exceptions/#no_such_element
Build info: version: &amp;apos;4.1.0&amp;apos;, revision: &amp;apos;87802e897b&amp;apos;
System info: host: &amp;apos;INBNRMARITA&amp;apos;, ip: &amp;apos;172.26.1.156&amp;apos;, os.name: &amp;apos;Windows 10&amp;apos;, os.arch: &amp;apos;amd64&amp;apos;, os.version: &amp;apos;10.0&amp;apos;, java.version: &amp;apos;15.0.2&amp;apos;
Driver info: org.openqa.selenium.chrome.ChromeDriver
Command: [a5c37b907f3f3c940f863d97a308f9c4, findElement {using=id, value=ApproveAdvCloseBtn}]
Capabilities {acceptInsecureCerts: false, browserName: chrome, browserVersion: 112.0.5615.138, chrome: {chromedriverVersion: 111.0.5563.64 (c710e93d5b63..., userDataDir: C:\Users\5028\AppData\Local...}, goog:chromeOptions: {debuggerAddress: localhost:55871}, javascriptEnabled: true, networkConnectionEnabled: false, pageLoadStrategy: normal, platform: WINDOWS, platformName: WINDOWS, proxy: Proxy(), se:cdp: ws://localhost:55871/devtoo..., se:cdpVersion: 112.0.5615.138, setWindowRect: true, strictFileInteractability: false, timeouts: {implicit: 0, pageLoad: 300000, script: 30000}, unhandledPromptBehavior: dismiss and notify, webauthn:extension:credBlob: true, webauthn:extension:largeBlob: true, webauthn:extension:minPinLength: true, webauthn:extension:prf: true, webauthn:virtualAuthenticators: true}
Session ID: a5c37b907f3f3c940f863d97a308f9c4">
      <![CDATA[org.openqa.selenium.NoSuchElementException: no such element: Unable to locate element: {"method":"css selector","selector":"#ApproveAdvCloseBtn"}
  (Session info: headless chrome=112.0.5615.138)
For documentation on this error, please visit: https://selenium.dev/exceptions/#no_such_element
Build info: version: '4.1.0', revision: '87802e897b'
System info: host: 'INBNRMARITA', ip: '172.26.1.156', os.name: 'Windows 10', os.arch: 'amd64', os.version: '10.0', java.version: '15.0.2'
Driver info: org.openqa.selenium.chrome.ChromeDriver
Command: [a5c37b907f3f3c940f863d97a308f9c4, findElement {using=id, value=ApproveAdvCloseBtn}]
Capabilities {acceptInsecureCerts: false, browserName: chrome, browserVersion: 112.0.5615.138, chrome: {chromedriverVersion: 111.0.5563.64 (c710e93d5b63..., userDataDir: C:\Users\5028\AppData\Local...}, goog:chromeOptions: {debuggerAddress: localhost:55871}, javascriptEnabled: true, networkConnectionEnabled: false, pageLoadStrategy: normal, platform: WINDOWS, platformName: WINDOWS, proxy: Proxy(), se:cdp: ws://localhost:55871/devtoo..., se:cdpVersion: 112.0.5615.138, setWindowRect: true, strictFileInteractability: false, timeouts: {implicit: 0, pageLoad: 300000, script: 30000}, unhandledPromptBehavior: dismiss and notify, webauthn:extension:credBlob: true, webauthn:extension:largeBlob: true, webauthn:extension:minPinLength: true, webauthn:extension:prf: true, webauthn:virtualAuthenticators: true}
Session ID: a5c37b907f3f3c940f863d97a308f9c4
at org.openqa.selenium.remote.codec.w3c.W3CHttpResponseCodec.createException(W3CHttpResponseCodec.java:200)
at org.openqa.selenium.remote.codec.w3c.W3CHttpResponseCodec.decode(W3CHttpResponseCodec.java:133)
at org.openqa.selenium.remote.codec.w3c.W3CHttpResponseCodec.decode(W3CHttpResponseCodec.java:53)
at org.openqa.selenium.remote.HttpCommandExecutor.execute(HttpCommandExecutor.java:184)
at org.openqa.selenium.remote.service.DriverCommandExecutor.invokeExecute(DriverCommandExecutor.java:164)
at org.openqa.selenium.remote.service.DriverCommandExecutor.execute(DriverCommandExecutor.java:139)
at org.openqa.selenium.remote.RemoteWebDriver.execute(RemoteWebDriver.java:559)
at org.openqa.selenium.remote.ElementLocation$ElementFinder$2.findElement(ElementLocation.java:162)
at org.openqa.selenium.remote.ElementLocation.findElement(ElementLocation.java:60)
at org.openqa.selenium.remote.RemoteWebDriver.findElement(RemoteWebDriver.java:383)
at org.openqa.selenium.remote.RemoteWebDriver.findElement(RemoteWebDriver.java:375)
at script.BaseMethod.click(BaseMethod.java:13)
at script.AdvanceApproveByManager.validateNoButtonFunctionality(AdvanceApproveByManager.java:53)
at java.base/java.util.ArrayList.forEach(ArrayList.java:1511)
... Removed 33 stack frames]]>
    </failure>
  </testcase> <!-- validateNoButtonFunctionality -->
  <testcase classname="script.AdvanceApproveByManager" name="validateRemarksErrorMessage" time="0.001">
    <failure type="java.lang.NullPointerException" message="Cannot invoke &amp;quot;pom.AdvanceApprovePage.selectCardAndClickApproveButton(String)&amp;quot; because &amp;quot;this.advanceApprove&amp;quot; is null">
      <![CDATA[java.lang.NullPointerException: Cannot invoke "pom.AdvanceApprovePage.selectCardAndClickApproveButton(String)" because "this.advanceApprove" is null
at script.AdvanceApproveByManager.validateRemarksErrorMessage(AdvanceApproveByManager.java:61)
at java.base/java.util.ArrayList.forEach(ArrayList.java:1511)
... Removed 28 stack frames]]>
    </failure>
  </testcase> <!-- validateRemarksErrorMessage -->
  <testcase classname="script.AdvanceApproveByManager" name="validateApprovedAdvanceCardDetails" time="0.001">
    <failure type="java.lang.NullPointerException" message="Cannot invoke &amp;quot;pom.AdvanceApprovePage.clickApprovedAdvancetab()&amp;quot; because &amp;quot;this.advanceApprove&amp;quot; is null">
      <![CDATA[java.lang.NullPointerException: Cannot invoke "pom.AdvanceApprovePage.clickApprovedAdvancetab()" because "this.advanceApprove" is null
at script.AdvanceApproveByManager.validateApprovedAdvanceCardDetails(AdvanceApproveByManager.java:74)
at java.base/java.util.ArrayList.forEach(ArrayList.java:1511)
... Removed 28 stack frames]]>
    </failure>
  </testcase> <!-- validateApprovedAdvanceCardDetails -->
</testsuite> <!-- AdvanceApproveByManager -->
