<?xml version="1.0" encoding="UTF-8"?>
<!-- Generated by org.testng.reporters.JUnitXMLReporter -->
<testsuite ignored="0" hostname="INBNRMARITA" failures="1" tests="4" name="ApprovedStatus" time="14.165" errors="0" timestamp="2023-04-24T14:23:38 IST">
  <testcase classname="script.ApprovedStatus" name="validateApprovedAdvancePageTitle" time="3.138"/>
  <testcase classname="script.ApprovedStatus" name="validateNoRecords" time="0.347"/>
  <testcase classname="script.ApprovedStatus" name="validateCommentTextCssValue" time="3.344"/>
  <testcase classname="script.ApprovedStatus" name="validateManagerComment" time="0.211">
    <failure type="java.lang.AssertionError" message="The following asserts failed:
	expected [Invalid Requested Amount DODVR] but found [],
	expected [5730] but found []">
      <![CDATA[java.lang.AssertionError: The following asserts failed:
expected [Invalid Requested Amount DODVR] but found [],
expected [5730] but found []
at script.ApprovedStatus.validateManagerComment(ApprovedStatus.java:72)
at java.base/java.util.ArrayList.forEach(ArrayList.java:1511)
... Removed 30 stack frames]]>
    </failure>
  </testcase> <!-- validateManagerComment -->
</testsuite> <!-- ApprovedStatus -->
