<?xml version="1.0" encoding="UTF-8"?>
<!-- Generated by org.testng.reporters.JUnitXMLReporter -->
<testsuite ignored="0" hostname="INBNRMARITA" failures="1" tests="4" name="Verify Advance CompletedStatus" time="14.986" errors="0" timestamp="2023-04-24T14:25:00 IST">
  <testcase classname="script.VerifyAdvanceCompletedStatus" name="validateApprovedAdvancePageTitle" time="2.27"/>
  <testcase classname="script.VerifyAdvanceCompletedStatus" name="validateNorecords" time="0.07"/>
  <testcase classname="script.VerifyAdvanceCompletedStatus" name="validateTotalSummaryCardDetails" time="3.414"/>
  <testcase classname="script.VerifyAdvanceCompletedStatus" name="validateCompletedPageStatus" time="3.24">
    <failure type="java.lang.AssertionError" message="The following asserts failed:
	expected [Invalid Requested Amount DODVR] but found [],
	expected [5730] but found []">
      <![CDATA[java.lang.AssertionError: The following asserts failed:
expected [Invalid Requested Amount DODVR] but found [],
expected [5730] but found []
at script.VerifyAdvanceCompletedStatus.validateCompletedPageStatus(VerifyAdvanceCompletedStatus.java:89)
at java.base/java.util.ArrayList.forEach(ArrayList.java:1511)
... Removed 30 stack frames]]>
    </failure>
  </testcase> <!-- validateCompletedPageStatus -->
</testsuite> <!-- Verify Advance CompletedStatus -->
