<html>
<head>
<title>TestNG:  Admin- Load Track</title>
<link href="../testng.css" rel="stylesheet" type="text/css" />
<link href="../my-testng.css" rel="stylesheet" type="text/css" />

<style type="text/css">
.log { display: none;} 
.stack-trace { display: none;} 
</style>
<script type="text/javascript">
<!--
function flip(e) {
  current = e.style.display;
  if (current == 'block') {
    e.style.display = 'none';
    return 0;
  }
  else {
    e.style.display = 'block';
    return 1;
  }
}

function toggleBox(szDivId, elem, msg1, msg2)
{
  var res = -1;  if (document.getElementById) {
    res = flip(document.getElementById(szDivId));
  }
  else if (document.all) {
    // this is the way old msie versions work
    res = flip(document.all[szDivId]);
  }
  if(elem) {
    if(res == 0) elem.innerHTML = msg1; else elem.innerHTML = msg2;
  }

}

function toggleAllBoxes() {
  if (document.getElementsByTagName) {
    d = document.getElementsByTagName('div');
    for (i = 0; i < d.length; i++) {
      if (d[i].className == 'log') {
        flip(d[i]);
      }
    }
  }
}

// -->
</script>

</head>
<body>
<h2 align='center'>Admin- Load Track</h2><table border='1' align="center">
<tr>
<td>Tests passed/Failed/Skipped:</td><td>14/3/0</td>
</tr><tr>
<td>Started on:</td><td>Thu Jul 28 13:08:34 IST 2022</td>
</tr>
<tr><td>Total time:</td><td>75 seconds (75069 ms)</td>
</tr><tr>
<td>Included groups:</td><td></td>
</tr><tr>
<td>Excluded groups:</td><td></td>
</tr>
</table><p/>
<small><i>(Hover the method name to see the test class name)</i></small><p/>
<table width='100%' border='1' class='invocation-failed'>
<tr><td colspan='4' align='center'><b>FAILED TESTS</b></td></tr>
<tr><td><b>Test method</b></td>
<td width="30%"><b>Exception</b></td>
<td width="10%"><b>Time (seconds)</b></td>
<td><b>Instance</b></td>
</tr>
<tr>
<td title='script.NewLoadTrack.buyerNameUnloadedStage()'><b>buyerNameUnloadedStage</b><br>Test class: script.NewLoadTrack<br>Test method: Validate buyer name<br/>
<a href="#Output-1754096028" onClick='toggleBox("Output-1754096028", this, "Show output", "Hide output");'>Show output</a>

<a href="#Output-1754096028" onClick="toggleAllBoxes();">Show all outputs</a>
<div class='log' id="Output-1754096028">
no such element: Unable to locate element: {"method":"xpath","selector":"//div[text()='AUTOMATION COMPANY']"}
  (Session info: chrome=103.0.5060.134)
For documentation on this error, please visit: https://www.seleniumhq.org/exceptions/no_such_element.html
Build info: version: '3.141.59', revision: 'e82be7d358', time: '2018-11-14T08:25:48'
System info: host: 'INBNRMARITA', ip: '172.27.1.56', os.name: 'Windows 10', os.arch: 'amd64', os.version: '10.0', java.version: '15.0.2'
Driver info: org.openqa.selenium.chrome.ChromeDriver
Capabilities {acceptInsecureCerts: false, browserName: chrome, browserVersion: 103.0.5060.134, chrome: {chromedriverVersion: 103.0.5060.53 (a1711811edd7..., userDataDir: C:\Users\5028\AppData\Local...}, goog:chromeOptions: {debuggerAddress: localhost:63857}, javascriptEnabled: true, networkConnectionEnabled: false, pageLoadStrategy: normal, platform: WINDOWS, platformName: WINDOWS, proxy: Proxy(), setWindowRect: true, strictFileInteractability: false, timeouts: {implicit: 0, pageLoad: 300000, script: 30000}, unhandledPromptBehavior: dismiss and notify, webauthn:extension:credBlob: true, webauthn:extension:largeBlob: true, webauthn:virtualAuthenticators: true}
Session ID: 9b29f1e12c39d344f06eb324262e4e0a
*** Element info: {Using=xpath, value=//div[text()='AUTOMATION COMPANY']}<br/>
</div>
</td>
<td><div><pre>java.lang.AssertionError: null
	at script.NewLoadTrack.buyerNameUnloadedStage(NewLoadTrack.java:278)
	at java.base/java.util.ArrayList.forEach(ArrayList.java:1511)
... Removed 30 stack frames</pre></div><a href='#' onClick='toggleBox("stack-trace1754096028", this, "Click to show all stack frames", "Click to hide stack frames")'>Click to show all stack frames</a>
<div class='stack-trace' id='stack-trace1754096028'><pre>java.lang.AssertionError: null
	at org.testng.Assert.fail(Assert.java:99)
	at org.testng.Assert.fail(Assert.java:106)
	at script.NewLoadTrack.buyerNameUnloadedStage(NewLoadTrack.java:278)
	at java.base/jdk.internal.reflect.NativeMethodAccessorImpl.invoke0(Native Method)
	at java.base/jdk.internal.reflect.NativeMethodAccessorImpl.invoke(NativeMethodAccessorImpl.java:64)
	at java.base/jdk.internal.reflect.DelegatingMethodAccessorImpl.invoke(DelegatingMethodAccessorImpl.java:43)
	at java.base/java.lang.reflect.Method.invoke(Method.java:564)
	at org.testng.internal.MethodInvocationHelper.invokeMethod(MethodInvocationHelper.java:133)
	at org.testng.internal.TestInvoker.invokeMethod(TestInvoker.java:598)
	at org.testng.internal.TestInvoker.invokeTestMethod(TestInvoker.java:173)
	at org.testng.internal.MethodRunner.runInSequence(MethodRunner.java:46)
	at org.testng.internal.TestInvoker$MethodInvocationAgent.invoke(TestInvoker.java:824)
	at org.testng.internal.TestInvoker.invokeTestMethods(TestInvoker.java:146)
	at org.testng.internal.TestMethodWorker.invokeTestMethods(TestMethodWorker.java:146)
	at org.testng.internal.TestMethodWorker.run(TestMethodWorker.java:128)
	at java.base/java.util.ArrayList.forEach(ArrayList.java:1511)
	at org.testng.TestRunner.privateRun(TestRunner.java:794)
	at org.testng.TestRunner.run(TestRunner.java:596)
	at org.testng.SuiteRunner.runTest(SuiteRunner.java:377)
	at org.testng.SuiteRunner.runSequentially(SuiteRunner.java:371)
	at org.testng.SuiteRunner.privateRun(SuiteRunner.java:332)
	at org.testng.SuiteRunner.run(SuiteRunner.java:276)
	at org.testng.SuiteRunnerWorker.runSuite(SuiteRunnerWorker.java:53)
	at org.testng.SuiteRunnerWorker.run(SuiteRunnerWorker.java:96)
	at org.testng.TestNG.runSuitesSequentially(TestNG.java:1212)
	at org.testng.TestNG.runSuitesSequentially(TestNG.java:1207)
	at org.testng.TestNG.runSuitesLocally(TestNG.java:1134)
	at org.testng.TestNG.runSuites(TestNG.java:1063)
	at org.testng.TestNG.run(TestNG.java:1031)
	at org.testng.remote.AbstractRemoteTestNG.run(AbstractRemoteTestNG.java:115)
	at org.testng.remote.RemoteTestNG.initAndRun(RemoteTestNG.java:251)
	at org.testng.remote.RemoteTestNG.main(RemoteTestNG.java:77)
</pre></div></td>
<td>11</td>
<td>script.NewLoadTrack@19e4653c</td></tr>
<tr>
<td title='script.NewLoadTrack.validateUnloadedStage()'><b>validateUnloadedStage</b><br>Test class: script.NewLoadTrack<br>Test method: Validations for payment date field in unloaded stage<br/>
<a href="#Output-688392165" onClick='toggleBox("Output-688392165", this, "Show output", "Hide output");'>Show output</a>

<a href="#Output-688392165" onClick="toggleAllBoxes();">Show all outputs</a>
<div class='log' id="Output-688392165">
no such element: Unable to locate element: {"method":"xpath","selector":"//*[@id="consumertransactiontrack"]/div[4]/div[2]/div[1]"}
  (Session info: chrome=103.0.5060.134)
For documentation on this error, please visit: https://www.seleniumhq.org/exceptions/no_such_element.html
Build info: version: '3.141.59', revision: 'e82be7d358', time: '2018-11-14T08:25:48'
System info: host: 'INBNRMARITA', ip: '172.27.1.56', os.name: 'Windows 10', os.arch: 'amd64', os.version: '10.0', java.version: '15.0.2'
Driver info: org.openqa.selenium.chrome.ChromeDriver
Capabilities {acceptInsecureCerts: false, browserName: chrome, browserVersion: 103.0.5060.134, chrome: {chromedriverVersion: 103.0.5060.53 (a1711811edd7..., userDataDir: C:\Users\5028\AppData\Local...}, goog:chromeOptions: {debuggerAddress: localhost:63857}, javascriptEnabled: true, networkConnectionEnabled: false, pageLoadStrategy: normal, platform: WINDOWS, platformName: WINDOWS, proxy: Proxy(), setWindowRect: true, strictFileInteractability: false, timeouts: {implicit: 0, pageLoad: 300000, script: 30000}, unhandledPromptBehavior: dismiss and notify, webauthn:extension:credBlob: true, webauthn:extension:largeBlob: true, webauthn:virtualAuthenticators: true}
Session ID: 9b29f1e12c39d344f06eb324262e4e0a
*** Element info: {Using=xpath, value=//*[@id="consumertransactiontrack"]/div[4]/div[2]/div[1]}<br/>
</div>
</td>
<td><div><pre>java.lang.AssertionError: null
	at script.NewLoadTrack.validateUnloadedStage(NewLoadTrack.java:352)
	at java.base/java.util.ArrayList.forEach(ArrayList.java:1511)
... Removed 30 stack frames</pre></div><a href='#' onClick='toggleBox("stack-trace688392165", this, "Click to show all stack frames", "Click to hide stack frames")'>Click to show all stack frames</a>
<div class='stack-trace' id='stack-trace688392165'><pre>java.lang.AssertionError: null
	at org.testng.Assert.fail(Assert.java:99)
	at org.testng.Assert.fail(Assert.java:106)
	at script.NewLoadTrack.validateUnloadedStage(NewLoadTrack.java:352)
	at java.base/jdk.internal.reflect.NativeMethodAccessorImpl.invoke0(Native Method)
	at java.base/jdk.internal.reflect.NativeMethodAccessorImpl.invoke(NativeMethodAccessorImpl.java:64)
	at java.base/jdk.internal.reflect.DelegatingMethodAccessorImpl.invoke(DelegatingMethodAccessorImpl.java:43)
	at java.base/java.lang.reflect.Method.invoke(Method.java:564)
	at org.testng.internal.MethodInvocationHelper.invokeMethod(MethodInvocationHelper.java:133)
	at org.testng.internal.TestInvoker.invokeMethod(TestInvoker.java:598)
	at org.testng.internal.TestInvoker.invokeTestMethod(TestInvoker.java:173)
	at org.testng.internal.MethodRunner.runInSequence(MethodRunner.java:46)
	at org.testng.internal.TestInvoker$MethodInvocationAgent.invoke(TestInvoker.java:824)
	at org.testng.internal.TestInvoker.invokeTestMethods(TestInvoker.java:146)
	at org.testng.internal.TestMethodWorker.invokeTestMethods(TestMethodWorker.java:146)
	at org.testng.internal.TestMethodWorker.run(TestMethodWorker.java:128)
	at java.base/java.util.ArrayList.forEach(ArrayList.java:1511)
	at org.testng.TestRunner.privateRun(TestRunner.java:794)
	at org.testng.TestRunner.run(TestRunner.java:596)
	at org.testng.SuiteRunner.runTest(SuiteRunner.java:377)
	at org.testng.SuiteRunner.runSequentially(SuiteRunner.java:371)
	at org.testng.SuiteRunner.privateRun(SuiteRunner.java:332)
	at org.testng.SuiteRunner.run(SuiteRunner.java:276)
	at org.testng.SuiteRunnerWorker.runSuite(SuiteRunnerWorker.java:53)
	at org.testng.SuiteRunnerWorker.run(SuiteRunnerWorker.java:96)
	at org.testng.TestNG.runSuitesSequentially(TestNG.java:1212)
	at org.testng.TestNG.runSuitesSequentially(TestNG.java:1207)
	at org.testng.TestNG.runSuitesLocally(TestNG.java:1134)
	at org.testng.TestNG.runSuites(TestNG.java:1063)
	at org.testng.TestNG.run(TestNG.java:1031)
	at org.testng.remote.AbstractRemoteTestNG.run(AbstractRemoteTestNG.java:115)
	at org.testng.remote.RemoteTestNG.initAndRun(RemoteTestNG.java:251)
	at org.testng.remote.RemoteTestNG.main(RemoteTestNG.java:77)
</pre></div></td>
<td>13</td>
<td>script.NewLoadTrack@19e4653c</td></tr>
<tr>
<td title='script.NewLoadTrack.validateUnloadedStatus()'><b>validateUnloadedStatus</b><br>Test class: script.NewLoadTrack<br>Test method: Validate unloaded stage success toast message<br/>
<a href="#Output-308434156" onClick='toggleBox("Output-308434156", this, "Show output", "Hide output");'>Show output</a>

<a href="#Output-308434156" onClick="toggleAllBoxes();">Show all outputs</a>
<div class='log' id="Output-308434156">
no such element: Unable to locate element: {"method":"xpath","selector":"//div[text()='Payment date updated successfully']"}
  (Session info: chrome=103.0.5060.134)
For documentation on this error, please visit: https://www.seleniumhq.org/exceptions/no_such_element.html
Build info: version: '3.141.59', revision: 'e82be7d358', time: '2018-11-14T08:25:48'
System info: host: 'INBNRMARITA', ip: '172.27.1.56', os.name: 'Windows 10', os.arch: 'amd64', os.version: '10.0', java.version: '15.0.2'
Driver info: org.openqa.selenium.chrome.ChromeDriver
Capabilities {acceptInsecureCerts: false, browserName: chrome, browserVersion: 103.0.5060.134, chrome: {chromedriverVersion: 103.0.5060.53 (a1711811edd7..., userDataDir: C:\Users\5028\AppData\Local...}, goog:chromeOptions: {debuggerAddress: localhost:63857}, javascriptEnabled: true, networkConnectionEnabled: false, pageLoadStrategy: normal, platform: WINDOWS, platformName: WINDOWS, proxy: Proxy(), setWindowRect: true, strictFileInteractability: false, timeouts: {implicit: 0, pageLoad: 300000, script: 30000}, unhandledPromptBehavior: dismiss and notify, webauthn:extension:credBlob: true, webauthn:extension:largeBlob: true, webauthn:virtualAuthenticators: true}
Session ID: 9b29f1e12c39d344f06eb324262e4e0a
*** Element info: {Using=xpath, value=//div[text()='Payment date updated successfully']}<br/>
</div>
</td>
<td><div><pre>java.lang.AssertionError: null
	at script.NewLoadTrack.validateUnloadedStatus(NewLoadTrack.java:364)
	at java.base/java.util.ArrayList.forEach(ArrayList.java:1511)
... Removed 30 stack frames</pre></div><a href='#' onClick='toggleBox("stack-trace308434156", this, "Click to show all stack frames", "Click to hide stack frames")'>Click to show all stack frames</a>
<div class='stack-trace' id='stack-trace308434156'><pre>java.lang.AssertionError: null
	at org.testng.Assert.fail(Assert.java:99)
	at org.testng.Assert.fail(Assert.java:106)
	at script.NewLoadTrack.validateUnloadedStatus(NewLoadTrack.java:364)
	at java.base/jdk.internal.reflect.NativeMethodAccessorImpl.invoke0(Native Method)
	at java.base/jdk.internal.reflect.NativeMethodAccessorImpl.invoke(NativeMethodAccessorImpl.java:64)
	at java.base/jdk.internal.reflect.DelegatingMethodAccessorImpl.invoke(DelegatingMethodAccessorImpl.java:43)
	at java.base/java.lang.reflect.Method.invoke(Method.java:564)
	at org.testng.internal.MethodInvocationHelper.invokeMethod(MethodInvocationHelper.java:133)
	at org.testng.internal.TestInvoker.invokeMethod(TestInvoker.java:598)
	at org.testng.internal.TestInvoker.invokeTestMethod(TestInvoker.java:173)
	at org.testng.internal.MethodRunner.runInSequence(MethodRunner.java:46)
	at org.testng.internal.TestInvoker$MethodInvocationAgent.invoke(TestInvoker.java:824)
	at org.testng.internal.TestInvoker.invokeTestMethods(TestInvoker.java:146)
	at org.testng.internal.TestMethodWorker.invokeTestMethods(TestMethodWorker.java:146)
	at org.testng.internal.TestMethodWorker.run(TestMethodWorker.java:128)
	at java.base/java.util.ArrayList.forEach(ArrayList.java:1511)
	at org.testng.TestRunner.privateRun(TestRunner.java:794)
	at org.testng.TestRunner.run(TestRunner.java:596)
	at org.testng.SuiteRunner.runTest(SuiteRunner.java:377)
	at org.testng.SuiteRunner.runSequentially(SuiteRunner.java:371)
	at org.testng.SuiteRunner.privateRun(SuiteRunner.java:332)
	at org.testng.SuiteRunner.run(SuiteRunner.java:276)
	at org.testng.SuiteRunnerWorker.runSuite(SuiteRunnerWorker.java:53)
	at org.testng.SuiteRunnerWorker.run(SuiteRunnerWorker.java:96)
	at org.testng.TestNG.runSuitesSequentially(TestNG.java:1212)
	at org.testng.TestNG.runSuitesSequentially(TestNG.java:1207)
	at org.testng.TestNG.runSuitesLocally(TestNG.java:1134)
	at org.testng.TestNG.runSuites(TestNG.java:1063)
	at org.testng.TestNG.run(TestNG.java:1031)
	at org.testng.remote.AbstractRemoteTestNG.run(AbstractRemoteTestNG.java:115)
	at org.testng.remote.RemoteTestNG.initAndRun(RemoteTestNG.java:251)
	at org.testng.remote.RemoteTestNG.main(RemoteTestNG.java:77)
</pre></div></td>
<td>10</td>
<td>script.NewLoadTrack@19e4653c</td></tr>
</table><p>
<table width='100%' border='1' class='invocation-passed'>
<tr><td colspan='4' align='center'><b>PASSED TESTS</b></td></tr>
<tr><td><b>Test method</b></td>
<td width="30%"><b>Exception</b></td>
<td width="10%"><b>Time (seconds)</b></td>
<td><b>Instance</b></td>
</tr>
<tr>
<td title='script.NewLoadTrack.viewMoreOptionUnloadedStage()'><b>viewMoreOptionUnloadedStage</b><br>Test class: script.NewLoadTrack<br>Test method: Validate view more option in unloaded stage</td>
<td></td>
<td>0</td>
<td>script.NewLoadTrack@19e4653c</td></tr>
<tr>
<td title='script.NewLoadTrack.cropNameUnloadedStage()'><b>cropNameUnloadedStage</b><br>Test class: script.NewLoadTrack<br>Test method: Validate load id</td>
<td></td>
<td>0</td>
<td>script.NewLoadTrack@19e4653c</td></tr>
<tr>
<td title='script.NewLoadTrack.invoiceDownloadLoaded()'><b>invoiceDownloadLoaded</b><br>Test class: script.NewLoadTrack<br>Test method: Validate invoice download option in loaded stage</td>
<td></td>
<td>3</td>
<td>script.NewLoadTrack@19e4653c</td></tr>
<tr>
<td title='script.NewLoadTrack.validateactivecard()'><b>validateactivecard</b><br>Test class: script.NewLoadTrack<br>Test method: Validations for active card details</td>
<td></td>
<td>1</td>
<td>script.NewLoadTrack@19e4653c</td></tr>
<tr>
<td title='script.NewLoadTrack.viewMoreActive()'><b>viewMoreActive</b><br>Test class: script.NewLoadTrack<br>Test method: Validate view more option in active stage</td>
<td></td>
<td>0</td>
<td>script.NewLoadTrack@19e4653c</td></tr>
<tr>
<td title='script.NewLoadTrack.validateLoadIdActive()'><b>validateLoadIdActive</b><br>Test class: script.NewLoadTrack<br>Test method: Validate load id in active stage</td>
<td></td>
<td>13</td>
<td>script.NewLoadTrack@19e4653c</td></tr>
<tr>
<td title='script.NewLoadTrack.loadIdUnloadedStage()'><b>loadIdUnloadedStage</b><br>Test class: script.NewLoadTrack<br>Test method: Validate load id</td>
<td></td>
<td>0</td>
<td>script.NewLoadTrack@19e4653c</td></tr>
<tr>
<td title='script.NewLoadTrack.validateLoadCard()'><b>validateLoadCard</b><br>Test class: script.NewLoadTrack<br>Test method: Validations for load card details</td>
<td></td>
<td>0</td>
<td>script.NewLoadTrack@19e4653c</td></tr>
<tr>
<td title='script.NewLoadTrack.radioButtons()'><b>radioButtons</b><br>Test class: script.NewLoadTrack<br>Test method: Validate Consumer, Godown and Logistics radio button</td>
<td></td>
<td>0</td>
<td>script.NewLoadTrack@19e4653c</td></tr>
<tr>
<td title='script.NewLoadTrack.validateLoadIdLoaded()'><b>validateLoadIdLoaded</b><br>Test class: script.NewLoadTrack<br>Test method: Validate load id in loaded stage</td>
<td></td>
<td>5</td>
<td>script.NewLoadTrack@19e4653c</td></tr>
<tr>
<td title='script.NewLoadTrack.searchButtonColor()'><b>searchButtonColor</b><br>Test class: script.NewLoadTrack<br>Test method: Validate search button</td>
<td></td>
<td>1</td>
<td>script.NewLoadTrack@19e4653c</td></tr>
<tr>
<td title='script.NewLoadTrack.phoneNumberField()'><b>phoneNumberField</b><br>Test class: script.NewLoadTrack<br>Test method: Validate phone number or company name field</td>
<td></td>
<td>5</td>
<td>script.NewLoadTrack@19e4653c</td></tr>
<tr>
<td title='script.NewLoadTrack.resetButtonColor()'><b>resetButtonColor</b><br>Test class: script.NewLoadTrack<br>Test method: Validate reset button color</td>
<td></td>
<td>1</td>
<td>script.NewLoadTrack@19e4653c</td></tr>
<tr>
<td title='script.NewLoadTrack.invoiceDownloadUnloaded()'><b>invoiceDownloadUnloaded</b><br>Test class: script.NewLoadTrack<br>Test method: Validate invoice download option in unloaded stage</td>
<td></td>
<td>2</td>
<td>script.NewLoadTrack@19e4653c</td></tr>
</table><p>
</body>
</html>