<html>
<head>
<title>TestNG:  Finance Payments</title>
<link href="../testng.css" rel="stylesheet" type="text/css" />
<link href="../my-testng.css" rel="stylesheet" type="text/css" />

<style type="text/css">
.log { display: none;} 
.stack-trace { display: none;} 
</style>
<script type="text/javascript">
<!--
function flip(e) {
  current = e.style.display;
  if (current == 'block') {
    e.style.display = 'none';
    return 0;
  }
  else {
    e.style.display = 'block';
    return 1;
  }
}

function toggleBox(szDivId, elem, msg1, msg2)
{
  var res = -1;  if (document.getElementById) {
    res = flip(document.getElementById(szDivId));
  }
  else if (document.all) {
    // this is the way old msie versions work
    res = flip(document.all[szDivId]);
  }
  if(elem) {
    if(res == 0) elem.innerHTML = msg1; else elem.innerHTML = msg2;
  }

}

function toggleAllBoxes() {
  if (document.getElementsByTagName) {
    d = document.getElementsByTagName('div');
    for (i = 0; i < d.length; i++) {
      if (d[i].className == 'log') {
        flip(d[i]);
      }
    }
  }
}

// -->
</script>

</head>
<body>
<h2 align='center'>Finance Payments</h2><table border='1' align="center">
<tr>
<td>Tests passed/Failed/Skipped:</td><td>17/5/0</td>
</tr><tr>
<td>Started on:</td><td>Thu Jul 28 13:10:21 IST 2022</td>
</tr>
<tr><td>Total time:</td><td>92 seconds (92797 ms)</td>
</tr><tr>
<td>Included groups:</td><td></td>
</tr><tr>
<td>Excluded groups:</td><td></td>
</tr>
</table><p/>
<small><i>(Hover the method name to see the test class name)</i></small><p/>
<table width='100%' border='1' class='invocation-failed'>
<tr><td colspan='4' align='center'><b>FAILED TESTS</b></td></tr>
<tr><td><b>Test method</b></td>
<td width="30%"><b>Exception</b></td>
<td width="10%"><b>Time (seconds)</b></td>
<td><b>Instance</b></td>
</tr>
<tr>
<td title='script.FinancePayments.enterReferenceIdConsumer()'><b>enterReferenceIdConsumer</b><br>Test class: script.FinancePayments<br>Test method: Enter Reference Id for consumer payment<br/>
<a href="#Output-599786528" onClick='toggleBox("Output-599786528", this, "Show output", "Hide output");'>Show output</a>

<a href="#Output-599786528" onClick="toggleAllBoxes();">Show all outputs</a>
<div class='log' id="Output-599786528">
element not interactable
  (Session info: chrome=103.0.5060.134)
Build info: version: '3.141.59', revision: 'e82be7d358', time: '2018-11-14T08:25:48'
System info: host: 'INBNRMARITA', ip: '172.27.1.56', os.name: 'Windows 10', os.arch: 'amd64', os.version: '10.0', java.version: '15.0.2'
Driver info: org.openqa.selenium.chrome.ChromeDriver
Capabilities {acceptInsecureCerts: false, browserName: chrome, browserVersion: 103.0.5060.134, chrome: {chromedriverVersion: 103.0.5060.53 (a1711811edd7..., userDataDir: C:\Users\5028\AppData\Local...}, goog:chromeOptions: {debuggerAddress: localhost:63936}, javascriptEnabled: true, networkConnectionEnabled: false, pageLoadStrategy: normal, platform: WINDOWS, platformName: WINDOWS, proxy: Proxy(), setWindowRect: true, strictFileInteractability: false, timeouts: {implicit: 0, pageLoad: 300000, script: 30000}, unhandledPromptBehavior: dismiss and notify, webauthn:extension:credBlob: true, webauthn:extension:largeBlob: true, webauthn:virtualAuthenticators: true}
Session ID: 690bcfa293b2533750d40dd9dd8dab8a<br/>
</div>
</td>
<td><div><pre>java.lang.AssertionError: null
	at script.FinancePayments.enterReferenceIdConsumer(FinancePayments.java:274)
	at java.base/java.util.ArrayList.forEach(ArrayList.java:1511)
... Removed 30 stack frames</pre></div><a href='#' onClick='toggleBox("stack-trace599786528", this, "Click to show all stack frames", "Click to hide stack frames")'>Click to show all stack frames</a>
<div class='stack-trace' id='stack-trace599786528'><pre>java.lang.AssertionError: null
	at org.testng.Assert.fail(Assert.java:99)
	at org.testng.Assert.fail(Assert.java:106)
	at script.FinancePayments.enterReferenceIdConsumer(FinancePayments.java:274)
	at java.base/jdk.internal.reflect.NativeMethodAccessorImpl.invoke0(Native Method)
	at java.base/jdk.internal.reflect.NativeMethodAccessorImpl.invoke(NativeMethodAccessorImpl.java:64)
	at java.base/jdk.internal.reflect.DelegatingMethodAccessorImpl.invoke(DelegatingMethodAccessorImpl.java:43)
	at java.base/java.lang.reflect.Method.invoke(Method.java:564)
	at org.testng.internal.MethodInvocationHelper.invokeMethod(MethodInvocationHelper.java:133)
	at org.testng.internal.TestInvoker.invokeMethod(TestInvoker.java:598)
	at org.testng.internal.TestInvoker.invokeTestMethod(TestInvoker.java:173)
	at org.testng.internal.MethodRunner.runInSequence(MethodRunner.java:46)
	at org.testng.internal.TestInvoker$MethodInvocationAgent.invoke(TestInvoker.java:824)
	at org.testng.internal.TestInvoker.invokeTestMethods(TestInvoker.java:146)
	at org.testng.internal.TestMethodWorker.invokeTestMethods(TestMethodWorker.java:146)
	at org.testng.internal.TestMethodWorker.run(TestMethodWorker.java:128)
	at java.base/java.util.ArrayList.forEach(ArrayList.java:1511)
	at org.testng.TestRunner.privateRun(TestRunner.java:794)
	at org.testng.TestRunner.run(TestRunner.java:596)
	at org.testng.SuiteRunner.runTest(SuiteRunner.java:377)
	at org.testng.SuiteRunner.runSequentially(SuiteRunner.java:371)
	at org.testng.SuiteRunner.privateRun(SuiteRunner.java:332)
	at org.testng.SuiteRunner.run(SuiteRunner.java:276)
	at org.testng.SuiteRunnerWorker.runSuite(SuiteRunnerWorker.java:53)
	at org.testng.SuiteRunnerWorker.run(SuiteRunnerWorker.java:96)
	at org.testng.TestNG.runSuitesSequentially(TestNG.java:1212)
	at org.testng.TestNG.runSuitesSequentially(TestNG.java:1207)
	at org.testng.TestNG.runSuitesLocally(TestNG.java:1134)
	at org.testng.TestNG.runSuites(TestNG.java:1063)
	at org.testng.TestNG.run(TestNG.java:1031)
	at org.testng.remote.AbstractRemoteTestNG.run(AbstractRemoteTestNG.java:115)
	at org.testng.remote.RemoteTestNG.initAndRun(RemoteTestNG.java:251)
	at org.testng.remote.RemoteTestNG.main(RemoteTestNG.java:77)
</pre></div></td>
<td>10</td>
<td>script.FinancePayments@909217e</td></tr>
<tr>
<td title='script.FinancePayments.validateAmount()'><b>validateAmount</b><br>Test class: script.FinancePayments<br>Test method: Validate amount field<br/>
<a href="#Output-2077969769" onClick='toggleBox("Output-2077969769", this, "Show output", "Hide output");'>Show output</a>

<a href="#Output-2077969769" onClick="toggleAllBoxes();">Show all outputs</a>
<div class='log' id="Output-2077969769">
element not interactable
  (Session info: chrome=103.0.5060.134)
Build info: version: '3.141.59', revision: 'e82be7d358', time: '2018-11-14T08:25:48'
System info: host: 'INBNRMARITA', ip: '172.27.1.56', os.name: 'Windows 10', os.arch: 'amd64', os.version: '10.0', java.version: '15.0.2'
Driver info: org.openqa.selenium.chrome.ChromeDriver
Capabilities {acceptInsecureCerts: false, browserName: chrome, browserVersion: 103.0.5060.134, chrome: {chromedriverVersion: 103.0.5060.53 (a1711811edd7..., userDataDir: C:\Users\5028\AppData\Local...}, goog:chromeOptions: {debuggerAddress: localhost:63936}, javascriptEnabled: true, networkConnectionEnabled: false, pageLoadStrategy: normal, platform: WINDOWS, platformName: WINDOWS, proxy: Proxy(), setWindowRect: true, strictFileInteractability: false, timeouts: {implicit: 0, pageLoad: 300000, script: 30000}, unhandledPromptBehavior: dismiss and notify, webauthn:extension:credBlob: true, webauthn:extension:largeBlob: true, webauthn:virtualAuthenticators: true}
Session ID: 690bcfa293b2533750d40dd9dd8dab8a<br/>
</div>
</td>
<td><div><pre>java.lang.AssertionError: null
	at script.FinancePayments.validateAmount(FinancePayments.java:286)
	at java.base/java.util.ArrayList.forEach(ArrayList.java:1511)
... Removed 30 stack frames</pre></div><a href='#' onClick='toggleBox("stack-trace2077969769", this, "Click to show all stack frames", "Click to hide stack frames")'>Click to show all stack frames</a>
<div class='stack-trace' id='stack-trace2077969769'><pre>java.lang.AssertionError: null
	at org.testng.Assert.fail(Assert.java:99)
	at org.testng.Assert.fail(Assert.java:106)
	at script.FinancePayments.validateAmount(FinancePayments.java:286)
	at java.base/jdk.internal.reflect.NativeMethodAccessorImpl.invoke0(Native Method)
	at java.base/jdk.internal.reflect.NativeMethodAccessorImpl.invoke(NativeMethodAccessorImpl.java:64)
	at java.base/jdk.internal.reflect.DelegatingMethodAccessorImpl.invoke(DelegatingMethodAccessorImpl.java:43)
	at java.base/java.lang.reflect.Method.invoke(Method.java:564)
	at org.testng.internal.MethodInvocationHelper.invokeMethod(MethodInvocationHelper.java:133)
	at org.testng.internal.TestInvoker.invokeMethod(TestInvoker.java:598)
	at org.testng.internal.TestInvoker.invokeTestMethod(TestInvoker.java:173)
	at org.testng.internal.MethodRunner.runInSequence(MethodRunner.java:46)
	at org.testng.internal.TestInvoker$MethodInvocationAgent.invoke(TestInvoker.java:824)
	at org.testng.internal.TestInvoker.invokeTestMethods(TestInvoker.java:146)
	at org.testng.internal.TestMethodWorker.invokeTestMethods(TestMethodWorker.java:146)
	at org.testng.internal.TestMethodWorker.run(TestMethodWorker.java:128)
	at java.base/java.util.ArrayList.forEach(ArrayList.java:1511)
	at org.testng.TestRunner.privateRun(TestRunner.java:794)
	at org.testng.TestRunner.run(TestRunner.java:596)
	at org.testng.SuiteRunner.runTest(SuiteRunner.java:377)
	at org.testng.SuiteRunner.runSequentially(SuiteRunner.java:371)
	at org.testng.SuiteRunner.privateRun(SuiteRunner.java:332)
	at org.testng.SuiteRunner.run(SuiteRunner.java:276)
	at org.testng.SuiteRunnerWorker.runSuite(SuiteRunnerWorker.java:53)
	at org.testng.SuiteRunnerWorker.run(SuiteRunnerWorker.java:96)
	at org.testng.TestNG.runSuitesSequentially(TestNG.java:1212)
	at org.testng.TestNG.runSuitesSequentially(TestNG.java:1207)
	at org.testng.TestNG.runSuitesLocally(TestNG.java:1134)
	at org.testng.TestNG.runSuites(TestNG.java:1063)
	at org.testng.TestNG.run(TestNG.java:1031)
	at org.testng.remote.AbstractRemoteTestNG.run(AbstractRemoteTestNG.java:115)
	at org.testng.remote.RemoteTestNG.initAndRun(RemoteTestNG.java:251)
	at org.testng.remote.RemoteTestNG.main(RemoteTestNG.java:77)
</pre></div></td>
<td>10</td>
<td>script.FinancePayments@909217e</td></tr>
<tr>
<td title='script.FinancePayments.paymentModeConsumer()'><b>paymentModeConsumer</b><br>Test class: script.FinancePayments<br>Test method: Payment mode for consumer payments<br/>
<a href="#Output-310192878" onClick='toggleBox("Output-310192878", this, "Show output", "Hide output");'>Show output</a>

<a href="#Output-310192878" onClick="toggleAllBoxes();">Show all outputs</a>
<div class='log' id="Output-310192878">
no such element: Unable to locate element: {"method":"xpath","selector":"//div[@id='Pending']//tbody/tr[1]/td[10]//button[text()='Confirm']"}
  (Session info: chrome=103.0.5060.134)
For documentation on this error, please visit: https://www.seleniumhq.org/exceptions/no_such_element.html
Build info: version: '3.141.59', revision: 'e82be7d358', time: '2018-11-14T08:25:48'
System info: host: 'INBNRMARITA', ip: '172.27.1.56', os.name: 'Windows 10', os.arch: 'amd64', os.version: '10.0', java.version: '15.0.2'
Driver info: org.openqa.selenium.chrome.ChromeDriver
Capabilities {acceptInsecureCerts: false, browserName: chrome, browserVersion: 103.0.5060.134, chrome: {chromedriverVersion: 103.0.5060.53 (a1711811edd7..., userDataDir: C:\Users\5028\AppData\Local...}, goog:chromeOptions: {debuggerAddress: localhost:63936}, javascriptEnabled: true, networkConnectionEnabled: false, pageLoadStrategy: normal, platform: WINDOWS, platformName: WINDOWS, proxy: Proxy(), setWindowRect: true, strictFileInteractability: false, timeouts: {implicit: 0, pageLoad: 300000, script: 30000}, unhandledPromptBehavior: dismiss and notify, webauthn:extension:credBlob: true, webauthn:extension:largeBlob: true, webauthn:virtualAuthenticators: true}
Session ID: 690bcfa293b2533750d40dd9dd8dab8a
*** Element info: {Using=xpath, value=//div[@id='Pending']//tbody/tr[1]/td[10]//button[text()='Confirm']}<br/>
</div>
</td>
<td><div><pre>java.lang.AssertionError: null
	at script.FinancePayments.paymentModeConsumer(FinancePayments.java:249)
	at java.base/java.util.ArrayList.forEach(ArrayList.java:1511)
... Removed 30 stack frames</pre></div><a href='#' onClick='toggleBox("stack-trace310192878", this, "Click to show all stack frames", "Click to hide stack frames")'>Click to show all stack frames</a>
<div class='stack-trace' id='stack-trace310192878'><pre>java.lang.AssertionError: null
	at org.testng.Assert.fail(Assert.java:99)
	at org.testng.Assert.fail(Assert.java:106)
	at script.FinancePayments.paymentModeConsumer(FinancePayments.java:249)
	at java.base/jdk.internal.reflect.NativeMethodAccessorImpl.invoke0(Native Method)
	at java.base/jdk.internal.reflect.NativeMethodAccessorImpl.invoke(NativeMethodAccessorImpl.java:64)
	at java.base/jdk.internal.reflect.DelegatingMethodAccessorImpl.invoke(DelegatingMethodAccessorImpl.java:43)
	at java.base/java.lang.reflect.Method.invoke(Method.java:564)
	at org.testng.internal.MethodInvocationHelper.invokeMethod(MethodInvocationHelper.java:133)
	at org.testng.internal.TestInvoker.invokeMethod(TestInvoker.java:598)
	at org.testng.internal.TestInvoker.invokeTestMethod(TestInvoker.java:173)
	at org.testng.internal.MethodRunner.runInSequence(MethodRunner.java:46)
	at org.testng.internal.TestInvoker$MethodInvocationAgent.invoke(TestInvoker.java:824)
	at org.testng.internal.TestInvoker.invokeTestMethods(TestInvoker.java:146)
	at org.testng.internal.TestMethodWorker.invokeTestMethods(TestMethodWorker.java:146)
	at org.testng.internal.TestMethodWorker.run(TestMethodWorker.java:128)
	at java.base/java.util.ArrayList.forEach(ArrayList.java:1511)
	at org.testng.TestRunner.privateRun(TestRunner.java:794)
	at org.testng.TestRunner.run(TestRunner.java:596)
	at org.testng.SuiteRunner.runTest(SuiteRunner.java:377)
	at org.testng.SuiteRunner.runSequentially(SuiteRunner.java:371)
	at org.testng.SuiteRunner.privateRun(SuiteRunner.java:332)
	at org.testng.SuiteRunner.run(SuiteRunner.java:276)
	at org.testng.SuiteRunnerWorker.runSuite(SuiteRunnerWorker.java:53)
	at org.testng.SuiteRunnerWorker.run(SuiteRunnerWorker.java:96)
	at org.testng.TestNG.runSuitesSequentially(TestNG.java:1212)
	at org.testng.TestNG.runSuitesSequentially(TestNG.java:1207)
	at org.testng.TestNG.runSuitesLocally(TestNG.java:1134)
	at org.testng.TestNG.runSuites(TestNG.java:1063)
	at org.testng.TestNG.run(TestNG.java:1031)
	at org.testng.remote.AbstractRemoteTestNG.run(AbstractRemoteTestNG.java:115)
	at org.testng.remote.RemoteTestNG.initAndRun(RemoteTestNG.java:251)
	at org.testng.remote.RemoteTestNG.main(RemoteTestNG.java:77)
</pre></div></td>
<td>11</td>
<td>script.FinancePayments@909217e</td></tr>
<tr>
<td title='script.FinancePayments.validateReferenceIdConsumer()'><b>validateReferenceIdConsumer</b><br>Test class: script.FinancePayments<br>Test method: Validate Reference Id for consumer payment<br/>
<a href="#Output-1841213176" onClick='toggleBox("Output-1841213176", this, "Show output", "Hide output");'>Show output</a>

<a href="#Output-1841213176" onClick="toggleAllBoxes();">Show all outputs</a>
<div class='log' id="Output-1841213176">
element not interactable
  (Session info: chrome=103.0.5060.134)
Build info: version: '3.141.59', revision: 'e82be7d358', time: '2018-11-14T08:25:48'
System info: host: 'INBNRMARITA', ip: '172.27.1.56', os.name: 'Windows 10', os.arch: 'amd64', os.version: '10.0', java.version: '15.0.2'
Driver info: org.openqa.selenium.chrome.ChromeDriver
Capabilities {acceptInsecureCerts: false, browserName: chrome, browserVersion: 103.0.5060.134, chrome: {chromedriverVersion: 103.0.5060.53 (a1711811edd7..., userDataDir: C:\Users\5028\AppData\Local...}, goog:chromeOptions: {debuggerAddress: localhost:63936}, javascriptEnabled: true, networkConnectionEnabled: false, pageLoadStrategy: normal, platform: WINDOWS, platformName: WINDOWS, proxy: Proxy(), setWindowRect: true, strictFileInteractability: false, timeouts: {implicit: 0, pageLoad: 300000, script: 30000}, unhandledPromptBehavior: dismiss and notify, webauthn:extension:credBlob: true, webauthn:extension:largeBlob: true, webauthn:virtualAuthenticators: true}
Session ID: 690bcfa293b2533750d40dd9dd8dab8a<br/>
</div>
</td>
<td><div><pre>java.lang.AssertionError: null
	at script.FinancePayments.validateReferenceIdConsumer(FinancePayments.java:262)
	at java.base/java.util.ArrayList.forEach(ArrayList.java:1511)
... Removed 30 stack frames</pre></div><a href='#' onClick='toggleBox("stack-trace1841213176", this, "Click to show all stack frames", "Click to hide stack frames")'>Click to show all stack frames</a>
<div class='stack-trace' id='stack-trace1841213176'><pre>java.lang.AssertionError: null
	at org.testng.Assert.fail(Assert.java:99)
	at org.testng.Assert.fail(Assert.java:106)
	at script.FinancePayments.validateReferenceIdConsumer(FinancePayments.java:262)
	at java.base/jdk.internal.reflect.NativeMethodAccessorImpl.invoke0(Native Method)
	at java.base/jdk.internal.reflect.NativeMethodAccessorImpl.invoke(NativeMethodAccessorImpl.java:64)
	at java.base/jdk.internal.reflect.DelegatingMethodAccessorImpl.invoke(DelegatingMethodAccessorImpl.java:43)
	at java.base/java.lang.reflect.Method.invoke(Method.java:564)
	at org.testng.internal.MethodInvocationHelper.invokeMethod(MethodInvocationHelper.java:133)
	at org.testng.internal.TestInvoker.invokeMethod(TestInvoker.java:598)
	at org.testng.internal.TestInvoker.invokeTestMethod(TestInvoker.java:173)
	at org.testng.internal.MethodRunner.runInSequence(MethodRunner.java:46)
	at org.testng.internal.TestInvoker$MethodInvocationAgent.invoke(TestInvoker.java:824)
	at org.testng.internal.TestInvoker.invokeTestMethods(TestInvoker.java:146)
	at org.testng.internal.TestMethodWorker.invokeTestMethods(TestMethodWorker.java:146)
	at org.testng.internal.TestMethodWorker.run(TestMethodWorker.java:128)
	at java.base/java.util.ArrayList.forEach(ArrayList.java:1511)
	at org.testng.TestRunner.privateRun(TestRunner.java:794)
	at org.testng.TestRunner.run(TestRunner.java:596)
	at org.testng.SuiteRunner.runTest(SuiteRunner.java:377)
	at org.testng.SuiteRunner.runSequentially(SuiteRunner.java:371)
	at org.testng.SuiteRunner.privateRun(SuiteRunner.java:332)
	at org.testng.SuiteRunner.run(SuiteRunner.java:276)
	at org.testng.SuiteRunnerWorker.runSuite(SuiteRunnerWorker.java:53)
	at org.testng.SuiteRunnerWorker.run(SuiteRunnerWorker.java:96)
	at org.testng.TestNG.runSuitesSequentially(TestNG.java:1212)
	at org.testng.TestNG.runSuitesSequentially(TestNG.java:1207)
	at org.testng.TestNG.runSuitesLocally(TestNG.java:1134)
	at org.testng.TestNG.runSuites(TestNG.java:1063)
	at org.testng.TestNG.run(TestNG.java:1031)
	at org.testng.remote.AbstractRemoteTestNG.run(AbstractRemoteTestNG.java:115)
	at org.testng.remote.RemoteTestNG.initAndRun(RemoteTestNG.java:251)
	at org.testng.remote.RemoteTestNG.main(RemoteTestNG.java:77)
</pre></div></td>
<td>10</td>
<td>script.FinancePayments@909217e</td></tr>
<tr>
<td title='script.FinancePayments.enterAmount()'><b>enterAmount</b><br>Test class: script.FinancePayments<br>Test method: Enter amount for consumer payment and select date<br/>
<a href="#Output-44979584" onClick='toggleBox("Output-44979584", this, "Show output", "Hide output");'>Show output</a>

<a href="#Output-44979584" onClick="toggleAllBoxes();">Show all outputs</a>
<div class='log' id="Output-44979584">
element not interactable
  (Session info: chrome=103.0.5060.134)
Build info: version: '3.141.59', revision: 'e82be7d358', time: '2018-11-14T08:25:48'
System info: host: 'INBNRMARITA', ip: '172.27.1.56', os.name: 'Windows 10', os.arch: 'amd64', os.version: '10.0', java.version: '15.0.2'
Driver info: org.openqa.selenium.chrome.ChromeDriver
Capabilities {acceptInsecureCerts: false, browserName: chrome, browserVersion: 103.0.5060.134, chrome: {chromedriverVersion: 103.0.5060.53 (a1711811edd7..., userDataDir: C:\Users\5028\AppData\Local...}, goog:chromeOptions: {debuggerAddress: localhost:63936}, javascriptEnabled: true, networkConnectionEnabled: false, pageLoadStrategy: normal, platform: WINDOWS, platformName: WINDOWS, proxy: Proxy(), setWindowRect: true, strictFileInteractability: false, timeouts: {implicit: 0, pageLoad: 300000, script: 30000}, unhandledPromptBehavior: dismiss and notify, webauthn:extension:credBlob: true, webauthn:extension:largeBlob: true, webauthn:virtualAuthenticators: true}
Session ID: 690bcfa293b2533750d40dd9dd8dab8a<br/>
</div>
</td>
<td><div><pre>java.lang.AssertionError: null
	at script.FinancePayments.enterAmount(FinancePayments.java:301)
	at java.base/java.util.ArrayList.forEach(ArrayList.java:1511)
... Removed 30 stack frames</pre></div><a href='#' onClick='toggleBox("stack-trace44979584", this, "Click to show all stack frames", "Click to hide stack frames")'>Click to show all stack frames</a>
<div class='stack-trace' id='stack-trace44979584'><pre>java.lang.AssertionError: null
	at org.testng.Assert.fail(Assert.java:99)
	at org.testng.Assert.fail(Assert.java:106)
	at script.FinancePayments.enterAmount(FinancePayments.java:301)
	at java.base/jdk.internal.reflect.NativeMethodAccessorImpl.invoke0(Native Method)
	at java.base/jdk.internal.reflect.NativeMethodAccessorImpl.invoke(NativeMethodAccessorImpl.java:64)
	at java.base/jdk.internal.reflect.DelegatingMethodAccessorImpl.invoke(DelegatingMethodAccessorImpl.java:43)
	at java.base/java.lang.reflect.Method.invoke(Method.java:564)
	at org.testng.internal.MethodInvocationHelper.invokeMethod(MethodInvocationHelper.java:133)
	at org.testng.internal.TestInvoker.invokeMethod(TestInvoker.java:598)
	at org.testng.internal.TestInvoker.invokeTestMethod(TestInvoker.java:173)
	at org.testng.internal.MethodRunner.runInSequence(MethodRunner.java:46)
	at org.testng.internal.TestInvoker$MethodInvocationAgent.invoke(TestInvoker.java:824)
	at org.testng.internal.TestInvoker.invokeTestMethods(TestInvoker.java:146)
	at org.testng.internal.TestMethodWorker.invokeTestMethods(TestMethodWorker.java:146)
	at org.testng.internal.TestMethodWorker.run(TestMethodWorker.java:128)
	at java.base/java.util.ArrayList.forEach(ArrayList.java:1511)
	at org.testng.TestRunner.privateRun(TestRunner.java:794)
	at org.testng.TestRunner.run(TestRunner.java:596)
	at org.testng.SuiteRunner.runTest(SuiteRunner.java:377)
	at org.testng.SuiteRunner.runSequentially(SuiteRunner.java:371)
	at org.testng.SuiteRunner.privateRun(SuiteRunner.java:332)
	at org.testng.SuiteRunner.run(SuiteRunner.java:276)
	at org.testng.SuiteRunnerWorker.runSuite(SuiteRunnerWorker.java:53)
	at org.testng.SuiteRunnerWorker.run(SuiteRunnerWorker.java:96)
	at org.testng.TestNG.runSuitesSequentially(TestNG.java:1212)
	at org.testng.TestNG.runSuitesSequentially(TestNG.java:1207)
	at org.testng.TestNG.runSuitesLocally(TestNG.java:1134)
	at org.testng.TestNG.runSuites(TestNG.java:1063)
	at org.testng.TestNG.run(TestNG.java:1031)
	at org.testng.remote.AbstractRemoteTestNG.run(AbstractRemoteTestNG.java:115)
	at org.testng.remote.RemoteTestNG.initAndRun(RemoteTestNG.java:251)
	at org.testng.remote.RemoteTestNG.main(RemoteTestNG.java:77)
</pre></div></td>
<td>10</td>
<td>script.FinancePayments@909217e</td></tr>
</table><p>
<table width='100%' border='1' class='invocation-passed'>
<tr><td colspan='4' align='center'><b>PASSED TESTS</b></td></tr>
<tr><td><b>Test method</b></td>
<td width="30%"><b>Exception</b></td>
<td width="10%"><b>Time (seconds)</b></td>
<td><b>Instance</b></td>
</tr>
<tr>
<td title='script.FinancePayments.validateDateFilteFarmerPaymentsr()'><b>validateDateFilteFarmerPaymentsr</b><br>Test class: script.FinancePayments<br>Test method: Validate date filter in farmer payments</td>
<td></td>
<td>6</td>
<td>script.FinancePayments@909217e</td></tr>
<tr>
<td title='script.FinancePayments.totalPriceCalculation()'><b>totalPriceCalculation</b><br>Test class: script.FinancePayments<br>Test method: Validate invoice download option in approval pending</td>
<td></td>
<td>0</td>
<td>script.FinancePayments@909217e</td></tr>
<tr>
<td title='script.FinancePayments.resetButtonConsumer()'><b>resetButtonConsumer</b><br>Test class: script.FinancePayments<br>Test method: Reset button color validation in consumer payments</td>
<td></td>
<td>0</td>
<td>script.FinancePayments@909217e</td></tr>
<tr>
<td title='script.FinancePayments.validateDateFilterConsumerPayment()'><b>validateDateFilterConsumerPayment</b><br>Test class: script.FinancePayments<br>Test method: Validate date filter in consumer payments</td>
<td></td>
<td>2</td>
<td>script.FinancePayments@909217e</td></tr>
<tr>
<td title='script.FinancePayments.confirmButton()'><b>confirmButton</b><br>Test class: script.FinancePayments<br>Test method: Confirm button color validation in farmer payments</td>
<td></td>
<td>0</td>
<td>script.FinancePayments@909217e</td></tr>
<tr>
<td title='script.FinancePayments.resetButton()'><b>resetButton</b><br>Test class: script.FinancePayments<br>Test method: Reset button color validation in farmer payments</td>
<td></td>
<td>0</td>
<td>script.FinancePayments@909217e</td></tr>
<tr>
<td title='script.FinancePayments.validateReferenceNumFarmer()'><b>validateReferenceNumFarmer</b><br>Test class: script.FinancePayments<br>Test method: Validate reference number for farmer payments</td>
<td></td>
<td>2</td>
<td>script.FinancePayments@909217e</td></tr>
<tr>
<td title='script.FinancePayments.validateReferenceNumTransport()'><b>validateReferenceNumTransport</b><br>Test class: script.FinancePayments<br>Test method: Validate refernece number</td>
<td></td>
<td>7</td>
<td>script.FinancePayments@909217e</td></tr>
<tr>
<td title='script.FinancePayments.resetButtonTransport()'><b>resetButtonTransport</b><br>Test class: script.FinancePayments<br>Test method: Reset button color validation in transport payments</td>
<td></td>
<td>0</td>
<td>script.FinancePayments@909217e</td></tr>
<tr>
<td title='script.FinancePayments.searchButtonConsumer()'><b>searchButtonConsumer</b><br>Test class: script.FinancePayments<br>Test method: Search button color validation in consumer payments</td>
<td></td>
<td>0</td>
<td>script.FinancePayments@909217e</td></tr>
<tr>
<td title='script.FinancePayments.cancelButton()'><b>cancelButton</b><br>Test class: script.FinancePayments<br>Test method: Cancel button color validation in farmer payments</td>
<td></td>
<td>0</td>
<td>script.FinancePayments@909217e</td></tr>
<tr>
<td title='script.FinancePayments.searchButtonTransport()'><b>searchButtonTransport</b><br>Test class: script.FinancePayments<br>Test method: Search button color validation in transport payments</td>
<td></td>
<td>0</td>
<td>script.FinancePayments@909217e</td></tr>
<tr>
<td title='script.FinancePayments.searchButton()'><b>searchButton</b><br>Test class: script.FinancePayments<br>Test method: Search button color validation in farmer payments</td>
<td></td>
<td>0</td>
<td>script.FinancePayments@909217e</td></tr>
<tr>
<td title='script.FinancePayments.enterReferenceNumber()'><b>enterReferenceNumber</b><br>Test class: script.FinancePayments<br>Test method: Enter reference number</td>
<td></td>
<td>4</td>
<td>script.FinancePayments@909217e</td></tr>
<tr>
<td title='script.FinancePayments.paymentModeFarmer()'><b>paymentModeFarmer</b><br>Test class: script.FinancePayments<br>Test method: Validate payment mode dropdown for farmer payments</td>
<td></td>
<td>3</td>
<td>script.FinancePayments@909217e</td></tr>
<tr>
<td title='script.FinancePayments.payButton()'><b>payButton</b><br>Test class: script.FinancePayments<br>Test method: Validate pay button in farmer payments</td>
<td></td>
<td>5</td>
<td>script.FinancePayments@909217e</td></tr>
<tr>
<td title='script.FinancePayments.validateDateFilterTransport()'><b>validateDateFilterTransport</b><br>Test class: script.FinancePayments<br>Test method: Validate date filter in farmer payments</td>
<td></td>
<td>1</td>
<td>script.FinancePayments@909217e</td></tr>
</table><p>
</body>
</html>