<?xml version="1.0" encoding="UTF-8"?>
<!-- Generated by org.testng.reporters.JUnitXMLReporter -->
<testsuite ignored="0" hostname="Dell-Falca-34ZLN12" failures="1" tests="4" name="Load Track" time="98.092" errors="0" timestamp="2021-09-29T12:53:20 IST">
  <testcase classname="script.CreatePO" name="SearchUser" time="59.622"/>
  <testcase classname="script.CreatePO" name="AddCrop" time="3.167"/>
  <testcase classname="script.CreatePO" name="POdates" time="0.246"/>
  <testcase classname="script.CreatePO" name="GeneratePO" time="0.019">
    <failure type="java.lang.AssertionError" message="null">
      <![CDATA[java.lang.AssertionError: null
at script.CreatePO.GeneratePO(CreatePO.java:266)
at java.base/java.util.ArrayList.forEach(ArrayList.java:1511)
... Removed 29 stack frames]]>
    </failure>
  </testcase> <!-- GeneratePO -->
</testsuite> <!-- Load Track -->
