<?xml version="1.0" encoding="UTF-8"?>
<!-- Generated by org.testng.reporters.JUnitXMLReporter -->
<testsuite ignored="0" hostname="INBNRMARITA" failures="2" tests="4" name="AdvanceRejectedByManager" time="23.542" errors="0" timestamp="2023-05-29T18:23:43 IST">
  <testcase classname="script.AdvanceRejectedByManager" name="validateAdvanceRequestOnManagerPage" time="6.435">
    <failure type="java.lang.AssertionError" message="expected [7427] but found [₹7427]">
      <![CDATA[java.lang.AssertionError: expected [7427] but found [₹7427]
at script.AdvanceRejectedByManager.validateAdvanceRequestOnManagerPage(AdvanceRejectedByManager.java:36)
at java.base/java.util.ArrayList.forEach(ArrayList.java:1511)
... Removed 34 stack frames]]>
    </failure>
  </testcase> <!-- validateAdvanceRequestOnManagerPage -->
  <testcase classname="script.AdvanceRejectedByManager" name="validateRemarksErrorMessage" time="1.803"/>
  <testcase classname="script.AdvanceRejectedByManager" name="validateNoButtonFunctonality" time="2.265"/>
  <testcase classname="script.AdvanceRejectedByManager" name="validateRejectAdvanceTab" time="2.743">
    <failure type="java.lang.AssertionError" message="The following asserts failed:
	expected [7427] but found [₹7427]">
      <![CDATA[java.lang.AssertionError: The following asserts failed:
expected [7427] but found [₹7427]
at script.AdvanceRejectedByManager.validateRejectAdvanceTab(AdvanceRejectedByManager.java:92)
at java.base/java.util.ArrayList.forEach(ArrayList.java:1511)
... Removed 30 stack frames]]>
    </failure>
  </testcase> <!-- validateRejectAdvanceTab -->
</testsuite> <!-- AdvanceRejectedByManager -->
