<?xml version="1.0" encoding="UTF-8"?>
<!-- Generated by org.testng.reporters.JUnitXMLReporter -->
<testsuite ignored="0" hostname="INBNRMARITA" failures="4" tests="22" name="Admin- PO creation" time="158.926" errors="0" timestamp="2022-05-09T14:31:26 IST">
  <testcase classname="script.CreatePO" name="buyerLinkValidation" time="2.899"/>
  <testcase classname="script.CreatePO" name="buyerOnboardingPage" time="5.361"/>
  <testcase classname="script.CreatePO" name="searchButton" time="0.065"/>
  <testcase classname="script.CreatePO" name="searchUser" time="7.453"/>
  <testcase classname="script.CreatePO" name="searchUserA" time="15.844"/>
  <testcase classname="script.CreatePO" name="userCardValidation" time="0.069"/>
  <testcase classname="script.CreatePO" name="validateAddCropBtn" time="3.222"/>
  <testcase classname="script.CreatePO" name="addButton" time="2.073"/>
  <testcase classname="script.CreatePO" name="validateCategory" time="2.4"/>
  <testcase classname="script.CreatePO" name="validateCropName" time="3.348"/>
  <testcase classname="script.CreatePO" name="validateQuantity" time="8.92"/>
  <testcase classname="script.CreatePO" name="validateUnit" time="2.354"/>
  <testcase classname="script.CreatePO" name="validateGrade" time="2.318"/>
  <testcase classname="script.CreatePO" name="validatePrice" time="9.055"/>
  <testcase classname="script.CreatePO" name="addCrop" time="0.097"/>
  <testcase classname="script.CreatePO" name="poDates" time="11.088"/>
  <testcase classname="script.CreatePO" name="deliveryDistrictValidation" time="12.143"/>
  <testcase classname="script.CreatePO" name="cancelPoValidation" time="10.047">
    <failure type="java.lang.AssertionError" message="null">
      <![CDATA[java.lang.AssertionError: null
at script.CreatePO.cancelPoValidation(CreatePO.java:473)
at java.base/java.util.ArrayList.forEach(ArrayList.java:1511)
... Removed 29 stack frames]]>
    </failure>
  </testcase> <!-- cancelPoValidation -->
  <testcase classname="script.CreatePO" name="generateP0Number" time="2.054"/>
  <testcase classname="script.CreatePO" name="generatePO" time="20.661">
    <failure type="java.lang.AssertionError" message="null">
      <![CDATA[java.lang.AssertionError: null
at script.CreatePO.generatePO(CreatePO.java:507)
at java.base/java.util.ArrayList.forEach(ArrayList.java:1511)
... Removed 29 stack frames]]>
    </failure>
  </testcase> <!-- generatePO -->
  <testcase classname="script.CreatePO" name="validateSaveButton" time="10.074">
    <failure type="java.lang.AssertionError" message="null">
      <![CDATA[java.lang.AssertionError: null
at script.CreatePO.validateSaveButton(CreatePO.java:520)
at java.base/java.util.ArrayList.forEach(ArrayList.java:1511)
... Removed 29 stack frames]]>
    </failure>
  </testcase> <!-- validateSaveButton -->
  <testcase classname="script.CreatePO" name="poCreation" time="21.608">
    <failure type="java.lang.AssertionError" message="null">
      <![CDATA[java.lang.AssertionError: null
at script.CreatePO.poCreation(CreatePO.java:538)
at java.base/java.util.ArrayList.forEach(ArrayList.java:1511)
... Removed 29 stack frames]]>
    </failure>
  </testcase> <!-- poCreation -->
</testsuite> <!-- Admin- PO creation -->
