<?xml version="1.0" encoding="UTF-8"?>
<!-- Generated by org.testng.reporters.JUnitXMLReporter -->
<testsuite ignored="0" hostname="INBNRMARITA" failures="1" tests="6" name="Adjust Reimbursement By Verifier" time="49.789" errors="0" timestamp="2023-05-29T16:29:48 IST">
  <testcase classname="script.AdjustReimbByVerifier" name="validatePendingReimbursement" time="8.661">
    <failure type="java.lang.AssertionError" message="The following asserts failed:
	expected [1212] but found [₹1212]">
      <![CDATA[java.lang.AssertionError: The following asserts failed:
expected [1212] but found [₹1212]
at script.AdjustReimbByVerifier.validatePendingReimbursement(AdjustReimbByVerifier.java:57)
at java.base/java.util.ArrayList.forEach(ArrayList.java:1511)
... Removed 30 stack frames]]>
    </failure>
  </testcase> <!-- validatePendingReimbursement -->
  <testcase classname="script.AdjustReimbByVerifier" name="validateReasonField" time="9.342"/>
  <testcase classname="script.AdjustReimbByVerifier" name="validateSelectReimTypeField" time="1.649"/>
  <testcase classname="script.AdjustReimbByVerifier" name="validatePartialPaymentError" time="13.477"/>
  <testcase classname="script.AdjustReimbByVerifier" name="validateReimbursementPopup" time="1.25"/>
  <testcase classname="script.AdjustReimbByVerifier" name="validateReimStatusAndRemarks" time="5.156"/>
</testsuite> <!-- Adjust Reimbursement By Verifier -->
