<?xml version="1.0" encoding="UTF-8"?>
<!-- Generated by org.testng.reporters.JUnitXMLReporter -->
<testsuite ignored="0" hostname="INBNRMARITA" failures="2" tests="3" name="Reimbursement Approve By Manager" time="23.219" errors="0" timestamp="2023-05-29T16:28:58 IST">
  <testcase classname="script.AdjustReimbByManager" name="validatePendingReimbursement" time="6.787">
    <failure type="java.lang.AssertionError" message="The following asserts failed:
	expected [1212] but found [₹1212]">
      <![CDATA[java.lang.AssertionError: The following asserts failed:
expected [1212] but found [₹1212]
at script.AdjustReimbByManager.validatePendingReimbursement(AdjustReimbByManager.java:53)
at java.base/java.util.ArrayList.forEach(ArrayList.java:1511)
... Removed 30 stack frames]]>
    </failure>
  </testcase> <!-- validatePendingReimbursement -->
  <testcase classname="script.AdjustReimbByManager" name="validateReimApprovedPopup" time="1.3"/>
  <testcase classname="script.AdjustReimbByManager" name="validateManagerApprovedReim" time="3.668">
    <failure type="java.lang.AssertionError" message="The following asserts failed:
	expected [1212] but found [₹1212]">
      <![CDATA[java.lang.AssertionError: The following asserts failed:
expected [1212] but found [₹1212]
at script.AdjustReimbByManager.validateManagerApprovedReim(AdjustReimbByManager.java:101)
at java.base/java.util.ArrayList.forEach(ArrayList.java:1511)
... Removed 30 stack frames]]>
    </failure>
  </testcase> <!-- validateManagerApprovedReim -->
</testsuite> <!-- Reimbursement Approve By Manager -->
