<?xml version="1.0" encoding="UTF-8"?>
<!-- Generated by org.testng.reporters.JUnitXMLReporter -->
<testsuite ignored="0" hostname="INBNRMARITA" failures="1" tests="8" name="Godown Admin Payments" time="55.861" errors="0" timestamp="2023-05-26T17:54:31 IST">
  <testcase classname="script.GodownFarmerPayments" name="dateFilterFarmerPayments" time="10.584"/>
  <testcase classname="script.GodownFarmerPayments" name="searchButton" time="0.17"/>
  <testcase classname="script.GodownFarmerPayments" name="resetButton" time="0.483"/>
  <testcase classname="script.GodownFarmerPayments" name="approvePayments" time="5.617"/>
  <testcase classname="script.GodownFarmerPayments" name="dateFilterTransportPayments" time="9.75"/>
  <testcase classname="script.GodownFarmerPayments" name="searchButtonTransport" time="2.194"/>
  <testcase classname="script.GodownFarmerPayments" name="resetButtonTransport" time="0.798"/>
  <testcase classname="script.GodownFarmerPayments" name="transportPayments" time="7.939">
    <failure type="java.lang.AssertionError" message="null">
      <![CDATA[java.lang.AssertionError: null
at script.GodownFarmerPayments.transportPayments(GodownFarmerPayments.java:166)
at java.base/java.util.ArrayList.forEach(ArrayList.java:1511)
... Removed 29 stack frames]]>
    </failure>
  </testcase> <!-- transportPayments -->
</testsuite> <!-- Godown Admin Payments -->
