<?xml version="1.0" encoding="UTF-8"?>
<!-- Generated by org.testng.reporters.JUnitXMLReporter -->
<testsuite ignored="0" hostname="INBNRMARITA" failures="1" tests="37" name="SuperAdmin- Farmer to godown" time="181.116" errors="0" timestamp="2023-05-26T17:52:37 IST">
  <testcase classname="script.FarmerGodown" name="farmerLinkValidation" time="10.825"/>
  <testcase classname="script.FarmerGodown" name="farmerOnboardingPage" time="4.335"/>
  <testcase classname="script.FarmerGodown" name="searchButtonValidation" time="0.441"/>
  <testcase classname="script.FarmerGodown" name="validateSearchBtn" time="0.317"/>
  <testcase classname="script.FarmerGodown" name="validatePhoneNumber" time="10.606"/>
  <testcase classname="script.FarmerGodown" name="enterPhoneNumber" time="16.027"/>
  <testcase classname="script.FarmerGodown" name="userCardValidation" time="1.197"/>
  <testcase classname="script.FarmerGodown" name="validateAddCropBtn" time="2.41"/>
  <testcase classname="script.FarmerGodown" name="saveButton" time="2.228"/>
  <testcase classname="script.FarmerGodown" name="validateCategory" time="2.572"/>
  <testcase classname="script.FarmerGodown" name="selectCategory" time="2.282"/>
  <testcase classname="script.FarmerGodown" name="ValidateCropName" time="3.402"/>
  <testcase classname="script.FarmerGodown" name="validateQuantity" time="1.838"/>
  <testcase classname="script.FarmerGodown" name="enterQuantity" time="0.217"/>
  <testcase classname="script.FarmerGodown" name="validateUnits" time="2.55"/>
  <testcase classname="script.FarmerGodown" name="selectUnits" time="5.32"/>
  <testcase classname="script.FarmerGodown" name="validateGrade" time="2.908"/>
  <testcase classname="script.FarmerGodown" name="validateBasePrice" time="3.737"/>
  <testcase classname="script.FarmerGodown" name="enterBasePrice" time="0.529"/>
  <testcase classname="script.FarmerGodown" name="validateSoot" time="2.215"/>
  <testcase classname="script.FarmerGodown" name="enterSoot" time="1.46"/>
  <testcase classname="script.FarmerGodown" name="addCrop" time="0.266"/>
  <testcase classname="script.FarmerGodown" name="addMiscButton" time="0.424"/>
  <testcase classname="script.FarmerGodown" name="addMisc" time="4.138"/>
  <testcase classname="script.FarmerGodown" name="validateMisc" time="3.969"/>
  <testcase classname="script.FarmerGodown" name="deleteIconValidation" time="0.1"/>
  <testcase classname="script.FarmerGodown" name="searchButton" time="0.044"/>
  <testcase classname="script.FarmerGodown" name="validateSearchButton" time="32.928"/>
  <testcase classname="script.FarmerGodown" name="validateAssignButton" time="0.35">
    <failure type="org.openqa.selenium.WebDriverException" message="unknown error: failed to change window state to &amp;apos;normal&amp;apos;, current state is &amp;apos;maximized&amp;apos;
  (Session info: chrome=113.0.5672.127)
Build info: version: &amp;apos;4.1.0&amp;apos;, revision: &amp;apos;87802e897b&amp;apos;
System info: host: &amp;apos;INBNRMARITA&amp;apos;, ip: &amp;apos;172.26.1.124&amp;apos;, os.name: &amp;apos;Windows 10&amp;apos;, os.arch: &amp;apos;amd64&amp;apos;, os.version: &amp;apos;10.0&amp;apos;, java.version: &amp;apos;15.0.2&amp;apos;
Driver info: org.openqa.selenium.chrome.ChromeDriver
Command: [04550e52c7fe9f25d5bf56373f2eb639, maximizeCurrentWindow {}]
Capabilities {acceptInsecureCerts: false, browserName: chrome, browserVersion: 113.0.5672.127, chrome: {chromedriverVersion: 113.0.5672.63 (0e1a4471d5ae..., userDataDir: C:\Users\5028\AppData\Local...}, goog:chromeOptions: {debuggerAddress: localhost:58829}, javascriptEnabled: true, networkConnectionEnabled: false, pageLoadStrategy: normal, platform: WINDOWS, platformName: WINDOWS, proxy: Proxy(), se:cdp: ws://localhost:58829/devtoo..., se:cdpVersion: 113.0.5672.127, setWindowRect: true, strictFileInteractability: false, timeouts: {implicit: 0, pageLoad: 300000, script: 30000}, unhandledPromptBehavior: dismiss and notify, webauthn:extension:credBlob: true, webauthn:extension:largeBlob: true, webauthn:extension:minPinLength: true, webauthn:extension:prf: true, webauthn:virtualAuthenticators: true}
Session ID: 04550e52c7fe9f25d5bf56373f2eb639">
      <![CDATA[org.openqa.selenium.WebDriverException: unknown error: failed to change window state to 'normal', current state is 'maximized'
  (Session info: chrome=113.0.5672.127)
Build info: version: '4.1.0', revision: '87802e897b'
System info: host: 'INBNRMARITA', ip: '172.26.1.124', os.name: 'Windows 10', os.arch: 'amd64', os.version: '10.0', java.version: '15.0.2'
Driver info: org.openqa.selenium.chrome.ChromeDriver
Command: [04550e52c7fe9f25d5bf56373f2eb639, maximizeCurrentWindow {}]
Capabilities {acceptInsecureCerts: false, browserName: chrome, browserVersion: 113.0.5672.127, chrome: {chromedriverVersion: 113.0.5672.63 (0e1a4471d5ae..., userDataDir: C:\Users\5028\AppData\Local...}, goog:chromeOptions: {debuggerAddress: localhost:58829}, javascriptEnabled: true, networkConnectionEnabled: false, pageLoadStrategy: normal, platform: WINDOWS, platformName: WINDOWS, proxy: Proxy(), se:cdp: ws://localhost:58829/devtoo..., se:cdpVersion: 113.0.5672.127, setWindowRect: true, strictFileInteractability: false, timeouts: {implicit: 0, pageLoad: 300000, script: 30000}, unhandledPromptBehavior: dismiss and notify, webauthn:extension:credBlob: true, webauthn:extension:largeBlob: true, webauthn:extension:minPinLength: true, webauthn:extension:prf: true, webauthn:virtualAuthenticators: true}
Session ID: 04550e52c7fe9f25d5bf56373f2eb639
at org.openqa.selenium.remote.codec.w3c.W3CHttpResponseCodec.createException(W3CHttpResponseCodec.java:200)
at org.openqa.selenium.remote.codec.w3c.W3CHttpResponseCodec.decode(W3CHttpResponseCodec.java:133)
at org.openqa.selenium.remote.codec.w3c.W3CHttpResponseCodec.decode(W3CHttpResponseCodec.java:53)
at org.openqa.selenium.remote.HttpCommandExecutor.execute(HttpCommandExecutor.java:184)
at org.openqa.selenium.remote.service.DriverCommandExecutor.invokeExecute(DriverCommandExecutor.java:164)
at org.openqa.selenium.remote.service.DriverCommandExecutor.execute(DriverCommandExecutor.java:139)
at org.openqa.selenium.remote.RemoteWebDriver.execute(RemoteWebDriver.java:559)
at org.openqa.selenium.remote.RemoteWebDriver.execute(RemoteWebDriver.java:614)
at org.openqa.selenium.remote.RemoteWebDriver.execute(RemoteWebDriver.java:618)
at org.openqa.selenium.remote.RemoteWebDriver$RemoteWebDriverOptions$RemoteWindow.maximize(RemoteWebDriver.java:928)
at pom.FarmerTransactionPage.<init>(FarmerTransactionPage.java:216)
at script.FarmerGodown.validateAssignButton(FarmerGodown.java:642)
at java.base/java.util.ArrayList.forEach(ArrayList.java:1511)
... Removed 32 stack frames]]>
    </failure>
  </testcase> <!-- validateAssignButton -->
  <testcase classname="script.FarmerGodown" name="assignLoad" time="12.553"/>
  <testcase classname="script.FarmerGodown" name="saveInvoiceNumber" time="5.432"/>
  <testcase classname="script.FarmerGodown" name="invoice" time="18.063"/>
  <testcase classname="script.FarmerGodown" name="invoiceDownloadOption" time="3.103"/>
  <testcase classname="script.FarmerGodown" name="updateSoot" time="3.166"/>
  <testcase classname="script.FarmerGodown" name="transaction" time="0.1"/>
  <testcase classname="script.FarmerGodown" name="confirmStamp" time="3.176"/>
  <testcase classname="script.FarmerGodown" name="userDetails" time="3.375"/>
</testsuite> <!-- SuperAdmin- Farmer to godown -->
