<?xml version="1.0" encoding="UTF-8"?>
<!-- Generated by org.testng.reporters.JUnitXMLReporter -->
<testsuite ignored="0" hostname="INBNRMARITA" failures="2" tests="3" name="SuperAdmin- Godown to Consumer" time="49.757" errors="0" timestamp="2022-01-07T10:39:02 IST">
  <testcase classname="script.GodownConsumer" name="searchUser" time="20.9"/>
  <testcase classname="script.GodownConsumer" name="validateAssignButton" time="10.056">
    <failure type="java.lang.AssertionError" message="null">
      <![CDATA[java.lang.AssertionError: null
at script.GodownConsumer.validateAssignButton(GodownConsumer.java:121)
at java.base/java.util.ArrayList.forEach(ArrayList.java:1511)
... Removed 31 stack frames]]>
    </failure>
  </testcase> <!-- validateAssignButton -->
  <testcase classname="script.GodownConsumer" name="assignLoad" time="11.035">
    <failure type="java.lang.AssertionError" message="null">
      <![CDATA[java.lang.AssertionError: null
at script.GodownConsumer.assignLoad(GodownConsumer.java:165)
at java.base/java.util.ArrayList.forEach(ArrayList.java:1511)
... Removed 31 stack frames]]>
    </failure>
  </testcase> <!-- assignLoad -->
</testsuite> <!-- SuperAdmin- Godown to Consumer -->
