<?xml version="1.0" encoding="UTF-8"?>
<!-- Generated by org.testng.reporters.JUnitXMLReporter -->
<testsuite ignored="0" hostname="INBNRMARITA" failures="2" tests="6" name="Admin Transport Payments" time="52.46" errors="0" timestamp="2022-01-10T11:19:14 IST">
  <testcase classname="script.AdminDSCPayments" name="dateFilterFarmerPayments" time="8.236"/>
  <testcase classname="script.AdminDSCPayments" name="invoiceDownloadOptionPending" time="0.041"/>
  <testcase classname="script.AdminDSCPayments" name="approvePayments" time="12.102">
    <failure type="java.lang.AssertionError" message="null">
      <![CDATA[java.lang.AssertionError: null
at script.AdminDSCPayments.approvePayments(AdminDSCPayments.java:73)
at java.base/java.util.ArrayList.forEach(ArrayList.java:1511)
... Removed 30 stack frames]]>
    </failure>
  </testcase> <!-- approvePayments -->
  <testcase classname="script.AdminDSCPayments" name="invoiceDownloadOptionApproved" time="12.116">
    <failure type="java.lang.AssertionError" message="null">
      <![CDATA[java.lang.AssertionError: null
at script.AdminDSCPayments.invoiceDownloadOptionApproved(AdminDSCPayments.java:88)
at java.base/java.util.ArrayList.forEach(ArrayList.java:1511)
... Removed 30 stack frames]]>
    </failure>
  </testcase> <!-- invoiceDownloadOptionApproved -->
  <testcase classname="script.AdminDSCPayments" name="dateFilterTransportPayments" time="3.187"/>
  <testcase classname="script.AdminDSCPayments" name="transportPayments" time="7.494"/>
</testsuite> <!-- Admin Transport Payments -->
