<?xml version="1.0" encoding="UTF-8"?>
<!-- Generated by org.testng.reporters.JUnitXMLReporter -->
<testsuite ignored="0" hostname="INBNRMARITA" failures="2" tests="3" name="SuperAdmin- Godown to Consumer" time="40.115" errors="0" timestamp="2022-01-06T15:48:37 IST">
  <testcase classname="script.GodownConsumer" name="searchUser" time="24.712"/>
  <testcase classname="script.GodownConsumer" name="validateAssignButton" time="8.317">
    <failure type="java.lang.AssertionError" message="null">
      <![CDATA[java.lang.AssertionError: null
at script.GodownConsumer.validateAssignButton(GodownConsumer.java:121)
at java.base/java.util.ArrayList.forEach(ArrayList.java:1511)
... Removed 29 stack frames]]>
    </failure>
  </testcase> <!-- validateAssignButton -->
  <testcase classname="script.GodownConsumer" name="assignLoad" time="1.112">
    <failure type="java.lang.AssertionError" message="null">
      <![CDATA[java.lang.AssertionError: null
at script.GodownConsumer.assignLoad(GodownConsumer.java:169)
at java.base/java.util.ArrayList.forEach(ArrayList.java:1511)
... Removed 29 stack frames]]>
    </failure>
  </testcase> <!-- assignLoad -->
</testsuite> <!-- SuperAdmin- Godown to Consumer -->
