<?xml version="1.0" encoding="UTF-8"?>
<!-- Generated by org.testng.reporters.JUnitXMLReporter -->
<testsuite ignored="1" hostname="INBNRMARITA" failures="1" tests="9" name="Admin- Edit purchase order" time="19.71" errors="0" timestamp="2022-03-31T22:03:03 IST">
  <testcase classname="script.NewEditPurchaseOrder" name="seacrhButton" time="6.918"/>
  <testcase classname="script.NewEditPurchaseOrder" name="resetButton" time="2.042"/>
  <testcase classname="script.NewEditPurchaseOrder" name="poid" time="0.054">
    <failure type="java.lang.AssertionError" message="expected [PO/AUT/WHI/3/2022/3] but found [PO/AUT/WHI/3/2022/4]">
      <![CDATA[java.lang.AssertionError: expected [PO/AUT/WHI/3/2022/3] but found [PO/AUT/WHI/3/2022/4]
at script.NewEditPurchaseOrder.poid(NewEditPurchaseOrder.java:60)
at java.base/java.util.ArrayList.forEach(ArrayList.java:1511)
... Removed 34 stack frames]]>
    </failure>
  </testcase> <!-- poid -->
  <testcase classname="script.NewEditPurchaseOrder" name="companyName" time="0.046"/>
  <testcase classname="script.NewEditPurchaseOrder" name="poNumberEndsWithField" time="1.667"/>
  <testcase classname="script.NewEditPurchaseOrder" name="cropName" time="1.129"/>
  <testcase classname="script.NewEditPurchaseOrder" name="editButton" time="0.202"/>
  <testcase classname="script.NewEditPurchaseOrder" name="honorDistrict" time="0.12"/>
  <testcase classname="script.NewEditPurchaseOrder" name="editQuantity" time="0.905"/>
  <testcase classname="script.NewEditPurchaseOrder" name="updateQuantity" time="0.0">
    <ignored/>
  </testcase> <!-- updateQuantity -->
</testsuite> <!-- Admin- Edit purchase order -->
