<?xml version="1.0" encoding="UTF-8"?>
<!-- Generated by org.testng.reporters.JUnitXMLReporter -->
<testsuite ignored="0" hostname="INBNRMARITA" failures="3" tests="13" name="Admin- PO creation6" time="2.096" errors="0" timestamp="2022-01-03T21:37:02 IST">
  <testcase classname="generic.WebBase" name="@AfterClass closeApplication" time="0.0">
    <failure type="java.lang.NullPointerException" message="Cannot invoke &amp;quot;org.openqa.selenium.WebDriver.quit()&amp;quot; because &amp;quot;this.driver&amp;quot; is null">
      <![CDATA[java.lang.NullPointerException: Cannot invoke "org.openqa.selenium.WebDriver.quit()" because "this.driver" is null
at generic.WebBase.closeApplication(WebBase.java:71)
at java.base/java.util.ArrayList.forEach(ArrayList.java:1511)
... Removed 25 stack frames]]>
    </failure>
  </testcase> <!-- @AfterClass closeApplication -->
  <testcase classname="script.createpodsc" name="buyerLinkValidation" time="0.003"/>
  <testcase classname="script.createpodsc" name="buyerOnboardingPage" time="0.002"/>
  <testcase classname="script.createpodsc" name="searchUser" time="0.001"/>
  <testcase classname="script.createpodsc" name="validateCategory" time="0.003"/>
  <testcase classname="script.createpodsc" name="validateQuantity" time="0.001"/>
  <testcase classname="script.createpodsc" name="validateUnit" time="0.016"/>
  <testcase classname="script.createpodsc" name="validatePrice" time="0.003"/>
  <testcase classname="script.createpodsc" name="addCrop" time="0.002"/>
  <testcase classname="script.createpodsc" name="poDates" time="0.002"/>
  <testcase classname="script.createpodsc" name="deliveryDistrictValidation" time="1.003"/>
  <testcase classname="script.createpodsc" name="cancelPoValidation" time="0.001">
    <failure type="java.lang.AssertionError" message="null">
      <![CDATA[java.lang.AssertionError: null
at script.createpodsc.cancelPoValidation(createpodsc.java:386)
at java.base/java.util.ArrayList.forEach(ArrayList.java:1511)
... Removed 29 stack frames]]>
    </failure>
  </testcase> <!-- cancelPoValidation -->
  <testcase classname="script.createpodsc" name="generatePO" time="0.001">
    <failure type="java.lang.AssertionError" message="null">
      <![CDATA[java.lang.AssertionError: null
at script.createpodsc.generatePO(createpodsc.java:406)
at java.base/java.util.ArrayList.forEach(ArrayList.java:1511)
... Removed 29 stack frames]]>
    </failure>
  </testcase> <!-- generatePO -->
  <testcase classname="script.createpodsc" name="poCreation" time="1.006">
    <failure type="java.lang.AssertionError" message="null">
      <![CDATA[java.lang.AssertionError: null
at script.createpodsc.poCreation(createpodsc.java:425)
at java.base/java.util.ArrayList.forEach(ArrayList.java:1511)
... Removed 29 stack frames]]>
    </failure>
  </testcase> <!-- poCreation -->
</testsuite> <!-- Admin- PO creation6 -->
