<?xml version="1.0" encoding="UTF-8"?>
<!-- Generated by org.testng.reporters.JUnitXMLReporter -->
<testsuite ignored="0" hostname="INBNRMARITA" failures="1" tests="12" name="Admin- PO creation5" time="105.981" errors="0" timestamp="2022-01-04T10:49:03 IST">
  <testcase classname="script.createpodsc" name="buyerLinkValidation" time="4.07"/>
  <testcase classname="script.createpodsc" name="buyerOnboardingPage" time="0.001"/>
  <testcase classname="script.createpodsc" name="searchUser" time="23.772"/>
  <testcase classname="script.createpodsc" name="validateCategory" time="10.076"/>
  <testcase classname="script.createpodsc" name="validateQuantity" time="6.534"/>
  <testcase classname="script.createpodsc" name="validateUnit" time="9.159"/>
  <testcase classname="script.createpodsc" name="validatePrice" time="1.192"/>
  <testcase classname="script.createpodsc" name="addCrop" time="3.497"/>
  <testcase classname="script.createpodsc" name="poDates" time="8.927"/>
  <testcase classname="script.createpodsc" name="deliveryDistrictValidation" time="6.377"/>
  <testcase classname="script.createpodsc" name="generatePO" time="2.117"/>
  <testcase classname="script.createpodsc" name="poCreation" time="21.616">
    <failure type="java.lang.AssertionError" message="null">
      <![CDATA[java.lang.AssertionError: null
at script.createpodsc.poCreation(createpodsc.java:416)
at java.base/java.util.ArrayList.forEach(ArrayList.java:1511)
... Removed 29 stack frames]]>
    </failure>
  </testcase> <!-- poCreation -->
</testsuite> <!-- Admin- PO creation5 -->
