<?xml version="1.0" encoding="UTF-8"?>
<!-- Generated by org.testng.reporters.JUnitXMLReporter -->
<testsuite ignored="0" hostname="INBNRMARITA" failures="1" tests="12" name="Admin- PO creation4" time="116.108" errors="0" timestamp="2022-01-04T10:47:17 IST">
  <testcase classname="script.createpodsc" name="buyerLinkValidation" time="2.989"/>
  <testcase classname="script.createpodsc" name="buyerOnboardingPage" time="0.002"/>
  <testcase classname="script.createpodsc" name="searchUser" time="23.431"/>
  <testcase classname="script.createpodsc" name="validateCategory" time="10.061"/>
  <testcase classname="script.createpodsc" name="validateQuantity" time="10.14"/>
  <testcase classname="script.createpodsc" name="validateUnit" time="10.081"/>
  <testcase classname="script.createpodsc" name="validatePrice" time="3.936"/>
  <testcase classname="script.createpodsc" name="addCrop" time="10.017"/>
  <testcase classname="script.createpodsc" name="poDates" time="7.178"/>
  <testcase classname="script.createpodsc" name="deliveryDistrictValidation" time="6.508"/>
  <testcase classname="script.createpodsc" name="generatePO" time="2.145"/>
  <testcase classname="script.createpodsc" name="poCreation" time="21.639">
    <failure type="java.lang.AssertionError" message="null">
      <![CDATA[java.lang.AssertionError: null
at script.createpodsc.poCreation(createpodsc.java:416)
at java.base/java.util.ArrayList.forEach(ArrayList.java:1511)
... Removed 29 stack frames]]>
    </failure>
  </testcase> <!-- poCreation -->
</testsuite> <!-- Admin- PO creation4 -->
