<html>
<head>
<title>TestNG:  Admin- PO creation2</title>
<link href="../testng.css" rel="stylesheet" type="text/css" />
<link href="../my-testng.css" rel="stylesheet" type="text/css" />

<style type="text/css">
.log { display: none;} 
.stack-trace { display: none;} 
</style>
<script type="text/javascript">
<!--
function flip(e) {
  current = e.style.display;
  if (current == 'block') {
    e.style.display = 'none';
    return 0;
  }
  else {
    e.style.display = 'block';
    return 1;
  }
}

function toggleBox(szDivId, elem, msg1, msg2)
{
  var res = -1;  if (document.getElementById) {
    res = flip(document.getElementById(szDivId));
  }
  else if (document.all) {
    // this is the way old msie versions work
    res = flip(document.all[szDivId]);
  }
  if(elem) {
    if(res == 0) elem.innerHTML = msg1; else elem.innerHTML = msg2;
  }

}

function toggleAllBoxes() {
  if (document.getElementsByTagName) {
    d = document.getElementsByTagName('div');
    for (i = 0; i < d.length; i++) {
      if (d[i].className == 'log') {
        flip(d[i]);
      }
    }
  }
}

// -->
</script>

</head>
<body>
<h2 align='center'>Admin- PO creation2</h2><table border='1' align="center">
<tr>
<td>Tests passed/Failed/Skipped:</td><td>12/2/0</td>
</tr><tr>
<td>Started on:</td><td>Tue Jan 04 11:06:03 IST 2022</td>
</tr>
<tr><td>Total time:</td><td>135 seconds (135488 ms)</td>
</tr><tr>
<td>Included groups:</td><td></td>
</tr><tr>
<td>Excluded groups:</td><td></td>
</tr>
</table><p/>
<small><i>(Hover the method name to see the test class name)</i></small><p/>
<table width='100%' border='1' class='invocation-failed'>
<tr><td colspan='4' align='center'><b>FAILED TESTS</b></td></tr>
<tr><td><b>Test method</b></td>
<td width="30%"><b>Exception</b></td>
<td width="10%"><b>Time (seconds)</b></td>
<td><b>Instance</b></td>
</tr>
<tr>
<td title='script.createpodsc.poCreation()'><b>poCreation</b><br>Test class: script.createpodsc<br>Test method: Validate PO creation success toast message<br/>
<a href="#Output-277130309" onClick='toggleBox("Output-277130309", this, "Show output", "Hide output");'>Show output</a>

<a href="#Output-277130309" onClick="toggleAllBoxes();">Show all outputs</a>
<div class='log' id="Output-277130309">
Expected condition failed: waiting for visibility of element located by By.xpath: //div[text()=' Save '] (tried for 20 second(s) with 500 milliseconds interval)<br/>
</div>
</td>
<td><div><pre>java.lang.AssertionError: null
	at script.createpodsc.poCreation(createpodsc.java:435)
	at java.base/java.util.ArrayList.forEach(ArrayList.java:1511)
... Removed 29 stack frames</pre></div><a href='#' onClick='toggleBox("stack-trace277130309", this, "Click to show all stack frames", "Click to hide stack frames")'>Click to show all stack frames</a>
<div class='stack-trace' id='stack-trace277130309'><pre>java.lang.AssertionError: null
	at org.testng.Assert.fail(Assert.java:99)
	at org.testng.Assert.fail(Assert.java:106)
	at script.createpodsc.poCreation(createpodsc.java:435)
	at java.base/jdk.internal.reflect.NativeMethodAccessorImpl.invoke0(Native Method)
	at java.base/jdk.internal.reflect.NativeMethodAccessorImpl.invoke(NativeMethodAccessorImpl.java:64)
	at java.base/jdk.internal.reflect.DelegatingMethodAccessorImpl.invoke(DelegatingMethodAccessorImpl.java:43)
	at java.base/java.lang.reflect.Method.invoke(Method.java:564)
	at org.testng.internal.MethodInvocationHelper.invokeMethod(MethodInvocationHelper.java:133)
	at org.testng.internal.TestInvoker.invokeMethod(TestInvoker.java:598)
	at org.testng.internal.TestInvoker.invokeTestMethod(TestInvoker.java:173)
	at org.testng.internal.MethodRunner.runInSequence(MethodRunner.java:46)
	at org.testng.internal.TestInvoker$MethodInvocationAgent.invoke(TestInvoker.java:824)
	at org.testng.internal.TestInvoker.invokeTestMethods(TestInvoker.java:146)
	at org.testng.internal.TestMethodWorker.invokeTestMethods(TestMethodWorker.java:146)
	at org.testng.internal.TestMethodWorker.run(TestMethodWorker.java:128)
	at java.base/java.util.ArrayList.forEach(ArrayList.java:1511)
	at org.testng.TestRunner.privateRun(TestRunner.java:794)
	at org.testng.TestRunner.run(TestRunner.java:596)
	at org.testng.SuiteRunner.runTest(SuiteRunner.java:377)
	at org.testng.SuiteRunner.runSequentially(SuiteRunner.java:371)
	at org.testng.SuiteRunner.privateRun(SuiteRunner.java:332)
	at org.testng.SuiteRunner.run(SuiteRunner.java:276)
	at org.testng.SuiteRunnerWorker.runSuite(SuiteRunnerWorker.java:53)
	at org.testng.SuiteRunnerWorker.run(SuiteRunnerWorker.java:96)
	at org.testng.TestNG.runSuitesSequentially(TestNG.java:1212)
	at org.testng.TestNG.runSuitesLocally(TestNG.java:1134)
	at org.testng.TestNG.runSuites(TestNG.java:1063)
	at org.testng.TestNG.run(TestNG.java:1031)
	at org.testng.remote.AbstractRemoteTestNG.run(AbstractRemoteTestNG.java:115)
	at org.testng.remote.RemoteTestNG.initAndRun(RemoteTestNG.java:251)
	at org.testng.remote.RemoteTestNG.main(RemoteTestNG.java:77)
</pre></div></td>
<td>21</td>
<td>script.createpodsc@130c12b7</td></tr>
<tr>
<td title='script.createpodsc.generatePO()'><b>generatePO</b><br>Test class: script.createpodsc<br>Test method: Generate PO number and save in write properties<br/>
<a href="#Output-383392444" onClick='toggleBox("Output-383392444", this, "Show output", "Hide output");'>Show output</a>

<a href="#Output-383392444" onClick="toggleAllBoxes();">Show all outputs</a>
<div class='log' id="Output-383392444">
no such element: Unable to locate element: {"method":"xpath","selector":"//*[@id="__blaze-root"]/div[3]/div[1]/div[2]"}
  (Session info: chrome=96.0.4664.110)
For documentation on this error, please visit: https://www.seleniumhq.org/exceptions/no_such_element.html
Build info: version: '3.141.59', revision: 'e82be7d358', time: '2018-11-14T08:25:48'
System info: host: 'INBNRMARITA', ip: '172.25.1.32', os.name: 'Windows 10', os.arch: 'amd64', os.version: '10.0', java.version: '15.0.2'
Driver info: org.openqa.selenium.chrome.ChromeDriver
Capabilities {acceptInsecureCerts: false, browserName: chrome, browserVersion: 96.0.4664.110, chrome: {chromedriverVersion: 96.0.4664.45 (76e4c1bb2ab46..., userDataDir: C:\Users\5028\AppData\Local...}, goog:chromeOptions: {debuggerAddress: localhost:64840}, javascriptEnabled: true, networkConnectionEnabled: false, pageLoadStrategy: normal, platform: WINDOWS, platformName: WINDOWS, proxy: Proxy(), setWindowRect: true, strictFileInteractability: false, timeouts: {implicit: 0, pageLoad: 300000, script: 30000}, unhandledPromptBehavior: dismiss and notify, webauthn:extension:credBlob: true, webauthn:extension:largeBlob: true, webauthn:virtualAuthenticators: true}
Session ID: 639479901c6db1b0b777f3dfa099bcf7
*** Element info: {Using=xpath, value=//*[@id="__blaze-root"]/div[3]/div[1]/div[2]}<br/>
</div>
</td>
<td><div><pre>java.lang.AssertionError: null
	at script.createpodsc.generatePO(createpodsc.java:416)
	at java.base/java.util.ArrayList.forEach(ArrayList.java:1511)
... Removed 29 stack frames</pre></div><a href='#' onClick='toggleBox("stack-trace383392444", this, "Click to show all stack frames", "Click to hide stack frames")'>Click to show all stack frames</a>
<div class='stack-trace' id='stack-trace383392444'><pre>java.lang.AssertionError: null
	at org.testng.Assert.fail(Assert.java:99)
	at org.testng.Assert.fail(Assert.java:106)
	at script.createpodsc.generatePO(createpodsc.java:416)
	at java.base/jdk.internal.reflect.NativeMethodAccessorImpl.invoke0(Native Method)
	at java.base/jdk.internal.reflect.NativeMethodAccessorImpl.invoke(NativeMethodAccessorImpl.java:64)
	at java.base/jdk.internal.reflect.DelegatingMethodAccessorImpl.invoke(DelegatingMethodAccessorImpl.java:43)
	at java.base/java.lang.reflect.Method.invoke(Method.java:564)
	at org.testng.internal.MethodInvocationHelper.invokeMethod(MethodInvocationHelper.java:133)
	at org.testng.internal.TestInvoker.invokeMethod(TestInvoker.java:598)
	at org.testng.internal.TestInvoker.invokeTestMethod(TestInvoker.java:173)
	at org.testng.internal.MethodRunner.runInSequence(MethodRunner.java:46)
	at org.testng.internal.TestInvoker$MethodInvocationAgent.invoke(TestInvoker.java:824)
	at org.testng.internal.TestInvoker.invokeTestMethods(TestInvoker.java:146)
	at org.testng.internal.TestMethodWorker.invokeTestMethods(TestMethodWorker.java:146)
	at org.testng.internal.TestMethodWorker.run(TestMethodWorker.java:128)
	at java.base/java.util.ArrayList.forEach(ArrayList.java:1511)
	at org.testng.TestRunner.privateRun(TestRunner.java:794)
	at org.testng.TestRunner.run(TestRunner.java:596)
	at org.testng.SuiteRunner.runTest(SuiteRunner.java:377)
	at org.testng.SuiteRunner.runSequentially(SuiteRunner.java:371)
	at org.testng.SuiteRunner.privateRun(SuiteRunner.java:332)
	at org.testng.SuiteRunner.run(SuiteRunner.java:276)
	at org.testng.SuiteRunnerWorker.runSuite(SuiteRunnerWorker.java:53)
	at org.testng.SuiteRunnerWorker.run(SuiteRunnerWorker.java:96)
	at org.testng.TestNG.runSuitesSequentially(TestNG.java:1212)
	at org.testng.TestNG.runSuitesLocally(TestNG.java:1134)
	at org.testng.TestNG.runSuites(TestNG.java:1063)
	at org.testng.TestNG.run(TestNG.java:1031)
	at org.testng.remote.AbstractRemoteTestNG.run(AbstractRemoteTestNG.java:115)
	at org.testng.remote.RemoteTestNG.initAndRun(RemoteTestNG.java:251)
	at org.testng.remote.RemoteTestNG.main(RemoteTestNG.java:77)
</pre></div></td>
<td>14</td>
<td>script.createpodsc@130c12b7</td></tr>
</table><p>
<table width='100%' border='1' class='invocation-passed'>
<tr><td colspan='4' align='center'><b>PASSED TESTS</b></td></tr>
<tr><td><b>Test method</b></td>
<td width="30%"><b>Exception</b></td>
<td width="10%"><b>Time (seconds)</b></td>
<td><b>Instance</b></td>
</tr>
<tr>
<td title='script.createpodsc.deliveryDistrictValidation()'><b>deliveryDistrictValidation</b><br>Test class: script.createpodsc<br>Test method: Validating Delivery location</td>
<td></td>
<td>18</td>
<td>script.createpodsc@130c12b7</td></tr>
<tr>
<td title='script.createpodsc.cancelPoValidation()'><b>cancelPoValidation</b><br>Test class: script.createpodsc<br>Test method: Validate cancel po toast message</td>
<td></td>
<td>4</td>
<td>script.createpodsc@130c12b7</td></tr>
<tr>
<td title='script.createpodsc.validateUnit()'><b>validateUnit</b><br>Test class: script.createpodsc<br>Test method: Validate unit and grade fields</td>
<td></td>
<td>4</td>
<td>script.createpodsc@130c12b7</td></tr>
<tr>
<td title='script.createpodsc.poDates()'><b>poDates</b><br>Test class: script.createpodsc<br>Test method: Validating PO date fields</td>
<td></td>
<td>9</td>
<td>script.createpodsc@130c12b7</td></tr>
<tr>
<td title='script.createpodsc.addCrop()'><b>addCrop</b><br>Test class: script.createpodsc<br>Test method: Validate crop added toast message</td>
<td></td>
<td>0</td>
<td>script.createpodsc@130c12b7</td></tr>
<tr>
<td title='script.createpodsc.validateQuantity()'><b>validateQuantity</b><br>Test class: script.createpodsc<br>Test method: Validate quantity field</td>
<td></td>
<td>8</td>
<td>script.createpodsc@130c12b7</td></tr>
<tr>
<td title='script.createpodsc.validateCategory()'><b>validateCategory</b><br>Test class: script.createpodsc<br>Test method: Validate category and crop name fields</td>
<td></td>
<td>6</td>
<td>script.createpodsc@130c12b7</td></tr>
<tr>
<td title='script.createpodsc.userCardValidation()'><b>userCardValidation</b><br>Test class: script.createpodsc<br>Test method: Buyer user card validation</td>
<td></td>
<td>0</td>
<td>script.createpodsc@130c12b7</td></tr>
<tr>
<td title='script.createpodsc.buyerOnboardingPage()'><b>buyerOnboardingPage</b><br>Test class: script.createpodsc<br>Test method: Validating Buyer Onboarding page</td>
<td></td>
<td>1</td>
<td>script.createpodsc@130c12b7</td></tr>
<tr>
<td title='script.createpodsc.buyerLinkValidation()'><b>buyerLinkValidation</b><br>Test class: script.createpodsc<br>Test method: Register new buyer link validation</td>
<td></td>
<td>2</td>
<td>script.createpodsc@130c12b7</td></tr>
<tr>
<td title='script.createpodsc.searchUser()'><b>searchUser</b><br>Test class: script.createpodsc<br>Test method: Validating search phone number field</td>
<td></td>
<td>27</td>
<td>script.createpodsc@130c12b7</td></tr>
<tr>
<td title='script.createpodsc.validatePrice()'><b>validatePrice</b><br>Test class: script.createpodsc<br>Test method: Validate price field</td>
<td></td>
<td>8</td>
<td>script.createpodsc@130c12b7</td></tr>
</table><p>
</body>
</html>