<html>
<head>
<title>TestNG:  Admin- PO creation6</title>
<link href="../testng.css" rel="stylesheet" type="text/css" />
<link href="../my-testng.css" rel="stylesheet" type="text/css" />

<style type="text/css">
.log { display: none;} 
.stack-trace { display: none;} 
</style>
<script type="text/javascript">
<!--
function flip(e) {
  current = e.style.display;
  if (current == 'block') {
    e.style.display = 'none';
    return 0;
  }
  else {
    e.style.display = 'block';
    return 1;
  }
}

function toggleBox(szDivId, elem, msg1, msg2)
{
  var res = -1;  if (document.getElementById) {
    res = flip(document.getElementById(szDivId));
  }
  else if (document.all) {
    // this is the way old msie versions work
    res = flip(document.all[szDivId]);
  }
  if(elem) {
    if(res == 0) elem.innerHTML = msg1; else elem.innerHTML = msg2;
  }

}

function toggleAllBoxes() {
  if (document.getElementsByTagName) {
    d = document.getElementsByTagName('div');
    for (i = 0; i < d.length; i++) {
      if (d[i].className == 'log') {
        flip(d[i]);
      }
    }
  }
}

// -->
</script>

</head>
<body>
<h2 align='center'>Admin- PO creation6</h2><table border='1' align="center">
<tr>
<td>Tests passed/Failed/Skipped:</td><td>10/3/0</td>
</tr><tr>
<td>Started on:</td><td>Mon Jan 03 21:37:00 IST 2022</td>
</tr>
<tr><td>Total time:</td><td>2 seconds (2096 ms)</td>
</tr><tr>
<td>Included groups:</td><td></td>
</tr><tr>
<td>Excluded groups:</td><td></td>
</tr>
</table><p/>
<small><i>(Hover the method name to see the test class name)</i></small><p/>
<table width='100%' border='1' class='invocation-failed'>
<tr><td colspan='4' align='center'><b>FAILED CONFIGURATIONS</b></td></tr>
<tr><td><b>Test method</b></td>
<td width="30%"><b>Exception</b></td>
<td width="10%"><b>Time (seconds)</b></td>
<td><b>Instance</b></td>
</tr>
<tr>
<td title='script.createpodsc.closeApplication()'><b>closeApplication</b><br>Test class: script.createpodsc</td>
<td><div><pre>java.lang.NullPointerException: Cannot invoke &quot;org.openqa.selenium.WebDriver.quit()&quot; because &quot;this.driver&quot; is null
	at generic.WebBase.closeApplication(WebBase.java:71)
	at java.base/java.util.ArrayList.forEach(ArrayList.java:1511)
... Removed 25 stack frames</pre></div><a href='#' onClick='toggleBox("stack-trace273077527", this, "Click to show all stack frames", "Click to hide stack frames")'>Click to show all stack frames</a>
<div class='stack-trace' id='stack-trace273077527'><pre>java.lang.NullPointerException: Cannot invoke &quot;org.openqa.selenium.WebDriver.quit()&quot; because &quot;this.driver&quot; is null
	at generic.WebBase.closeApplication(WebBase.java:71)
	at java.base/jdk.internal.reflect.NativeMethodAccessorImpl.invoke0(Native Method)
	at java.base/jdk.internal.reflect.NativeMethodAccessorImpl.invoke(NativeMethodAccessorImpl.java:64)
	at java.base/jdk.internal.reflect.DelegatingMethodAccessorImpl.invoke(DelegatingMethodAccessorImpl.java:43)
	at java.base/java.lang.reflect.Method.invoke(Method.java:564)
	at org.testng.internal.MethodInvocationHelper.invokeMethod(MethodInvocationHelper.java:133)
	at org.testng.internal.MethodInvocationHelper.invokeMethodConsideringTimeout(MethodInvocationHelper.java:62)
	at org.testng.internal.ConfigInvoker.invokeConfigurationMethod(ConfigInvoker.java:385)
	at org.testng.internal.ConfigInvoker.invokeConfigurations(ConfigInvoker.java:321)
	at org.testng.internal.TestMethodWorker.invokeAfterClassMethods(TestMethodWorker.java:217)
	at org.testng.internal.TestMethodWorker.run(TestMethodWorker.java:130)
	at java.base/java.util.ArrayList.forEach(ArrayList.java:1511)
	at org.testng.TestRunner.privateRun(TestRunner.java:794)
	at org.testng.TestRunner.run(TestRunner.java:596)
	at org.testng.SuiteRunner.runTest(SuiteRunner.java:377)
	at org.testng.SuiteRunner.runSequentially(SuiteRunner.java:371)
	at org.testng.SuiteRunner.privateRun(SuiteRunner.java:332)
	at org.testng.SuiteRunner.run(SuiteRunner.java:276)
	at org.testng.SuiteRunnerWorker.runSuite(SuiteRunnerWorker.java:53)
	at org.testng.SuiteRunnerWorker.run(SuiteRunnerWorker.java:96)
	at org.testng.TestNG.runSuitesSequentially(TestNG.java:1212)
	at org.testng.TestNG.runSuitesLocally(TestNG.java:1134)
	at org.testng.TestNG.runSuites(TestNG.java:1063)
	at org.testng.TestNG.run(TestNG.java:1031)
	at org.testng.remote.AbstractRemoteTestNG.run(AbstractRemoteTestNG.java:115)
	at org.testng.remote.RemoteTestNG.initAndRun(RemoteTestNG.java:251)
	at org.testng.remote.RemoteTestNG.main(RemoteTestNG.java:77)
</pre></div></td>
<td>0</td>
<td>script.createpodsc@5677323c</td></tr>
</table><p>
<table width='100%' border='1' class='invocation-failed'>
<tr><td colspan='4' align='center'><b>FAILED TESTS</b></td></tr>
<tr><td><b>Test method</b></td>
<td width="30%"><b>Exception</b></td>
<td width="10%"><b>Time (seconds)</b></td>
<td><b>Instance</b></td>
</tr>
<tr>
<td title='script.createpodsc.poCreation()'><b>poCreation</b><br>Test class: script.createpodsc<br>Test method: Validate PO creation success toast message<br/>
<a href="#Output-689602108" onClick='toggleBox("Output-689602108", this, "Show output", "Hide output");'>Show output</a>

<a href="#Output-689602108" onClick="toggleAllBoxes();">Show all outputs</a>
<div class='log' id="Output-689602108">
Cannot invoke "org.openqa.selenium.JavascriptExecutor.executeScript(String, Object[])" because "scrolltoSavebtn" is null<br/>
</div>
</td>
<td><div><pre>java.lang.AssertionError: null
	at script.createpodsc.poCreation(createpodsc.java:425)
	at java.base/java.util.ArrayList.forEach(ArrayList.java:1511)
... Removed 29 stack frames</pre></div><a href='#' onClick='toggleBox("stack-trace689602108", this, "Click to show all stack frames", "Click to hide stack frames")'>Click to show all stack frames</a>
<div class='stack-trace' id='stack-trace689602108'><pre>java.lang.AssertionError: null
	at org.testng.Assert.fail(Assert.java:99)
	at org.testng.Assert.fail(Assert.java:106)
	at script.createpodsc.poCreation(createpodsc.java:425)
	at java.base/jdk.internal.reflect.NativeMethodAccessorImpl.invoke0(Native Method)
	at java.base/jdk.internal.reflect.NativeMethodAccessorImpl.invoke(NativeMethodAccessorImpl.java:64)
	at java.base/jdk.internal.reflect.DelegatingMethodAccessorImpl.invoke(DelegatingMethodAccessorImpl.java:43)
	at java.base/java.lang.reflect.Method.invoke(Method.java:564)
	at org.testng.internal.MethodInvocationHelper.invokeMethod(MethodInvocationHelper.java:133)
	at org.testng.internal.TestInvoker.invokeMethod(TestInvoker.java:598)
	at org.testng.internal.TestInvoker.invokeTestMethod(TestInvoker.java:173)
	at org.testng.internal.MethodRunner.runInSequence(MethodRunner.java:46)
	at org.testng.internal.TestInvoker$MethodInvocationAgent.invoke(TestInvoker.java:824)
	at org.testng.internal.TestInvoker.invokeTestMethods(TestInvoker.java:146)
	at org.testng.internal.TestMethodWorker.invokeTestMethods(TestMethodWorker.java:146)
	at org.testng.internal.TestMethodWorker.run(TestMethodWorker.java:128)
	at java.base/java.util.ArrayList.forEach(ArrayList.java:1511)
	at org.testng.TestRunner.privateRun(TestRunner.java:794)
	at org.testng.TestRunner.run(TestRunner.java:596)
	at org.testng.SuiteRunner.runTest(SuiteRunner.java:377)
	at org.testng.SuiteRunner.runSequentially(SuiteRunner.java:371)
	at org.testng.SuiteRunner.privateRun(SuiteRunner.java:332)
	at org.testng.SuiteRunner.run(SuiteRunner.java:276)
	at org.testng.SuiteRunnerWorker.runSuite(SuiteRunnerWorker.java:53)
	at org.testng.SuiteRunnerWorker.run(SuiteRunnerWorker.java:96)
	at org.testng.TestNG.runSuitesSequentially(TestNG.java:1212)
	at org.testng.TestNG.runSuitesLocally(TestNG.java:1134)
	at org.testng.TestNG.runSuites(TestNG.java:1063)
	at org.testng.TestNG.run(TestNG.java:1031)
	at org.testng.remote.AbstractRemoteTestNG.run(AbstractRemoteTestNG.java:115)
	at org.testng.remote.RemoteTestNG.initAndRun(RemoteTestNG.java:251)
	at org.testng.remote.RemoteTestNG.main(RemoteTestNG.java:77)
</pre></div></td>
<td>1</td>
<td>script.createpodsc@5677323c</td></tr>
<tr>
<td title='script.createpodsc.generatePO()'><b>generatePO</b><br>Test class: script.createpodsc<br>Test method: Generate PO number and save in write properties<br/>
<a href="#Output-1825445620" onClick='toggleBox("Output-1825445620", this, "Show output", "Hide output");'>Show output</a>

<a href="#Output-1825445620" onClick="toggleAllBoxes();">Show all outputs</a>
<div class='log' id="Output-1825445620">
null<br/>
</div>
</td>
<td><div><pre>java.lang.AssertionError: null
	at script.createpodsc.generatePO(createpodsc.java:406)
	at java.base/java.util.ArrayList.forEach(ArrayList.java:1511)
... Removed 29 stack frames</pre></div><a href='#' onClick='toggleBox("stack-trace1825445620", this, "Click to show all stack frames", "Click to hide stack frames")'>Click to show all stack frames</a>
<div class='stack-trace' id='stack-trace1825445620'><pre>java.lang.AssertionError: null
	at org.testng.Assert.fail(Assert.java:99)
	at org.testng.Assert.fail(Assert.java:106)
	at script.createpodsc.generatePO(createpodsc.java:406)
	at java.base/jdk.internal.reflect.NativeMethodAccessorImpl.invoke0(Native Method)
	at java.base/jdk.internal.reflect.NativeMethodAccessorImpl.invoke(NativeMethodAccessorImpl.java:64)
	at java.base/jdk.internal.reflect.DelegatingMethodAccessorImpl.invoke(DelegatingMethodAccessorImpl.java:43)
	at java.base/java.lang.reflect.Method.invoke(Method.java:564)
	at org.testng.internal.MethodInvocationHelper.invokeMethod(MethodInvocationHelper.java:133)
	at org.testng.internal.TestInvoker.invokeMethod(TestInvoker.java:598)
	at org.testng.internal.TestInvoker.invokeTestMethod(TestInvoker.java:173)
	at org.testng.internal.MethodRunner.runInSequence(MethodRunner.java:46)
	at org.testng.internal.TestInvoker$MethodInvocationAgent.invoke(TestInvoker.java:824)
	at org.testng.internal.TestInvoker.invokeTestMethods(TestInvoker.java:146)
	at org.testng.internal.TestMethodWorker.invokeTestMethods(TestMethodWorker.java:146)
	at org.testng.internal.TestMethodWorker.run(TestMethodWorker.java:128)
	at java.base/java.util.ArrayList.forEach(ArrayList.java:1511)
	at org.testng.TestRunner.privateRun(TestRunner.java:794)
	at org.testng.TestRunner.run(TestRunner.java:596)
	at org.testng.SuiteRunner.runTest(SuiteRunner.java:377)
	at org.testng.SuiteRunner.runSequentially(SuiteRunner.java:371)
	at org.testng.SuiteRunner.privateRun(SuiteRunner.java:332)
	at org.testng.SuiteRunner.run(SuiteRunner.java:276)
	at org.testng.SuiteRunnerWorker.runSuite(SuiteRunnerWorker.java:53)
	at org.testng.SuiteRunnerWorker.run(SuiteRunnerWorker.java:96)
	at org.testng.TestNG.runSuitesSequentially(TestNG.java:1212)
	at org.testng.TestNG.runSuitesLocally(TestNG.java:1134)
	at org.testng.TestNG.runSuites(TestNG.java:1063)
	at org.testng.TestNG.run(TestNG.java:1031)
	at org.testng.remote.AbstractRemoteTestNG.run(AbstractRemoteTestNG.java:115)
	at org.testng.remote.RemoteTestNG.initAndRun(RemoteTestNG.java:251)
	at org.testng.remote.RemoteTestNG.main(RemoteTestNG.java:77)
</pre></div></td>
<td>0</td>
<td>script.createpodsc@5677323c</td></tr>
<tr>
<td title='script.createpodsc.cancelPoValidation()'><b>cancelPoValidation</b><br>Test class: script.createpodsc<br>Test method: Validate cancel po toast message<br/>
<a href="#Output-409598930" onClick='toggleBox("Output-409598930", this, "Show output", "Hide output");'>Show output</a>

<a href="#Output-409598930" onClick="toggleAllBoxes();">Show all outputs</a>
<div class='log' id="Output-409598930">
Cannot invoke "org.openqa.selenium.WebDriver.findElement(org.openqa.selenium.By)" because "this.driver" is null<br/>
</div>
</td>
<td><div><pre>java.lang.AssertionError: null
	at script.createpodsc.cancelPoValidation(createpodsc.java:386)
	at java.base/java.util.ArrayList.forEach(ArrayList.java:1511)
... Removed 29 stack frames</pre></div><a href='#' onClick='toggleBox("stack-trace409598930", this, "Click to show all stack frames", "Click to hide stack frames")'>Click to show all stack frames</a>
<div class='stack-trace' id='stack-trace409598930'><pre>java.lang.AssertionError: null
	at org.testng.Assert.fail(Assert.java:99)
	at org.testng.Assert.fail(Assert.java:106)
	at script.createpodsc.cancelPoValidation(createpodsc.java:386)
	at java.base/jdk.internal.reflect.NativeMethodAccessorImpl.invoke0(Native Method)
	at java.base/jdk.internal.reflect.NativeMethodAccessorImpl.invoke(NativeMethodAccessorImpl.java:64)
	at java.base/jdk.internal.reflect.DelegatingMethodAccessorImpl.invoke(DelegatingMethodAccessorImpl.java:43)
	at java.base/java.lang.reflect.Method.invoke(Method.java:564)
	at org.testng.internal.MethodInvocationHelper.invokeMethod(MethodInvocationHelper.java:133)
	at org.testng.internal.TestInvoker.invokeMethod(TestInvoker.java:598)
	at org.testng.internal.TestInvoker.invokeTestMethod(TestInvoker.java:173)
	at org.testng.internal.MethodRunner.runInSequence(MethodRunner.java:46)
	at org.testng.internal.TestInvoker$MethodInvocationAgent.invoke(TestInvoker.java:824)
	at org.testng.internal.TestInvoker.invokeTestMethods(TestInvoker.java:146)
	at org.testng.internal.TestMethodWorker.invokeTestMethods(TestMethodWorker.java:146)
	at org.testng.internal.TestMethodWorker.run(TestMethodWorker.java:128)
	at java.base/java.util.ArrayList.forEach(ArrayList.java:1511)
	at org.testng.TestRunner.privateRun(TestRunner.java:794)
	at org.testng.TestRunner.run(TestRunner.java:596)
	at org.testng.SuiteRunner.runTest(SuiteRunner.java:377)
	at org.testng.SuiteRunner.runSequentially(SuiteRunner.java:371)
	at org.testng.SuiteRunner.privateRun(SuiteRunner.java:332)
	at org.testng.SuiteRunner.run(SuiteRunner.java:276)
	at org.testng.SuiteRunnerWorker.runSuite(SuiteRunnerWorker.java:53)
	at org.testng.SuiteRunnerWorker.run(SuiteRunnerWorker.java:96)
	at org.testng.TestNG.runSuitesSequentially(TestNG.java:1212)
	at org.testng.TestNG.runSuitesLocally(TestNG.java:1134)
	at org.testng.TestNG.runSuites(TestNG.java:1063)
	at org.testng.TestNG.run(TestNG.java:1031)
	at org.testng.remote.AbstractRemoteTestNG.run(AbstractRemoteTestNG.java:115)
	at org.testng.remote.RemoteTestNG.initAndRun(RemoteTestNG.java:251)
	at org.testng.remote.RemoteTestNG.main(RemoteTestNG.java:77)
</pre></div></td>
<td>0</td>
<td>script.createpodsc@5677323c</td></tr>
</table><p>
<table width='100%' border='1' class='invocation-passed'>
<tr><td colspan='4' align='center'><b>PASSED TESTS</b></td></tr>
<tr><td><b>Test method</b></td>
<td width="30%"><b>Exception</b></td>
<td width="10%"><b>Time (seconds)</b></td>
<td><b>Instance</b></td>
</tr>
<tr>
<td title='script.createpodsc.validatePrice()'><b>validatePrice</b><br>Test class: script.createpodsc<br>Test method: Validate price field<br/>
<a href="#Output-21422054" onClick='toggleBox("Output-21422054", this, "Show output", "Hide output");'>Show output</a>

<a href="#Output-21422054" onClick="toggleAllBoxes();">Show all outputs</a>
<div class='log' id="Output-21422054">
Cannot invoke "org.openqa.selenium.SearchContext.findElement(org.openqa.selenium.By)" because "this.searchContext" is null<br/>
</div>
</td>
<td></td>
<td>0</td>
<td>script.createpodsc@5677323c</td></tr>
<tr>
<td title='script.createpodsc.deliveryDistrictValidation()'><b>deliveryDistrictValidation</b><br>Test class: script.createpodsc<br>Test method: Validating Delivery location<br/>
<a href="#Output-795326519" onClick='toggleBox("Output-795326519", this, "Show output", "Hide output");'>Show output</a>

<a href="#Output-795326519" onClick="toggleAllBoxes();">Show all outputs</a>
<div class='log' id="Output-795326519">
Cannot invoke "org.openqa.selenium.WebDriver.findElement(org.openqa.selenium.By)" because "this.driver" is null<br/>
</div>
</td>
<td></td>
<td>1</td>
<td>script.createpodsc@5677323c</td></tr>
<tr>
<td title='script.createpodsc.buyerLinkValidation()'><b>buyerLinkValidation</b><br>Test class: script.createpodsc<br>Test method: Register new buyer link validation<br/>
<a href="#Output-1733581655" onClick='toggleBox("Output-1733581655", this, "Show output", "Hide output");'>Show output</a>

<a href="#Output-1733581655" onClick="toggleAllBoxes();">Show all outputs</a>
<div class='log' id="Output-1733581655">
Cannot invoke "org.openqa.selenium.JavascriptExecutor.executeScript(String, Object[])" because "scroll" is null<br/>
</div>
</td>
<td></td>
<td>0</td>
<td>script.createpodsc@5677323c</td></tr>
<tr>
<td title='script.createpodsc.validateQuantity()'><b>validateQuantity</b><br>Test class: script.createpodsc<br>Test method: Validate quantity field<br/>
<a href="#Output-2019826979" onClick='toggleBox("Output-2019826979", this, "Show output", "Hide output");'>Show output</a>

<a href="#Output-2019826979" onClick="toggleAllBoxes();">Show all outputs</a>
<div class='log' id="Output-2019826979">
Cannot invoke "org.openqa.selenium.SearchContext.findElement(org.openqa.selenium.By)" because "this.searchContext" is null<br/>
</div>
</td>
<td></td>
<td>0</td>
<td>script.createpodsc@5677323c</td></tr>
<tr>
<td title='script.createpodsc.buyerOnboardingPage()'><b>buyerOnboardingPage</b><br>Test class: script.createpodsc<br>Test method: Validating Buyer Onboarding page<br/>
<a href="#Output-1814827909" onClick='toggleBox("Output-1814827909", this, "Show output", "Hide output");'>Show output</a>

<a href="#Output-1814827909" onClick="toggleAllBoxes();">Show all outputs</a>
<div class='log' id="Output-1814827909">
Cannot invoke "org.openqa.selenium.WebDriver.findElement(org.openqa.selenium.By)" because "this.driver" is null<br/>
</div>
</td>
<td></td>
<td>0</td>
<td>script.createpodsc@5677323c</td></tr>
<tr>
<td title='script.createpodsc.validateUnit()'><b>validateUnit</b><br>Test class: script.createpodsc<br>Test method: Validate unit and grade fields<br/>
<a href="#Output-1951963537" onClick='toggleBox("Output-1951963537", this, "Show output", "Hide output");'>Show output</a>

<a href="#Output-1951963537" onClick="toggleAllBoxes();">Show all outputs</a>
<div class='log' id="Output-1951963537">
Cannot invoke "org.openqa.selenium.SearchContext.findElement(org.openqa.selenium.By)" because "this.searchContext" is null<br/>
</div>
</td>
<td></td>
<td>0</td>
<td>script.createpodsc@5677323c</td></tr>
<tr>
<td title='script.createpodsc.searchUser()'><b>searchUser</b><br>Test class: script.createpodsc<br>Test method: Validating search phone number field<br/>
<a href="#Output-1597328335" onClick='toggleBox("Output-1597328335", this, "Show output", "Hide output");'>Show output</a>

<a href="#Output-1597328335" onClick="toggleAllBoxes();">Show all outputs</a>
<div class='log' id="Output-1597328335">
Cannot invoke "org.openqa.selenium.JavascriptExecutor.executeScript(String, Object[])" because "scroll" is null<br/>
</div>
</td>
<td></td>
<td>0</td>
<td>script.createpodsc@5677323c</td></tr>
<tr>
<td title='script.createpodsc.poDates()'><b>poDates</b><br>Test class: script.createpodsc<br>Test method: Validating PO date fields<br/>
<a href="#Output-532885071" onClick='toggleBox("Output-532885071", this, "Show output", "Hide output");'>Show output</a>

<a href="#Output-532885071" onClick="toggleAllBoxes();">Show all outputs</a>
<div class='log' id="Output-532885071">
Cannot invoke "org.openqa.selenium.JavascriptExecutor.executeScript(String, Object[])" because "scrolltostartdate" is null<br/>
</div>
</td>
<td></td>
<td>0</td>
<td>script.createpodsc@5677323c</td></tr>
<tr>
<td title='script.createpodsc.validateCategory()'><b>validateCategory</b><br>Test class: script.createpodsc<br>Test method: Validate category and crop name fields<br/>
<a href="#Output-1034909474" onClick='toggleBox("Output-1034909474", this, "Show output", "Hide output");'>Show output</a>

<a href="#Output-1034909474" onClick="toggleAllBoxes();">Show all outputs</a>
<div class='log' id="Output-1034909474">
Cannot invoke "org.openqa.selenium.SearchContext.findElement(org.openqa.selenium.By)" because "this.searchContext" is null<br/>
</div>
</td>
<td></td>
<td>0</td>
<td>script.createpodsc@5677323c</td></tr>
<tr>
<td title='script.createpodsc.addCrop()'><b>addCrop</b><br>Test class: script.createpodsc<br>Test method: Validate crop added toast message<br/>
<a href="#Output-1192672907" onClick='toggleBox("Output-1192672907", this, "Show output", "Hide output");'>Show output</a>

<a href="#Output-1192672907" onClick="toggleAllBoxes();">Show all outputs</a>
<div class='log' id="Output-1192672907">
Cannot invoke "org.openqa.selenium.WebDriver.findElement(org.openqa.selenium.By)" because "this.driver" is null<br/>
</div>
</td>
<td></td>
<td>0</td>
<td>script.createpodsc@5677323c</td></tr>
</table><p>
</body>
</html>