<?xml version="1.0" encoding="UTF-8"?>
<!-- Generated by org.testng.reporters.JUnitXMLReporter -->
<testsuite ignored="0" hostname="INBNRMARITA" failures="1" tests="14" name="Admin- PO creation1" time="127.217" errors="0" timestamp="2022-01-04T11:06:02 IST">
  <testcase classname="script.createpodsc" name="buyerLinkValidation" time="3.724"/>
  <testcase classname="script.createpodsc" name="buyerOnboardingPage" time="0.931"/>
  <testcase classname="script.createpodsc" name="searchUser" time="27.459"/>
  <testcase classname="script.createpodsc" name="userCardValidation" time="0.058"/>
  <testcase classname="script.createpodsc" name="validateCategory" time="6.619"/>
  <testcase classname="script.createpodsc" name="validateQuantity" time="8.598"/>
  <testcase classname="script.createpodsc" name="validateUnit" time="4.463"/>
  <testcase classname="script.createpodsc" name="validatePrice" time="8.755"/>
  <testcase classname="script.createpodsc" name="addCrop" time="0.064"/>
  <testcase classname="script.createpodsc" name="poDates" time="8.913"/>
  <testcase classname="script.createpodsc" name="deliveryDistrictValidation" time="18.535"/>
  <testcase classname="script.createpodsc" name="cancelPoValidation" time="4.313"/>
  <testcase classname="script.createpodsc" name="generatePO" time="5.153"/>
  <testcase classname="script.createpodsc" name="poCreation" time="21.384">
    <failure type="java.lang.AssertionError" message="null">
      <![CDATA[java.lang.AssertionError: null
at script.createpodsc.poCreation(createpodsc.java:435)
at java.base/java.util.ArrayList.forEach(ArrayList.java:1511)
... Removed 29 stack frames]]>
    </failure>
  </testcase> <!-- poCreation -->
</testsuite> <!-- Admin- PO creation1 -->
