<?xml version="1.0" encoding="UTF-8"?>
<!-- Generated by org.testng.reporters.JUnitXMLReporter -->
<testsuite ignored="0" hostname="INBNRMARITA" failures="0" tests="2" name="Close PO" time="0.017" errors="0" timestamp="2021-12-07T12:04:24 IST">
  <testcase classname="generic.WebBase" name="@BeforeClass openApplication" time="-1.63885886433E9">
    <failure type="org.testng.TestNGException" message="
Parameter &amp;apos;Url&amp;apos; is required by BeforeClass on method openApplication but has not been marked @Optional or defined
in C:\Users\5028\OneDrive - PALC Networks\Documents\D-DriveData\workspace_automation\falca_dsc_automation_web\AdminFlow.xml">
      <![CDATA[org.testng.TestNGException: 
Parameter 'Url' is required by BeforeClass on method openApplication but has not been marked @Optional or defined
in C:\Users\5028\OneDrive - PALC Networks\Documents\D-DriveData\workspace_automation\falca_dsc_automation_web\AdminFlow.xml
at java.base/java.util.ArrayList.forEach(ArrayList.java:1511)
... Removed 23 stack frames]]>
    </failure>
  </testcase> <!-- @BeforeClass openApplication -->
  <testcase classname="generic.WebBase" name="@AfterClass closeApplication" time="-1.638858864336E9">
    <skipped/>
  </testcase> <!-- @AfterClass closeApplication -->
  <testcase classname="script.ClosePO" name="poClose" time="0.0">
    <skipped/>
  </testcase> <!-- poClose -->
  <testcase classname="script.ClosePO" name="closePO" time="0.0">
    <skipped/>
  </testcase> <!-- closePO -->
</testsuite> <!-- Close PO -->
