<html>
<head>
<title>TestNG:  Farmer Onboarding</title>
<link href="../testng.css" rel="stylesheet" type="text/css" />
<link href="../my-testng.css" rel="stylesheet" type="text/css" />

<style type="text/css">
.log { display: none;} 
.stack-trace { display: none;} 
</style>
<script type="text/javascript">
<!--
function flip(e) {
  current = e.style.display;
  if (current == 'block') {
    e.style.display = 'none';
    return 0;
  }
  else {
    e.style.display = 'block';
    return 1;
  }
}

function toggleBox(szDivId, elem, msg1, msg2)
{
  var res = -1;  if (document.getElementById) {
    res = flip(document.getElementById(szDivId));
  }
  else if (document.all) {
    // this is the way old msie versions work
    res = flip(document.all[szDivId]);
  }
  if(elem) {
    if(res == 0) elem.innerHTML = msg1; else elem.innerHTML = msg2;
  }

}

function toggleAllBoxes() {
  if (document.getElementsByTagName) {
    d = document.getElementsByTagName('div');
    for (i = 0; i < d.length; i++) {
      if (d[i].className == 'log') {
        flip(d[i]);
      }
    }
  }
}

// -->
</script>

</head>
<body>
<h2 align='center'>Farmer Onboarding</h2><table border='1' align="center">
<tr>
<td>Tests passed/Failed/Skipped:</td><td>14/3/0</td>
</tr><tr>
<td>Started on:</td><td>Tue Feb 15 18:06:12 IST 2022</td>
</tr>
<tr><td>Total time:</td><td>202 seconds (202619 ms)</td>
</tr><tr>
<td>Included groups:</td><td></td>
</tr><tr>
<td>Excluded groups:</td><td></td>
</tr>
</table><p/>
<small><i>(Hover the method name to see the test class name)</i></small><p/>
<table width='100%' border='1' class='invocation-failed'>
<tr><td colspan='4' align='center'><b>FAILED TESTS</b></td></tr>
<tr><td><b>Test method</b></td>
<td width="30%"><b>Exception</b></td>
<td width="10%"><b>Time (seconds)</b></td>
<td><b>Instance</b></td>
</tr>
<tr>
<td title='script.CreatePO.cancelPoValidation()'><b>cancelPoValidation</b><br>Test class: script.CreatePO<br>Test method: Validate cancel po toast message<br/>
<a href="#Output-667680223" onClick='toggleBox("Output-667680223", this, "Show output", "Hide output");'>Show output</a>

<a href="#Output-667680223" onClick="toggleAllBoxes();">Show all outputs</a>
<div class='log' id="Output-667680223">
no such element: Unable to locate element: {"method":"xpath","selector":"//div[text()=' Generate PO number ']"}
  (Session info: chrome=98.0.4758.82)
For documentation on this error, please visit: https://www.seleniumhq.org/exceptions/no_such_element.html
Build info: version: '3.141.59', revision: 'e82be7d358', time: '2018-11-14T08:25:48'
System info: host: 'INBNRMARITA', ip: '172.25.1.70', os.name: 'Windows 10', os.arch: 'amd64', os.version: '10.0', java.version: '15.0.2'
Driver info: org.openqa.selenium.chrome.ChromeDriver
Capabilities {acceptInsecureCerts: false, browserName: chrome, browserVersion: 98.0.4758.82, chrome: {chromedriverVersion: 98.0.4758.80 (7f0488e8ba0d8..., userDataDir: C:\Users\5028\AppData\Local...}, goog:chromeOptions: {debuggerAddress: localhost:56519}, javascriptEnabled: true, networkConnectionEnabled: false, pageLoadStrategy: normal, platform: WINDOWS, platformName: WINDOWS, proxy: Proxy(), setWindowRect: true, strictFileInteractability: false, timeouts: {implicit: 0, pageLoad: 300000, script: 30000}, unhandledPromptBehavior: dismiss and notify, webauthn:extension:credBlob: true, webauthn:extension:largeBlob: true, webauthn:virtualAuthenticators: true}
Session ID: a16dd87c0e9b12aee30fd84d976e0440
*** Element info: {Using=xpath, value=//div[text()=' Generate PO number ']}<br/>
</div>
</td>
<td><div><pre>java.lang.AssertionError: null
	at script.CreatePO.cancelPoValidation(CreatePO.java:435)
	at java.base/java.util.ArrayList.forEach(ArrayList.java:1511)
... Removed 29 stack frames</pre></div><a href='#' onClick='toggleBox("stack-trace667680223", this, "Click to show all stack frames", "Click to hide stack frames")'>Click to show all stack frames</a>
<div class='stack-trace' id='stack-trace667680223'><pre>java.lang.AssertionError: null
	at org.testng.Assert.fail(Assert.java:99)
	at org.testng.Assert.fail(Assert.java:106)
	at script.CreatePO.cancelPoValidation(CreatePO.java:435)
	at java.base/jdk.internal.reflect.NativeMethodAccessorImpl.invoke0(Native Method)
	at java.base/jdk.internal.reflect.NativeMethodAccessorImpl.invoke(NativeMethodAccessorImpl.java:64)
	at java.base/jdk.internal.reflect.DelegatingMethodAccessorImpl.invoke(DelegatingMethodAccessorImpl.java:43)
	at java.base/java.lang.reflect.Method.invoke(Method.java:564)
	at org.testng.internal.MethodInvocationHelper.invokeMethod(MethodInvocationHelper.java:133)
	at org.testng.internal.TestInvoker.invokeMethod(TestInvoker.java:598)
	at org.testng.internal.TestInvoker.invokeTestMethod(TestInvoker.java:173)
	at org.testng.internal.MethodRunner.runInSequence(MethodRunner.java:46)
	at org.testng.internal.TestInvoker$MethodInvocationAgent.invoke(TestInvoker.java:824)
	at org.testng.internal.TestInvoker.invokeTestMethods(TestInvoker.java:146)
	at org.testng.internal.TestMethodWorker.invokeTestMethods(TestMethodWorker.java:146)
	at org.testng.internal.TestMethodWorker.run(TestMethodWorker.java:128)
	at java.base/java.util.ArrayList.forEach(ArrayList.java:1511)
	at org.testng.TestRunner.privateRun(TestRunner.java:794)
	at org.testng.TestRunner.run(TestRunner.java:596)
	at org.testng.SuiteRunner.runTest(SuiteRunner.java:377)
	at org.testng.SuiteRunner.runSequentially(SuiteRunner.java:371)
	at org.testng.SuiteRunner.privateRun(SuiteRunner.java:332)
	at org.testng.SuiteRunner.run(SuiteRunner.java:276)
	at org.testng.SuiteRunnerWorker.runSuite(SuiteRunnerWorker.java:53)
	at org.testng.SuiteRunnerWorker.run(SuiteRunnerWorker.java:96)
	at org.testng.TestNG.runSuitesSequentially(TestNG.java:1212)
	at org.testng.TestNG.runSuitesLocally(TestNG.java:1134)
	at org.testng.TestNG.runSuites(TestNG.java:1063)
	at org.testng.TestNG.run(TestNG.java:1031)
	at org.testng.remote.AbstractRemoteTestNG.run(AbstractRemoteTestNG.java:115)
	at org.testng.remote.RemoteTestNG.initAndRun(RemoteTestNG.java:251)
	at org.testng.remote.RemoteTestNG.main(RemoteTestNG.java:77)
</pre></div></td>
<td>10</td>
<td>script.CreatePO@17497425</td></tr>
<tr>
<td title='script.CreatePO.generatePO()'><b>generatePO</b><br>Test class: script.CreatePO<br>Test method: Generate PO number and save in write properties<br/>
<a href="#Output-1098568947" onClick='toggleBox("Output-1098568947", this, "Show output", "Hide output");'>Show output</a>

<a href="#Output-1098568947" onClick="toggleAllBoxes();">Show all outputs</a>
<div class='log' id="Output-1098568947">
Expected condition failed: waiting for visibility of element located by By.xpath: //div[text()=' Generate PO number '] (tried for 20 second(s) with 500 milliseconds interval)<br/>
</div>
</td>
<td><div><pre>java.lang.AssertionError: null
	at script.CreatePO.generatePO(CreatePO.java:455)
	at java.base/java.util.ArrayList.forEach(ArrayList.java:1511)
... Removed 29 stack frames</pre></div><a href='#' onClick='toggleBox("stack-trace1098568947", this, "Click to show all stack frames", "Click to hide stack frames")'>Click to show all stack frames</a>
<div class='stack-trace' id='stack-trace1098568947'><pre>java.lang.AssertionError: null
	at org.testng.Assert.fail(Assert.java:99)
	at org.testng.Assert.fail(Assert.java:106)
	at script.CreatePO.generatePO(CreatePO.java:455)
	at java.base/jdk.internal.reflect.NativeMethodAccessorImpl.invoke0(Native Method)
	at java.base/jdk.internal.reflect.NativeMethodAccessorImpl.invoke(NativeMethodAccessorImpl.java:64)
	at java.base/jdk.internal.reflect.DelegatingMethodAccessorImpl.invoke(DelegatingMethodAccessorImpl.java:43)
	at java.base/java.lang.reflect.Method.invoke(Method.java:564)
	at org.testng.internal.MethodInvocationHelper.invokeMethod(MethodInvocationHelper.java:133)
	at org.testng.internal.TestInvoker.invokeMethod(TestInvoker.java:598)
	at org.testng.internal.TestInvoker.invokeTestMethod(TestInvoker.java:173)
	at org.testng.internal.MethodRunner.runInSequence(MethodRunner.java:46)
	at org.testng.internal.TestInvoker$MethodInvocationAgent.invoke(TestInvoker.java:824)
	at org.testng.internal.TestInvoker.invokeTestMethods(TestInvoker.java:146)
	at org.testng.internal.TestMethodWorker.invokeTestMethods(TestMethodWorker.java:146)
	at org.testng.internal.TestMethodWorker.run(TestMethodWorker.java:128)
	at java.base/java.util.ArrayList.forEach(ArrayList.java:1511)
	at org.testng.TestRunner.privateRun(TestRunner.java:794)
	at org.testng.TestRunner.run(TestRunner.java:596)
	at org.testng.SuiteRunner.runTest(SuiteRunner.java:377)
	at org.testng.SuiteRunner.runSequentially(SuiteRunner.java:371)
	at org.testng.SuiteRunner.privateRun(SuiteRunner.java:332)
	at org.testng.SuiteRunner.run(SuiteRunner.java:276)
	at org.testng.SuiteRunnerWorker.runSuite(SuiteRunnerWorker.java:53)
	at org.testng.SuiteRunnerWorker.run(SuiteRunnerWorker.java:96)
	at org.testng.TestNG.runSuitesSequentially(TestNG.java:1212)
	at org.testng.TestNG.runSuitesLocally(TestNG.java:1134)
	at org.testng.TestNG.runSuites(TestNG.java:1063)
	at org.testng.TestNG.run(TestNG.java:1031)
	at org.testng.remote.AbstractRemoteTestNG.run(AbstractRemoteTestNG.java:115)
	at org.testng.remote.RemoteTestNG.initAndRun(RemoteTestNG.java:251)
	at org.testng.remote.RemoteTestNG.main(RemoteTestNG.java:77)
</pre></div></td>
<td>20</td>
<td>script.CreatePO@17497425</td></tr>
<tr>
<td title='script.CreatePO.poCreation()'><b>poCreation</b><br>Test class: script.CreatePO<br>Test method: Validate PO creation success toast message<br/>
<a href="#Output-600657906" onClick='toggleBox("Output-600657906", this, "Show output", "Hide output");'>Show output</a>

<a href="#Output-600657906" onClick="toggleAllBoxes();">Show all outputs</a>
<div class='log' id="Output-600657906">
Expected condition failed: waiting for visibility of element located by By.xpath: //div[text()=' Save '] (tried for 20 second(s) with 500 milliseconds interval)<br/>
</div>
</td>
<td><div><pre>java.lang.AssertionError: null
	at script.CreatePO.poCreation(CreatePO.java:474)
	at java.base/java.util.ArrayList.forEach(ArrayList.java:1511)
... Removed 29 stack frames</pre></div><a href='#' onClick='toggleBox("stack-trace600657906", this, "Click to show all stack frames", "Click to hide stack frames")'>Click to show all stack frames</a>
<div class='stack-trace' id='stack-trace600657906'><pre>java.lang.AssertionError: null
	at org.testng.Assert.fail(Assert.java:99)
	at org.testng.Assert.fail(Assert.java:106)
	at script.CreatePO.poCreation(CreatePO.java:474)
	at java.base/jdk.internal.reflect.NativeMethodAccessorImpl.invoke0(Native Method)
	at java.base/jdk.internal.reflect.NativeMethodAccessorImpl.invoke(NativeMethodAccessorImpl.java:64)
	at java.base/jdk.internal.reflect.DelegatingMethodAccessorImpl.invoke(DelegatingMethodAccessorImpl.java:43)
	at java.base/java.lang.reflect.Method.invoke(Method.java:564)
	at org.testng.internal.MethodInvocationHelper.invokeMethod(MethodInvocationHelper.java:133)
	at org.testng.internal.TestInvoker.invokeMethod(TestInvoker.java:598)
	at org.testng.internal.TestInvoker.invokeTestMethod(TestInvoker.java:173)
	at org.testng.internal.MethodRunner.runInSequence(MethodRunner.java:46)
	at org.testng.internal.TestInvoker$MethodInvocationAgent.invoke(TestInvoker.java:824)
	at org.testng.internal.TestInvoker.invokeTestMethods(TestInvoker.java:146)
	at org.testng.internal.TestMethodWorker.invokeTestMethods(TestMethodWorker.java:146)
	at org.testng.internal.TestMethodWorker.run(TestMethodWorker.java:128)
	at java.base/java.util.ArrayList.forEach(ArrayList.java:1511)
	at org.testng.TestRunner.privateRun(TestRunner.java:794)
	at org.testng.TestRunner.run(TestRunner.java:596)
	at org.testng.SuiteRunner.runTest(SuiteRunner.java:377)
	at org.testng.SuiteRunner.runSequentially(SuiteRunner.java:371)
	at org.testng.SuiteRunner.privateRun(SuiteRunner.java:332)
	at org.testng.SuiteRunner.run(SuiteRunner.java:276)
	at org.testng.SuiteRunnerWorker.runSuite(SuiteRunnerWorker.java:53)
	at org.testng.SuiteRunnerWorker.run(SuiteRunnerWorker.java:96)
	at org.testng.TestNG.runSuitesSequentially(TestNG.java:1212)
	at org.testng.TestNG.runSuitesLocally(TestNG.java:1134)
	at org.testng.TestNG.runSuites(TestNG.java:1063)
	at org.testng.TestNG.run(TestNG.java:1031)
	at org.testng.remote.AbstractRemoteTestNG.run(AbstractRemoteTestNG.java:115)
	at org.testng.remote.RemoteTestNG.initAndRun(RemoteTestNG.java:251)
	at org.testng.remote.RemoteTestNG.main(RemoteTestNG.java:77)
</pre></div></td>
<td>21</td>
<td>script.CreatePO@17497425</td></tr>
</table><p>
<table width='100%' border='1' class='invocation-passed'>
<tr><td colspan='4' align='center'><b>PASSED TESTS</b></td></tr>
<tr><td><b>Test method</b></td>
<td width="30%"><b>Exception</b></td>
<td width="10%"><b>Time (seconds)</b></td>
<td><b>Instance</b></td>
</tr>
<tr>
<td title='script.CreatePO.addCropButton()'><b>addCropButton</b><br>Test class: script.CreatePO<br>Test method: Validating add crop button<br/>
<a href="#Output-988179589" onClick='toggleBox("Output-988179589", this, "Show output", "Hide output");'>Show output</a>

<a href="#Output-988179589" onClick="toggleAllBoxes();">Show all outputs</a>
<div class='log' id="Output-988179589">
no such element: Unable to locate element: {"method":"xpath","selector":"//div[text()=' Add crop ']"}
  (Session info: chrome=98.0.4758.82)
For documentation on this error, please visit: https://www.seleniumhq.org/exceptions/no_such_element.html
Build info: version: '3.141.59', revision: 'e82be7d358', time: '2018-11-14T08:25:48'
System info: host: 'INBNRMARITA', ip: '172.25.1.70', os.name: 'Windows 10', os.arch: 'amd64', os.version: '10.0', java.version: '15.0.2'
Driver info: org.openqa.selenium.chrome.ChromeDriver
Capabilities {acceptInsecureCerts: false, browserName: chrome, browserVersion: 98.0.4758.82, chrome: {chromedriverVersion: 98.0.4758.80 (7f0488e8ba0d8..., userDataDir: C:\Users\5028\AppData\Local...}, goog:chromeOptions: {debuggerAddress: localhost:56519}, javascriptEnabled: true, networkConnectionEnabled: false, pageLoadStrategy: normal, platform: WINDOWS, platformName: WINDOWS, proxy: Proxy(), setWindowRect: true, strictFileInteractability: false, timeouts: {implicit: 0, pageLoad: 300000, script: 30000}, unhandledPromptBehavior: dismiss and notify, webauthn:extension:credBlob: true, webauthn:extension:largeBlob: true, webauthn:virtualAuthenticators: true}
Session ID: a16dd87c0e9b12aee30fd84d976e0440
*** Element info: {Using=xpath, value=//div[text()=' Add crop ']}<br/>
</div>
</td>
<td></td>
<td>10</td>
<td>script.CreatePO@17497425</td></tr>
<tr>
<td title='script.CreatePO.buyerLinkValidation()'><b>buyerLinkValidation</b><br>Test class: script.CreatePO<br>Test method: Register new buyer link validation</td>
<td></td>
<td>3</td>
<td>script.CreatePO@17497425</td></tr>
<tr>
<td title='script.CreatePO.validatePrice()'><b>validatePrice</b><br>Test class: script.CreatePO<br>Test method: Validate price field<br/>
<a href="#Output-233951222" onClick='toggleBox("Output-233951222", this, "Show output", "Hide output");'>Show output</a>

<a href="#Output-233951222" onClick="toggleAllBoxes();">Show all outputs</a>
<div class='log' id="Output-233951222">
no such element: Unable to locate element: {"method":"xpath","selector":"//div[text()='Add']"}
  (Session info: chrome=98.0.4758.82)
For documentation on this error, please visit: https://www.seleniumhq.org/exceptions/no_such_element.html
Build info: version: '3.141.59', revision: 'e82be7d358', time: '2018-11-14T08:25:48'
System info: host: 'INBNRMARITA', ip: '172.25.1.70', os.name: 'Windows 10', os.arch: 'amd64', os.version: '10.0', java.version: '15.0.2'
Driver info: org.openqa.selenium.chrome.ChromeDriver
Capabilities {acceptInsecureCerts: false, browserName: chrome, browserVersion: 98.0.4758.82, chrome: {chromedriverVersion: 98.0.4758.80 (7f0488e8ba0d8..., userDataDir: C:\Users\5028\AppData\Local...}, goog:chromeOptions: {debuggerAddress: localhost:56519}, javascriptEnabled: true, networkConnectionEnabled: false, pageLoadStrategy: normal, platform: WINDOWS, platformName: WINDOWS, proxy: Proxy(), setWindowRect: true, strictFileInteractability: false, timeouts: {implicit: 0, pageLoad: 300000, script: 30000}, unhandledPromptBehavior: dismiss and notify, webauthn:extension:credBlob: true, webauthn:extension:largeBlob: true, webauthn:virtualAuthenticators: true}
Session ID: a16dd87c0e9b12aee30fd84d976e0440
*** Element info: {Using=xpath, value=//div[text()='Add']}<br/>
</div>
</td>
<td></td>
<td>10</td>
<td>script.CreatePO@17497425</td></tr>
<tr>
<td title='script.CreatePO.buyerOnboardingPage()'><b>buyerOnboardingPage</b><br>Test class: script.CreatePO<br>Test method: Validating Buyer Onboarding page</td>
<td></td>
<td>4</td>
<td>script.CreatePO@17497425</td></tr>
<tr>
<td title='script.CreatePO.validateAddCropButton()'><b>validateAddCropButton</b><br>Test class: script.CreatePO<br>Test method: Validating disabled  add crop button<br/>
<a href="#Output-1602785474" onClick='toggleBox("Output-1602785474", this, "Show output", "Hide output");'>Show output</a>

<a href="#Output-1602785474" onClick="toggleAllBoxes();">Show all outputs</a>
<div class='log' id="Output-1602785474">
no such element: Unable to locate element: {"method":"xpath","selector":"//div[text()=' Add crop ']"}
  (Session info: chrome=98.0.4758.82)
For documentation on this error, please visit: https://www.seleniumhq.org/exceptions/no_such_element.html
Build info: version: '3.141.59', revision: 'e82be7d358', time: '2018-11-14T08:25:48'
System info: host: 'INBNRMARITA', ip: '172.25.1.70', os.name: 'Windows 10', os.arch: 'amd64', os.version: '10.0', java.version: '15.0.2'
Driver info: org.openqa.selenium.chrome.ChromeDriver
Capabilities {acceptInsecureCerts: false, browserName: chrome, browserVersion: 98.0.4758.82, chrome: {chromedriverVersion: 98.0.4758.80 (7f0488e8ba0d8..., userDataDir: C:\Users\5028\AppData\Local...}, goog:chromeOptions: {debuggerAddress: localhost:56519}, javascriptEnabled: true, networkConnectionEnabled: false, pageLoadStrategy: normal, platform: WINDOWS, platformName: WINDOWS, proxy: Proxy(), setWindowRect: true, strictFileInteractability: false, timeouts: {implicit: 0, pageLoad: 300000, script: 30000}, unhandledPromptBehavior: dismiss and notify, webauthn:extension:credBlob: true, webauthn:extension:largeBlob: true, webauthn:virtualAuthenticators: true}
Session ID: a16dd87c0e9b12aee30fd84d976e0440
*** Element info: {Using=xpath, value=//div[text()=' Add crop ']}<br/>
</div>
</td>
<td></td>
<td>10</td>
<td>script.CreatePO@17497425</td></tr>
<tr>
<td title='script.CreatePO.validateQuantity()'><b>validateQuantity</b><br>Test class: script.CreatePO<br>Test method: Validate quantity field<br/>
<a href="#Output-1174687658" onClick='toggleBox("Output-1174687658", this, "Show output", "Hide output");'>Show output</a>

<a href="#Output-1174687658" onClick="toggleAllBoxes();">Show all outputs</a>
<div class='log' id="Output-1174687658">
no such element: Unable to locate element: {"method":"xpath","selector":"//div[text()='Add']"}
  (Session info: chrome=98.0.4758.82)
For documentation on this error, please visit: https://www.seleniumhq.org/exceptions/no_such_element.html
Build info: version: '3.141.59', revision: 'e82be7d358', time: '2018-11-14T08:25:48'
System info: host: 'INBNRMARITA', ip: '172.25.1.70', os.name: 'Windows 10', os.arch: 'amd64', os.version: '10.0', java.version: '15.0.2'
Driver info: org.openqa.selenium.chrome.ChromeDriver
Capabilities {acceptInsecureCerts: false, browserName: chrome, browserVersion: 98.0.4758.82, chrome: {chromedriverVersion: 98.0.4758.80 (7f0488e8ba0d8..., userDataDir: C:\Users\5028\AppData\Local...}, goog:chromeOptions: {debuggerAddress: localhost:56519}, javascriptEnabled: true, networkConnectionEnabled: false, pageLoadStrategy: normal, platform: WINDOWS, platformName: WINDOWS, proxy: Proxy(), setWindowRect: true, strictFileInteractability: false, timeouts: {implicit: 0, pageLoad: 300000, script: 30000}, unhandledPromptBehavior: dismiss and notify, webauthn:extension:credBlob: true, webauthn:extension:largeBlob: true, webauthn:virtualAuthenticators: true}
Session ID: a16dd87c0e9b12aee30fd84d976e0440
*** Element info: {Using=xpath, value=//div[text()='Add']}<br/>
</div>
</td>
<td></td>
<td>10</td>
<td>script.CreatePO@17497425</td></tr>
<tr>
<td title='script.CreatePO.validateUnit()'><b>validateUnit</b><br>Test class: script.CreatePO<br>Test method: Validate unit and grade fields<br/>
<a href="#Output-810262298" onClick='toggleBox("Output-810262298", this, "Show output", "Hide output");'>Show output</a>

<a href="#Output-810262298" onClick="toggleAllBoxes();">Show all outputs</a>
<div class='log' id="Output-810262298">
no such element: Unable to locate element: {"method":"xpath","selector":"//div[text()='Add']"}
  (Session info: chrome=98.0.4758.82)
For documentation on this error, please visit: https://www.seleniumhq.org/exceptions/no_such_element.html
Build info: version: '3.141.59', revision: 'e82be7d358', time: '2018-11-14T08:25:48'
System info: host: 'INBNRMARITA', ip: '172.25.1.70', os.name: 'Windows 10', os.arch: 'amd64', os.version: '10.0', java.version: '15.0.2'
Driver info: org.openqa.selenium.chrome.ChromeDriver
Capabilities {acceptInsecureCerts: false, browserName: chrome, browserVersion: 98.0.4758.82, chrome: {chromedriverVersion: 98.0.4758.80 (7f0488e8ba0d8..., userDataDir: C:\Users\5028\AppData\Local...}, goog:chromeOptions: {debuggerAddress: localhost:56519}, javascriptEnabled: true, networkConnectionEnabled: false, pageLoadStrategy: normal, platform: WINDOWS, platformName: WINDOWS, proxy: Proxy(), setWindowRect: true, strictFileInteractability: false, timeouts: {implicit: 0, pageLoad: 300000, script: 30000}, unhandledPromptBehavior: dismiss and notify, webauthn:extension:credBlob: true, webauthn:extension:largeBlob: true, webauthn:virtualAuthenticators: true}
Session ID: a16dd87c0e9b12aee30fd84d976e0440
*** Element info: {Using=xpath, value=//div[text()='Add']}<br/>
</div>
</td>
<td></td>
<td>10</td>
<td>script.CreatePO@17497425</td></tr>
<tr>
<td title='script.CreatePO.deliveryDistrictValidation()'><b>deliveryDistrictValidation</b><br>Test class: script.CreatePO<br>Test method: Validating Delivery location<br/>
<a href="#Output-1713546896" onClick='toggleBox("Output-1713546896", this, "Show output", "Hide output");'>Show output</a>

<a href="#Output-1713546896" onClick="toggleAllBoxes();">Show all outputs</a>
<div class='log' id="Output-1713546896">
no such element: Unable to locate element: {"method":"xpath","selector":"//*[@id="__blaze-root"]/div[3]/div[3]/div[2]/div/input"}
  (Session info: chrome=98.0.4758.82)
For documentation on this error, please visit: https://www.seleniumhq.org/exceptions/no_such_element.html
Build info: version: '3.141.59', revision: 'e82be7d358', time: '2018-11-14T08:25:48'
System info: host: 'INBNRMARITA', ip: '172.25.1.70', os.name: 'Windows 10', os.arch: 'amd64', os.version: '10.0', java.version: '15.0.2'
Driver info: org.openqa.selenium.chrome.ChromeDriver
Capabilities {acceptInsecureCerts: false, browserName: chrome, browserVersion: 98.0.4758.82, chrome: {chromedriverVersion: 98.0.4758.80 (7f0488e8ba0d8..., userDataDir: C:\Users\5028\AppData\Local...}, goog:chromeOptions: {debuggerAddress: localhost:56519}, javascriptEnabled: true, networkConnectionEnabled: false, pageLoadStrategy: normal, platform: WINDOWS, platformName: WINDOWS, proxy: Proxy(), setWindowRect: true, strictFileInteractability: false, timeouts: {implicit: 0, pageLoad: 300000, script: 30000}, unhandledPromptBehavior: dismiss and notify, webauthn:extension:credBlob: true, webauthn:extension:largeBlob: true, webauthn:virtualAuthenticators: true}
Session ID: a16dd87c0e9b12aee30fd84d976e0440
*** Element info: {Using=xpath, value=//*[@id="__blaze-root"]/div[3]/div[3]/div[2]/div/input}<br/>
</div>
</td>
<td></td>
<td>21</td>
<td>script.CreatePO@17497425</td></tr>
<tr>
<td title='script.CreatePO.poDates()'><b>poDates</b><br>Test class: script.CreatePO<br>Test method: Validating PO date fields<br/>
<a href="#Output-2034975583" onClick='toggleBox("Output-2034975583", this, "Show output", "Hide output");'>Show output</a>

<a href="#Output-2034975583" onClick="toggleAllBoxes();">Show all outputs</a>
<div class='log' id="Output-2034975583">
no such element: Unable to locate element: {"method":"xpath","selector":"//div[text()=' Generate PO number ']"}
  (Session info: chrome=98.0.4758.82)
For documentation on this error, please visit: https://www.seleniumhq.org/exceptions/no_such_element.html
Build info: version: '3.141.59', revision: 'e82be7d358', time: '2018-11-14T08:25:48'
System info: host: 'INBNRMARITA', ip: '172.25.1.70', os.name: 'Windows 10', os.arch: 'amd64', os.version: '10.0', java.version: '15.0.2'
Driver info: org.openqa.selenium.chrome.ChromeDriver
Capabilities {acceptInsecureCerts: false, browserName: chrome, browserVersion: 98.0.4758.82, chrome: {chromedriverVersion: 98.0.4758.80 (7f0488e8ba0d8..., userDataDir: C:\Users\5028\AppData\Local...}, goog:chromeOptions: {debuggerAddress: localhost:56519}, javascriptEnabled: true, networkConnectionEnabled: false, pageLoadStrategy: normal, platform: WINDOWS, platformName: WINDOWS, proxy: Proxy(), setWindowRect: true, strictFileInteractability: false, timeouts: {implicit: 0, pageLoad: 300000, script: 30000}, unhandledPromptBehavior: dismiss and notify, webauthn:extension:credBlob: true, webauthn:extension:largeBlob: true, webauthn:virtualAuthenticators: true}
Session ID: a16dd87c0e9b12aee30fd84d976e0440
*** Element info: {Using=xpath, value=//div[text()=' Generate PO number ']}<br/>
</div>
</td>
<td></td>
<td>11</td>
<td>script.CreatePO@17497425</td></tr>
<tr>
<td title='script.CreatePO.searchButton()'><b>searchButton</b><br>Test class: script.CreatePO<br>Test method: Validating search button<br/>
<a href="#Output-2011695710" onClick='toggleBox("Output-2011695710", this, "Show output", "Hide output");'>Show output</a>

<a href="#Output-2011695710" onClick="toggleAllBoxes();">Show all outputs</a>
<div class='log' id="Output-2011695710">
no such element: Unable to locate element: {"method":"xpath","selector":"//*[@id="__blaze-root"]/div/div/div/div[1]/div/div/div/div/img"}
  (Session info: chrome=98.0.4758.82)
For documentation on this error, please visit: https://www.seleniumhq.org/exceptions/no_such_element.html
Build info: version: '3.141.59', revision: 'e82be7d358', time: '2018-11-14T08:25:48'
System info: host: 'INBNRMARITA', ip: '172.25.1.70', os.name: 'Windows 10', os.arch: 'amd64', os.version: '10.0', java.version: '15.0.2'
Driver info: org.openqa.selenium.chrome.ChromeDriver
Capabilities {acceptInsecureCerts: false, browserName: chrome, browserVersion: 98.0.4758.82, chrome: {chromedriverVersion: 98.0.4758.80 (7f0488e8ba0d8..., userDataDir: C:\Users\5028\AppData\Local...}, goog:chromeOptions: {debuggerAddress: localhost:56519}, javascriptEnabled: true, networkConnectionEnabled: false, pageLoadStrategy: normal, platform: WINDOWS, platformName: WINDOWS, proxy: Proxy(), setWindowRect: true, strictFileInteractability: false, timeouts: {implicit: 0, pageLoad: 300000, script: 30000}, unhandledPromptBehavior: dismiss and notify, webauthn:extension:credBlob: true, webauthn:extension:largeBlob: true, webauthn:virtualAuthenticators: true}
Session ID: a16dd87c0e9b12aee30fd84d976e0440
*** Element info: {Using=xpath, value=//*[@id="__blaze-root"]/div/div/div/div[1]/div/div/div/div/img}<br/>
</div>
</td>
<td></td>
<td>12</td>
<td>script.CreatePO@17497425</td></tr>
<tr>
<td title='script.CreatePO.validateCategory()'><b>validateCategory</b><br>Test class: script.CreatePO<br>Test method: Validate category and crop name fields<br/>
<a href="#Output-1011599868" onClick='toggleBox("Output-1011599868", this, "Show output", "Hide output");'>Show output</a>

<a href="#Output-1011599868" onClick="toggleAllBoxes();">Show all outputs</a>
<div class='log' id="Output-1011599868">
no such element: Unable to locate element: {"method":"xpath","selector":"//div[text()='Add']"}
  (Session info: chrome=98.0.4758.82)
For documentation on this error, please visit: https://www.seleniumhq.org/exceptions/no_such_element.html
Build info: version: '3.141.59', revision: 'e82be7d358', time: '2018-11-14T08:25:48'
System info: host: 'INBNRMARITA', ip: '172.25.1.70', os.name: 'Windows 10', os.arch: 'amd64', os.version: '10.0', java.version: '15.0.2'
Driver info: org.openqa.selenium.chrome.ChromeDriver
Capabilities {acceptInsecureCerts: false, browserName: chrome, browserVersion: 98.0.4758.82, chrome: {chromedriverVersion: 98.0.4758.80 (7f0488e8ba0d8..., userDataDir: C:\Users\5028\AppData\Local...}, goog:chromeOptions: {debuggerAddress: localhost:56519}, javascriptEnabled: true, networkConnectionEnabled: false, pageLoadStrategy: normal, platform: WINDOWS, platformName: WINDOWS, proxy: Proxy(), setWindowRect: true, strictFileInteractability: false, timeouts: {implicit: 0, pageLoad: 300000, script: 30000}, unhandledPromptBehavior: dismiss and notify, webauthn:extension:credBlob: true, webauthn:extension:largeBlob: true, webauthn:virtualAuthenticators: true}
Session ID: a16dd87c0e9b12aee30fd84d976e0440
*** Element info: {Using=xpath, value=//div[text()='Add']}<br/>
</div>
</td>
<td></td>
<td>10</td>
<td>script.CreatePO@17497425</td></tr>
<tr>
<td title='script.CreatePO.addCrop()'><b>addCrop</b><br>Test class: script.CreatePO<br>Test method: Validate crop added toast message<br/>
<a href="#Output-1191874608" onClick='toggleBox("Output-1191874608", this, "Show output", "Hide output");'>Show output</a>

<a href="#Output-1191874608" onClick="toggleAllBoxes();">Show all outputs</a>
<div class='log' id="Output-1191874608">
no such element: Unable to locate element: {"method":"xpath","selector":"//div[text()='Crop Added Successfully']"}
  (Session info: chrome=98.0.4758.82)
For documentation on this error, please visit: https://www.seleniumhq.org/exceptions/no_such_element.html
Build info: version: '3.141.59', revision: 'e82be7d358', time: '2018-11-14T08:25:48'
System info: host: 'INBNRMARITA', ip: '172.25.1.70', os.name: 'Windows 10', os.arch: 'amd64', os.version: '10.0', java.version: '15.0.2'
Driver info: org.openqa.selenium.chrome.ChromeDriver
Capabilities {acceptInsecureCerts: false, browserName: chrome, browserVersion: 98.0.4758.82, chrome: {chromedriverVersion: 98.0.4758.80 (7f0488e8ba0d8..., userDataDir: C:\Users\5028\AppData\Local...}, goog:chromeOptions: {debuggerAddress: localhost:56519}, javascriptEnabled: true, networkConnectionEnabled: false, pageLoadStrategy: normal, platform: WINDOWS, platformName: WINDOWS, proxy: Proxy(), setWindowRect: true, strictFileInteractability: false, timeouts: {implicit: 0, pageLoad: 300000, script: 30000}, unhandledPromptBehavior: dismiss and notify, webauthn:extension:credBlob: true, webauthn:extension:largeBlob: true, webauthn:virtualAuthenticators: true}
Session ID: a16dd87c0e9b12aee30fd84d976e0440
*** Element info: {Using=xpath, value=//div[text()='Crop Added Successfully']}<br/>
</div>
</td>
<td></td>
<td>10</td>
<td>script.CreatePO@17497425</td></tr>
<tr>
<td title='script.CreatePO.searchUser()'><b>searchUser</b><br>Test class: script.CreatePO<br>Test method: Validating search phone number field<br/>
<a href="#Output-200744172" onClick='toggleBox("Output-200744172", this, "Show output", "Hide output");'>Show output</a>

<a href="#Output-200744172" onClick="toggleAllBoxes();">Show all outputs</a>
<div class='log' id="Output-200744172">
no such element: Unable to locate element: {"method":"xpath","selector":"//div[text()='Enter PhoneNumber or CompanyName']"}
  (Session info: chrome=98.0.4758.82)
For documentation on this error, please visit: https://www.seleniumhq.org/exceptions/no_such_element.html
Build info: version: '3.141.59', revision: 'e82be7d358', time: '2018-11-14T08:25:48'
System info: host: 'INBNRMARITA', ip: '172.25.1.70', os.name: 'Windows 10', os.arch: 'amd64', os.version: '10.0', java.version: '15.0.2'
Driver info: org.openqa.selenium.chrome.ChromeDriver
Capabilities {acceptInsecureCerts: false, browserName: chrome, browserVersion: 98.0.4758.82, chrome: {chromedriverVersion: 98.0.4758.80 (7f0488e8ba0d8..., userDataDir: C:\Users\5028\AppData\Local...}, goog:chromeOptions: {debuggerAddress: localhost:56519}, javascriptEnabled: true, networkConnectionEnabled: false, pageLoadStrategy: normal, platform: WINDOWS, platformName: WINDOWS, proxy: Proxy(), setWindowRect: true, strictFileInteractability: false, timeouts: {implicit: 0, pageLoad: 300000, script: 30000}, unhandledPromptBehavior: dismiss and notify, webauthn:extension:credBlob: true, webauthn:extension:largeBlob: true, webauthn:virtualAuthenticators: true}
Session ID: a16dd87c0e9b12aee30fd84d976e0440
*** Element info: {Using=xpath, value=//div[text()='Enter PhoneNumber or CompanyName']}<br/>
</div>
</td>
<td></td>
<td>10</td>
<td>script.CreatePO@17497425</td></tr>
<tr>
<td title='script.CreatePO.userCardValidation()'><b>userCardValidation</b><br>Test class: script.CreatePO<br>Test method: Buyer user card validation<br/>
<a href="#Output-1439361845" onClick='toggleBox("Output-1439361845", this, "Show output", "Hide output");'>Show output</a>

<a href="#Output-1439361845" onClick="toggleAllBoxes();">Show all outputs</a>
<div class='log' id="Output-1439361845">
no such element: Unable to locate element: {"method":"xpath","selector":"//*[@id="createPO"]/div[8]/div[1]"}
  (Session info: chrome=98.0.4758.82)
For documentation on this error, please visit: https://www.seleniumhq.org/exceptions/no_such_element.html
Build info: version: '3.141.59', revision: 'e82be7d358', time: '2018-11-14T08:25:48'
System info: host: 'INBNRMARITA', ip: '172.25.1.70', os.name: 'Windows 10', os.arch: 'amd64', os.version: '10.0', java.version: '15.0.2'
Driver info: org.openqa.selenium.chrome.ChromeDriver
Capabilities {acceptInsecureCerts: false, browserName: chrome, browserVersion: 98.0.4758.82, chrome: {chromedriverVersion: 98.0.4758.80 (7f0488e8ba0d8..., userDataDir: C:\Users\5028\AppData\Local...}, goog:chromeOptions: {debuggerAddress: localhost:56519}, javascriptEnabled: true, networkConnectionEnabled: false, pageLoadStrategy: normal, platform: WINDOWS, platformName: WINDOWS, proxy: Proxy(), setWindowRect: true, strictFileInteractability: false, timeouts: {implicit: 0, pageLoad: 300000, script: 30000}, unhandledPromptBehavior: dismiss and notify, webauthn:extension:credBlob: true, webauthn:extension:largeBlob: true, webauthn:virtualAuthenticators: true}
Session ID: a16dd87c0e9b12aee30fd84d976e0440
*** Element info: {Using=xpath, value=//*[@id="createPO"]/div[8]/div[1]}<br/>
</div>
</td>
<td></td>
<td>10</td>
<td>script.CreatePO@17497425</td></tr>
</table><p>
</body>
</html>