<?xml version="1.0" encoding="UTF-8"?>
<!-- Generated by org.testng.reporters.JUnitXMLReporter -->
<testsuite ignored="0" hostname="INBNRMARITA" failures="0" tests="14" name="SuperAdmin- PO creation" time="0.141" errors="0" timestamp="2021-12-07T12:01:36 IST">
  <testcase classname="generic.WebBase" name="@BeforeClass openApplication" time="-1.63885869628E9">
    <failure type="org.testng.TestNGException" message="
Parameter &amp;apos;Url&amp;apos; is required by BeforeClass on method openApplication but has not been marked @Optional or defined
in C:\Users\5028\OneDrive - PALC Networks\Documents\D-DriveData\workspace_automation\falca_dsc_automation_web\AdminFlow.xml">
      <![CDATA[org.testng.TestNGException: 
Parameter 'Url' is required by BeforeClass on method openApplication but has not been marked @Optional or defined
in C:\Users\5028\OneDrive - PALC Networks\Documents\D-DriveData\workspace_automation\falca_dsc_automation_web\AdminFlow.xml
at java.base/java.util.ArrayList.forEach(ArrayList.java:1511)
... Removed 23 stack frames]]>
    </failure>
  </testcase> <!-- @BeforeClass openApplication -->
  <testcase classname="generic.WebBase" name="@AfterClass closeApplication" time="-1.638858696398E9">
    <skipped/>
  </testcase> <!-- @AfterClass closeApplication -->
  <testcase classname="script.CreatePO" name="buyerLinkValidation" time="0.0">
    <skipped/>
  </testcase> <!-- buyerLinkValidation -->
  <testcase classname="script.CreatePO" name="buyerOnboardingPage" time="0.0">
    <skipped/>
  </testcase> <!-- buyerOnboardingPage -->
  <testcase classname="script.CreatePO" name="searchUser" time="0.0">
    <skipped/>
  </testcase> <!-- searchUser -->
  <testcase classname="script.CreatePO" name="userCardValidation" time="0.0">
    <skipped/>
  </testcase> <!-- userCardValidation -->
  <testcase classname="script.CreatePO" name="validateCategory" time="0.0">
    <skipped/>
  </testcase> <!-- validateCategory -->
  <testcase classname="script.CreatePO" name="validateQuantity" time="0.0">
    <skipped/>
  </testcase> <!-- validateQuantity -->
  <testcase classname="script.CreatePO" name="validateUnit" time="0.0">
    <skipped/>
  </testcase> <!-- validateUnit -->
  <testcase classname="script.CreatePO" name="validatePrice" time="0.0">
    <skipped/>
  </testcase> <!-- validatePrice -->
  <testcase classname="script.CreatePO" name="addCrop" time="0.0">
    <skipped/>
  </testcase> <!-- addCrop -->
  <testcase classname="script.CreatePO" name="poDates" time="0.0">
    <skipped/>
  </testcase> <!-- poDates -->
  <testcase classname="script.CreatePO" name="deliveryDistrictValidation" time="0.0">
    <skipped/>
  </testcase> <!-- deliveryDistrictValidation -->
  <testcase classname="script.CreatePO" name="cancelPoValidation" time="0.0">
    <skipped/>
  </testcase> <!-- cancelPoValidation -->
  <testcase classname="script.CreatePO" name="generatePO" time="0.0">
    <skipped/>
  </testcase> <!-- generatePO -->
  <testcase classname="script.CreatePO" name="poCreation" time="0.0">
    <skipped/>
  </testcase> <!-- poCreation -->
</testsuite> <!-- SuperAdmin- PO creation -->
