<?xml version="1.0" encoding="UTF-8"?>
<!-- Generated by org.testng.reporters.JUnitXMLReporter -->
<testsuite ignored="0" hostname="INBNRMARITA" failures="0" tests="20" name="SuperAdmin- Load Creation" time="0.187" errors="0" timestamp="2021-12-07T12:01:36 IST">
  <testcase classname="generic.WebBase" name="@BeforeClass openApplication" time="-1.638858696614E9">
    <failure type="org.testng.TestNGException" message="
Parameter &amp;apos;Url&amp;apos; is required by BeforeClass on method openApplication but has not been marked @Optional or defined
in C:\Users\5028\OneDrive - PALC Networks\Documents\D-DriveData\workspace_automation\falca_dsc_automation_web\AdminFlow.xml">
      <![CDATA[org.testng.TestNGException: 
Parameter 'Url' is required by BeforeClass on method openApplication but has not been marked @Optional or defined
in C:\Users\5028\OneDrive - PALC Networks\Documents\D-DriveData\workspace_automation\falca_dsc_automation_web\AdminFlow.xml
at java.base/java.util.ArrayList.forEach(ArrayList.java:1511)
... Removed 23 stack frames]]>
    </failure>
  </testcase> <!-- @BeforeClass openApplication -->
  <testcase classname="generic.WebBase" name="@AfterClass closeApplication" time="-1.63885869673E9">
    <skipped/>
  </testcase> <!-- @AfterClass closeApplication -->
  <testcase classname="script.LoadCreation" name="poApproval" time="0.0">
    <skipped/>
  </testcase> <!-- poApproval -->
  <testcase classname="script.LoadCreation" name="validateSearchButton" time="0.0">
    <skipped/>
  </testcase> <!-- validateSearchButton -->
  <testcase classname="script.LoadCreation" name="buyerUserCardValidation" time="0.0">
    <skipped/>
  </testcase> <!-- buyerUserCardValidation -->
  <testcase classname="script.LoadCreation" name="validateCropName" time="0.0">
    <skipped/>
  </testcase> <!-- validateCropName -->
  <testcase classname="script.LoadCreation" name="validatePoId" time="0.0">
    <skipped/>
  </testcase> <!-- validatePoId -->
  <testcase classname="script.LoadCreation" name="validateLoadQty" time="0.0">
    <skipped/>
  </testcase> <!-- validateLoadQty -->
  <testcase classname="script.LoadCreation" name="validateUnits" time="0.0">
    <skipped/>
  </testcase> <!-- validateUnits -->
  <testcase classname="script.LoadCreation" name="verifyButtonColor" time="0.0">
    <skipped/>
  </testcase> <!-- verifyButtonColor -->
  <testcase classname="script.LoadCreation" name="captureLoadId" time="0.0">
    <skipped/>
  </testcase> <!-- captureLoadId -->
  <testcase classname="script.LoadCreation" name="logisticsLinkValidation" time="0.0">
    <skipped/>
  </testcase> <!-- logisticsLinkValidation -->
  <testcase classname="script.LoadCreation" name="validateLogisticsPhNo" time="0.0">
    <skipped/>
  </testcase> <!-- validateLogisticsPhNo -->
  <testcase classname="script.LoadCreation" name="logisticsUserCardValidation" time="0.0">
    <skipped/>
  </testcase> <!-- logisticsUserCardValidation -->
  <testcase classname="script.LoadCreation" name="validateDriverName" time="0.0">
    <skipped/>
  </testcase> <!-- validateDriverName -->
  <testcase classname="script.LoadCreation" name="validateDriverPhNo" time="0.0">
    <skipped/>
  </testcase> <!-- validateDriverPhNo -->
  <testcase classname="script.LoadCreation" name="validateLicenceNumber" time="0.0">
    <skipped/>
  </testcase> <!-- validateLicenceNumber -->
  <testcase classname="script.LoadCreation" name="validateVehicleNumber" time="0.0">
    <skipped/>
  </testcase> <!-- validateVehicleNumber -->
  <testcase classname="script.LoadCreation" name="advanceAmount" time="0.0">
    <skipped/>
  </testcase> <!-- advanceAmount -->
  <testcase classname="script.LoadCreation" name="createLoad" time="0.0">
    <skipped/>
  </testcase> <!-- createLoad -->
  <testcase classname="script.LoadCreation" name="editDeleteValidation" time="0.0">
    <skipped/>
  </testcase> <!-- editDeleteValidation -->
  <testcase classname="script.LoadCreation" name="editPopup" time="0.0">
    <skipped/>
  </testcase> <!-- editPopup -->
</testsuite> <!-- SuperAdmin- Load Creation -->
