<?xml version="1.0" encoding="UTF-8"?>
<!-- Generated by org.testng.reporters.JUnitXMLReporter -->
<testsuite ignored="4" hostname="INBNRMARITA" failures="1" tests="4" name="Admin Payments" time="38.994" errors="0" timestamp="2022-05-13T15:47:10 IST">
  <testcase classname="script.GodownFarmerPayments" name="dateFilterFarmerPayments" time="8.341"/>
  <testcase classname="script.GodownFarmerPayments" name="approvePayments" time="10.097">
    <failure type="java.lang.AssertionError" message="null">
      <![CDATA[java.lang.AssertionError: null
at script.GodownFarmerPayments.approvePayments(GodownFarmerPayments.java:89)
at java.base/java.util.ArrayList.forEach(ArrayList.java:1511)
... Removed 29 stack frames]]>
    </failure>
  </testcase> <!-- approvePayments -->
  <testcase classname="script.GodownFarmerPayments" name="dateFilterTransportPayments" time="5.307"/>
  <testcase classname="script.GodownFarmerPayments" name="transportPayments" time="9.604"/>
  <testcase classname="script.GodownFarmerPayments" name="resetButtonTransport" time="0.0">
    <ignored/>
  </testcase> <!-- resetButtonTransport -->
  <testcase classname="script.GodownFarmerPayments" name="searchButton" time="0.0">
    <ignored/>
  </testcase> <!-- searchButton -->
  <testcase classname="script.GodownFarmerPayments" name="resetButton" time="0.0">
    <ignored/>
  </testcase> <!-- resetButton -->
  <testcase classname="script.GodownFarmerPayments" name="searchButtonTransport" time="0.0">
    <ignored/>
  </testcase> <!-- searchButtonTransport -->
</testsuite> <!-- Admin Payments -->
