<?xml version="1.0" encoding="UTF-8"?>
<!-- Generated by org.testng.reporters.JUnitXMLReporter -->
<testsuite ignored="6" hostname="INBNRMARITA" failures="21" tests="27" name="BDE- Load Creation" time="310.801" errors="0" timestamp="2022-05-13T12:14:58 IST">
  <testcase classname="script.LoadCreation" name="poApproval" time="14.762">
    <failure type="java.lang.AssertionError" message="null">
      <![CDATA[java.lang.AssertionError: null
at script.LoadCreation.poApproval(LoadCreation.java:103)
at java.base/java.util.ArrayList.forEach(ArrayList.java:1511)
... Removed 29 stack frames]]>
    </failure>
  </testcase> <!-- poApproval -->
  <testcase classname="script.LoadCreation" name="buyerLinkValidation" time="60.327"/>
  <testcase classname="script.LoadCreation" name="buyerOnboardingPage" time="0.004"/>
  <testcase classname="script.LoadCreation" name="validateSearchButton" time="0.055"/>
  <testcase classname="script.LoadCreation" name="enterPhoneNumber" time="62.219">
    <failure type="java.lang.AssertionError" message="null">
      <![CDATA[java.lang.AssertionError: null
at script.LoadCreation.enterPhoneNumber(LoadCreation.java:200)
at java.base/java.util.ArrayList.forEach(ArrayList.java:1511)
... Removed 29 stack frames]]>
    </failure>
  </testcase> <!-- enterPhoneNumber -->
  <testcase classname="script.LoadCreation" name="buyerNameValidation" time="0.041"/>
  <testcase classname="script.LoadCreation" name="validateCropName" time="2.024">
    <failure type="java.lang.AssertionError" message="null">
      <![CDATA[java.lang.AssertionError: null
at script.LoadCreation.validateCropName(LoadCreation.java:266)
at java.base/java.util.ArrayList.forEach(ArrayList.java:1511)
... Removed 29 stack frames]]>
    </failure>
  </testcase> <!-- validateCropName -->
  <testcase classname="script.LoadCreation" name="validatePoId" time="0.017">
    <failure type="org.openqa.selenium.NoSuchElementException" message="no such element: Unable to locate element: {&amp;quot;method&amp;quot;:&amp;quot;css selector&amp;quot;,&amp;quot;selector&amp;quot;:&amp;quot;#generateloadId&amp;quot;}
  (Session info: headless chrome=101.0.4951.64)
For documentation on this error, please visit: https://www.seleniumhq.org/exceptions/no_such_element.html
Build info: version: &amp;apos;3.141.59&amp;apos;, revision: &amp;apos;e82be7d358&amp;apos;, time: &amp;apos;2018-11-14T08:25:48&amp;apos;
System info: host: &amp;apos;INBNRMARITA&amp;apos;, ip: &amp;apos;172.27.1.194&amp;apos;, os.name: &amp;apos;Windows 10&amp;apos;, os.arch: &amp;apos;amd64&amp;apos;, os.version: &amp;apos;10.0&amp;apos;, java.version: &amp;apos;15.0.2&amp;apos;
Driver info: org.openqa.selenium.chrome.ChromeDriver
Capabilities {acceptInsecureCerts: false, browserName: chrome, browserVersion: 101.0.4951.64, chrome: {chromedriverVersion: 101.0.4951.41 (93c720db8323..., userDataDir: C:\Users\5028\AppData\Local...}, goog:chromeOptions: {debuggerAddress: localhost:50739}, javascriptEnabled: true, networkConnectionEnabled: false, pageLoadStrategy: normal, platform: WINDOWS, platformName: WINDOWS, proxy: Proxy(), setWindowRect: true, strictFileInteractability: false, timeouts: {implicit: 0, pageLoad: 300000, script: 30000}, unhandledPromptBehavior: dismiss and notify, webauthn:extension:credBlob: true, webauthn:extension:largeBlob: true, webauthn:virtualAuthenticators: true}
Session ID: e2a1cf34a83999c7864fcbd72b459ed8
*** Element info: {Using=id, value=generateloadId}">
      <![CDATA[org.openqa.selenium.NoSuchElementException: no such element: Unable to locate element: {"method":"css selector","selector":"#generateloadId"}
  (Session info: headless chrome=101.0.4951.64)
For documentation on this error, please visit: https://www.seleniumhq.org/exceptions/no_such_element.html
Build info: version: '3.141.59', revision: 'e82be7d358', time: '2018-11-14T08:25:48'
System info: host: 'INBNRMARITA', ip: '172.27.1.194', os.name: 'Windows 10', os.arch: 'amd64', os.version: '10.0', java.version: '15.0.2'
Driver info: org.openqa.selenium.chrome.ChromeDriver
Capabilities {acceptInsecureCerts: false, browserName: chrome, browserVersion: 101.0.4951.64, chrome: {chromedriverVersion: 101.0.4951.41 (93c720db8323..., userDataDir: C:\Users\5028\AppData\Local...}, goog:chromeOptions: {debuggerAddress: localhost:50739}, javascriptEnabled: true, networkConnectionEnabled: false, pageLoadStrategy: normal, platform: WINDOWS, platformName: WINDOWS, proxy: Proxy(), setWindowRect: true, strictFileInteractability: false, timeouts: {implicit: 0, pageLoad: 300000, script: 30000}, unhandledPromptBehavior: dismiss and notify, webauthn:extension:credBlob: true, webauthn:extension:largeBlob: true, webauthn:virtualAuthenticators: true}
Session ID: e2a1cf34a83999c7864fcbd72b459ed8
*** Element info: {Using=id, value=generateloadId}
at org.openqa.selenium.remote.http.W3CHttpResponseCodec.createException(W3CHttpResponseCodec.java:187)
at org.openqa.selenium.remote.http.W3CHttpResponseCodec.decode(W3CHttpResponseCodec.java:122)
at org.openqa.selenium.remote.http.W3CHttpResponseCodec.decode(W3CHttpResponseCodec.java:49)
at org.openqa.selenium.remote.HttpCommandExecutor.execute(HttpCommandExecutor.java:158)
at org.openqa.selenium.remote.service.DriverCommandExecutor.execute(DriverCommandExecutor.java:83)
at org.openqa.selenium.remote.RemoteWebDriver.execute(RemoteWebDriver.java:552)
at org.openqa.selenium.remote.RemoteWebDriver.findElement(RemoteWebDriver.java:323)
at org.openqa.selenium.remote.RemoteWebDriver.findElementById(RemoteWebDriver.java:372)
at org.openqa.selenium.By$ById.findElement(By.java:188)
at org.openqa.selenium.remote.RemoteWebDriver.findElement(RemoteWebDriver.java:315)
at org.openqa.selenium.support.pagefactory.DefaultElementLocator.findElement(DefaultElementLocator.java:69)
at org.openqa.selenium.support.pagefactory.internal.LocatingElementHandler.invoke(LocatingElementHandler.java:38)
at com.sun.proxy.$Proxy14.click(Unknown Source)
at pom.LoadCreationPage.generateLoadId(LoadCreationPage.java:223)
at script.LoadCreation.validatePoId(LoadCreation.java:273)
at java.base/java.util.ArrayList.forEach(ArrayList.java:1511)
... Removed 31 stack frames]]>
    </failure>
  </testcase> <!-- validatePoId -->
  <testcase classname="script.LoadCreation" name="validateUnits" time="1.038">
    <failure type="java.lang.AssertionError" message="null">
      <![CDATA[java.lang.AssertionError: null
at script.LoadCreation.validateUnits(LoadCreation.java:360)
at java.base/java.util.ArrayList.forEach(ArrayList.java:1511)
... Removed 29 stack frames]]>
    </failure>
  </testcase> <!-- validateUnits -->
  <testcase classname="script.LoadCreation" name="validateQtyExceed" time="0.016">
    <failure type="java.lang.AssertionError" message="null">
      <![CDATA[java.lang.AssertionError: null
at script.LoadCreation.validateQtyExceed(LoadCreation.java:375)
at java.base/java.util.ArrayList.forEach(ArrayList.java:1511)
... Removed 29 stack frames]]>
    </failure>
  </testcase> <!-- validateQtyExceed -->
  <testcase classname="script.LoadCreation" name="enterQuantity" time="0.018">
    <failure type="java.lang.AssertionError" message="null">
      <![CDATA[java.lang.AssertionError: null
at script.LoadCreation.enterQuantity(LoadCreation.java:388)
at java.base/java.util.ArrayList.forEach(ArrayList.java:1511)
... Removed 29 stack frames]]>
    </failure>
  </testcase> <!-- enterQuantity -->
  <testcase classname="script.LoadCreation" name="generateLoadIdButton" time="2.015">
    <failure type="java.lang.AssertionError" message="null">
      <![CDATA[java.lang.AssertionError: null
at script.LoadCreation.generateLoadIdButton(LoadCreation.java:406)
at java.base/java.util.ArrayList.forEach(ArrayList.java:1511)
... Removed 29 stack frames]]>
    </failure>
  </testcase> <!-- generateLoadIdButton -->
  <testcase classname="script.LoadCreation" name="verifyCancelButton" time="20.065">
    <failure type="java.lang.AssertionError" message="null">
      <![CDATA[java.lang.AssertionError: null
at script.LoadCreation.verifyCancelButton(LoadCreation.java:422)
at java.base/java.util.ArrayList.forEach(ArrayList.java:1511)
... Removed 29 stack frames]]>
    </failure>
  </testcase> <!-- verifyCancelButton -->
  <testcase classname="script.LoadCreation" name="captureLoadId" time="0.045">
    <failure type="java.lang.AssertionError" message="null">
      <![CDATA[java.lang.AssertionError: null
at script.LoadCreation.captureLoadId(LoadCreation.java:437)
at java.base/java.util.ArrayList.forEach(ArrayList.java:1511)
... Removed 29 stack frames]]>
    </failure>
  </testcase> <!-- captureLoadId -->
  <testcase classname="script.LoadCreation" name="searchButton" time="0.046">
    <failure type="java.lang.AssertionError" message="null">
      <![CDATA[java.lang.AssertionError: null
at script.LoadCreation.searchButton(LoadCreation.java:455)
at java.base/java.util.ArrayList.forEach(ArrayList.java:1511)
... Removed 29 stack frames]]>
    </failure>
  </testcase> <!-- searchButton -->
  <testcase classname="script.LoadCreation" name="logisticsLinkValidation" time="0.025"/>
  <testcase classname="script.LoadCreation" name="validateLogisticsPhNo" time="0.039">
    <failure type="java.lang.AssertionError" message="null">
      <![CDATA[java.lang.AssertionError: null
at script.LoadCreation.validateLogisticsPhNo(LoadCreation.java:493)
at java.base/java.util.ArrayList.forEach(ArrayList.java:1511)
... Removed 29 stack frames]]>
    </failure>
  </testcase> <!-- validateLogisticsPhNo -->
  <testcase classname="script.LoadCreation" name="logisticsUserCardValidation" time="0.032"/>
  <testcase classname="script.LoadCreation" name="enterDriverName" time="0.024">
    <failure type="java.lang.AssertionError" message="null">
      <![CDATA[java.lang.AssertionError: null
at script.LoadCreation.enterDriverName(LoadCreation.java:540)
at java.base/java.util.ArrayList.forEach(ArrayList.java:1511)
... Removed 29 stack frames]]>
    </failure>
  </testcase> <!-- enterDriverName -->
  <testcase classname="script.LoadCreation" name="enterDriverNumber" time="0.022">
    <failure type="java.lang.AssertionError" message="null">
      <![CDATA[java.lang.AssertionError: null
at script.LoadCreation.enterDriverNumber(LoadCreation.java:570)
at java.base/java.util.ArrayList.forEach(ArrayList.java:1511)
... Removed 29 stack frames]]>
    </failure>
  </testcase> <!-- enterDriverNumber -->
  <testcase classname="script.LoadCreation" name="enterLicenceNumber" time="0.028">
    <failure type="java.lang.AssertionError" message="null">
      <![CDATA[java.lang.AssertionError: null
at script.LoadCreation.enterLicenceNumber(LoadCreation.java:600)
at java.base/java.util.ArrayList.forEach(ArrayList.java:1511)
... Removed 29 stack frames]]>
    </failure>
  </testcase> <!-- enterLicenceNumber -->
  <testcase classname="script.LoadCreation" name="enterVehicleNumber" time="0.025">
    <failure type="java.lang.AssertionError" message="null">
      <![CDATA[java.lang.AssertionError: null
at script.LoadCreation.enterVehicleNumber(LoadCreation.java:630)
at java.base/java.util.ArrayList.forEach(ArrayList.java:1511)
... Removed 29 stack frames]]>
    </failure>
  </testcase> <!-- enterVehicleNumber -->
  <testcase classname="script.LoadCreation" name="advanceAmount" time="0.02">
    <failure type="java.lang.AssertionError" message="null">
      <![CDATA[java.lang.AssertionError: null
at script.LoadCreation.advanceAmount(LoadCreation.java:647)
at java.base/java.util.ArrayList.forEach(ArrayList.java:1511)
... Removed 29 stack frames]]>
    </failure>
  </testcase> <!-- advanceAmount -->
  <testcase classname="script.LoadCreation" name="createButton" time="0.02">
    <failure type="java.lang.AssertionError" message="null">
      <![CDATA[java.lang.AssertionError: null
at script.LoadCreation.createButton(LoadCreation.java:661)
at java.base/java.util.ArrayList.forEach(ArrayList.java:1511)
... Removed 29 stack frames]]>
    </failure>
  </testcase> <!-- createButton -->
  <testcase classname="script.LoadCreation" name="createLoad" time="20.174">
    <failure type="java.lang.AssertionError" message="null">
      <![CDATA[java.lang.AssertionError: null
at script.LoadCreation.createLoad(LoadCreation.java:679)
at java.base/java.util.ArrayList.forEach(ArrayList.java:1511)
... Removed 29 stack frames]]>
    </failure>
  </testcase> <!-- createLoad -->
  <testcase classname="script.LoadCreation" name="editDeleteValidation" time="120.981">
    <failure type="java.lang.AssertionError" message="null">
      <![CDATA[java.lang.AssertionError: null
at script.LoadCreation.editDeleteValidation(LoadCreation.java:715)
at java.base/java.util.ArrayList.forEach(ArrayList.java:1511)
... Removed 29 stack frames]]>
    </failure>
  </testcase> <!-- editDeleteValidation -->
  <testcase classname="script.LoadCreation" name="editPopup" time="0.047">
    <failure type="java.lang.AssertionError" message="null">
      <![CDATA[java.lang.AssertionError: null
at script.LoadCreation.editPopup(LoadCreation.java:743)
at java.base/java.util.ArrayList.forEach(ArrayList.java:1511)
... Removed 29 stack frames]]>
    </failure>
  </testcase> <!-- editPopup -->
  <testcase classname="script.LoadCreation" name="validatePhoneNumber" time="0.0">
    <ignored/>
  </testcase> <!-- validatePhoneNumber -->
  <testcase classname="script.LoadCreation" name="validateVehicleNumber" time="0.0">
    <ignored/>
  </testcase> <!-- validateVehicleNumber -->
  <testcase classname="script.LoadCreation" name="validateDriverName" time="0.0">
    <ignored/>
  </testcase> <!-- validateDriverName -->
  <testcase classname="script.LoadCreation" name="validateDriverPhNo" time="0.0">
    <ignored/>
  </testcase> <!-- validateDriverPhNo -->
  <testcase classname="script.LoadCreation" name="validateLoadQty" time="0.0">
    <ignored/>
  </testcase> <!-- validateLoadQty -->
  <testcase classname="script.LoadCreation" name="validateLicenceNumber" time="0.0">
    <ignored/>
  </testcase> <!-- validateLicenceNumber -->
</testsuite> <!-- BDE- Load Creation -->
