<?xml version="1.0" encoding="UTF-8"?>
<!-- Generated by org.testng.reporters.JUnitXMLReporter -->
<testsuite ignored="12" hostname="INBNRMARITA" failures="3" tests="15" name="Test Name" time="3.668" errors="0" timestamp="2022-05-11T16:46:22 IST">
  <testcase classname="script.CreatePO" name="buyerLinkValidation" time="0.158"/>
  <testcase classname="script.CreatePO" name="enterPhoneNumber" time="0.041"/>
  <testcase classname="script.CreatePO" name="validateAddCropBtn" time="0.005">
    <failure type="java.lang.AssertionError" message="null">
      <![CDATA[java.lang.AssertionError: null
at script.CreatePO.validateAddCropBtn(CreatePO.java:140)
at java.base/java.util.ArrayList.forEach(ArrayList.java:1511)
... Removed 29 stack frames]]>
    </failure>
  </testcase> <!-- validateAddCropBtn -->
  <testcase classname="script.CreatePO" name="validateCategory" time="0.007"/>
  <testcase classname="script.CreatePO" name="validateCropName" time="0.005"/>
  <testcase classname="script.CreatePO" name="enterQuantity" time="0.008"/>
  <testcase classname="script.CreatePO" name="validateUnit" time="0.006"/>
  <testcase classname="script.CreatePO" name="validateGrade" time="0.068"/>
  <testcase classname="script.CreatePO" name="enterPrice" time="0.023"/>
  <testcase classname="script.CreatePO" name="addCrop" time="0.002"/>
  <testcase classname="script.CreatePO" name="selectStartDate" time="0.007"/>
  <testcase classname="script.CreatePO" name="selectEndDate" time="1.017"/>
  <testcase classname="script.CreatePO" name="deliveryDistrictValidation" time="1.036"/>
  <testcase classname="script.CreatePO" name="generatePO" time="0.004">
    <failure type="java.lang.AssertionError" message="null">
      <![CDATA[java.lang.AssertionError: null
at script.CreatePO.generatePO(CreatePO.java:557)
at java.base/java.util.ArrayList.forEach(ArrayList.java:1511)
... Removed 29 stack frames]]>
    </failure>
  </testcase> <!-- generatePO -->
  <testcase classname="script.CreatePO" name="poCreation" time="1.019">
    <failure type="java.lang.AssertionError" message="null">
      <![CDATA[java.lang.AssertionError: null
at script.CreatePO.poCreation(CreatePO.java:589)
at java.base/java.util.ArrayList.forEach(ArrayList.java:1511)
... Removed 29 stack frames]]>
    </failure>
  </testcase> <!-- poCreation -->
  <testcase classname="script.CreatePO" name="validatEndDate" time="0.0">
    <ignored/>
  </testcase> <!-- validatEndDate -->
  <testcase classname="script.CreatePO" name="validatePrice" time="0.0">
    <ignored/>
  </testcase> <!-- validatePrice -->
  <testcase classname="script.CreatePO" name="validateQuantity" time="0.0">
    <ignored/>
  </testcase> <!-- validateQuantity -->
  <testcase classname="script.CreatePO" name="searchButton" time="0.0">
    <ignored/>
  </testcase> <!-- searchButton -->
  <testcase classname="script.CreatePO" name="generateP0Number" time="0.0">
    <ignored/>
  </testcase> <!-- generateP0Number -->
  <testcase classname="script.CreatePO" name="validateStartDate" time="0.0">
    <ignored/>
  </testcase> <!-- validateStartDate -->
  <testcase classname="script.CreatePO" name="validateSaveButton" time="0.0">
    <ignored/>
  </testcase> <!-- validateSaveButton -->
  <testcase classname="script.CreatePO" name="userCardValidation" time="0.0">
    <ignored/>
  </testcase> <!-- userCardValidation -->
  <testcase classname="script.CreatePO" name="validatePhoneNumber" time="0.0">
    <ignored/>
  </testcase> <!-- validatePhoneNumber -->
  <testcase classname="script.CreatePO" name="buyerOnboardingPage" time="0.0">
    <ignored/>
  </testcase> <!-- buyerOnboardingPage -->
  <testcase classname="script.CreatePO" name="addButton" time="0.0">
    <ignored/>
  </testcase> <!-- addButton -->
  <testcase classname="script.CreatePO" name="cancelPoValidation" time="0.0">
    <ignored/>
  </testcase> <!-- cancelPoValidation -->
</testsuite> <!-- Test Name -->
