<?xml version="1.0" encoding="UTF-8"?>
<!-- Generated by org.testng.reporters.JUnitXMLReporter -->
<testsuite ignored="0" hostname="INBNRMARITA" failures="1" tests="5" name="AdvanceApproveByManager" time="30.323" errors="0" timestamp="2023-05-29T18:21:50 IST">
  <testcase classname="script.AdvanceApproveByManager" name="validateRequestedAmtErrorMsg" time="7.21"/>
  <testcase classname="script.AdvanceApproveByManager" name="validatePartialPayment" time="1.193"/>
  <testcase classname="script.AdvanceApproveByManager" name="validateNoButtonFunctionality" time="2.206"/>
  <testcase classname="script.AdvanceApproveByManager" name="validateRemarksErrorMsg" time="2.644"/>
  <testcase classname="script.AdvanceApproveByManager" name="validateApprovedAdvanceCardDetails" time="4.51">
    <failure type="java.lang.AssertionError" message="The following asserts failed:
	expected [2960] but found [₹2960],
	expected [2950] but found [₹2950]">
      <![CDATA[java.lang.AssertionError: The following asserts failed:
expected [2960] but found [₹2960],
expected [2950] but found [₹2950]
at script.AdvanceApproveByManager.validateApprovedAdvanceCardDetails(AdvanceApproveByManager.java:99)
at java.base/java.util.ArrayList.forEach(ArrayList.java:1511)
... Removed 30 stack frames]]>
    </failure>
  </testcase> <!-- validateApprovedAdvanceCardDetails -->
</testsuite> <!-- AdvanceApproveByManager -->
