<?xml version="1.0" encoding="UTF-8"?>
<!-- Generated by org.testng.reporters.JUnitReportReporter -->
<testsuite hostname="INBNRMARITA" failures="0" tests="37" name="script.FarmerGodown" time="168.603" errors="1" timestamp="2023-05-26T18:03:24 IST" skipped="0">
  <testcase classname="script.FarmerGodown" name="farmerLinkValidation" time="10.825"/>
  <system-out/>
  <testcase classname="script.FarmerGodown" name="farmerOnboardingPage" time="4.335"/>
  <system-out/>
  <testcase classname="script.FarmerGodown" name="searchButtonValidation" time="0.441"/>
  <system-out/>
  <testcase classname="script.FarmerGodown" name="validateSearchBtn" time="0.317"/>
  <system-out/>
  <testcase classname="script.FarmerGodown" name="validatePhoneNumber" time="10.606"/>
  <system-out/>
  <testcase classname="script.FarmerGodown" name="enterPhoneNumber" time="16.027"/>
  <system-out/>
  <testcase classname="script.FarmerGodown" name="userCardValidation" time="1.197"/>
  <system-out/>
  <testcase classname="script.FarmerGodown" name="validateAddCropBtn" time="2.410"/>
  <system-out/>
  <testcase classname="script.FarmerGodown" name="saveButton" time="2.228"/>
  <system-out/>
  <testcase classname="script.FarmerGodown" name="validateCategory" time="2.572"/>
  <system-out/>
  <testcase classname="script.FarmerGodown" name="selectCategory" time="2.282"/>
  <system-out/>
  <testcase classname="script.FarmerGodown" name="ValidateCropName" time="3.402"/>
  <system-out/>
  <testcase classname="script.FarmerGodown" name="validateQuantity" time="1.838"/>
  <system-out/>
  <testcase classname="script.FarmerGodown" name="enterQuantity" time="0.217"/>
  <system-out/>
  <testcase classname="script.FarmerGodown" name="validateUnits" time="2.550"/>
  <system-out/>
  <testcase classname="script.FarmerGodown" name="selectUnits" time="5.320"/>
  <system-out/>
  <testcase classname="script.FarmerGodown" name="validateGrade" time="2.908"/>
  <system-out/>
  <testcase classname="script.FarmerGodown" name="validateBasePrice" time="3.737"/>
  <system-out/>
  <testcase classname="script.FarmerGodown" name="enterBasePrice" time="0.529"/>
  <system-out/>
  <testcase classname="script.FarmerGodown" name="validateSoot" time="2.215"/>
  <system-out/>
  <testcase classname="script.FarmerGodown" name="enterSoot" time="1.460"/>
  <system-out/>
  <testcase classname="script.FarmerGodown" name="addCrop" time="0.266"/>
  <system-out/>
  <testcase classname="script.FarmerGodown" name="addMiscButton" time="0.424"/>
  <system-out/>
  <testcase classname="script.FarmerGodown" name="addMisc" time="4.138"/>
  <system-out/>
  <testcase classname="script.FarmerGodown" name="validateMisc" time="3.969"/>
  <system-out/>
  <testcase classname="script.FarmerGodown" name="deleteIconValidation" time="0.100"/>
  <system-out/>
  <testcase classname="script.FarmerGodown" name="searchButton" time="0.044"/>
  <system-out/>
  <testcase classname="script.FarmerGodown" name="validateSearchButton" time="32.928"/>
  <system-out/>
  <testcase classname="script.FarmerGodown" name="validateAssignButton" time="0.350">
    <error message="unknown error: failed to change window state to &#039;normal&#039;, current state is &#039;maximized&#039;
  (Session info: chrome=113.0.5672.127)
Build info: version: &#039;4.1.0&#039;, revision: &#039;87802e897b&#039;
System info: host: &#039;INBNRMARITA&#039;, ip: &#039;172.26.1.124&#039;, os.name: &#039;Windows 10&#039;, os.arch: &#039;amd64&#039;, os.version: &#039;10.0&#039;, java.version: &#039;15.0.2&#039;
Driver info: org.openqa.selenium.chrome.ChromeDriver
Command: [04550e52c7fe9f25d5bf56373f2eb639, maximizeCurrentWindow {}]
Capabilities {acceptInsecureCerts: false, browserName: chrome, browserVersion: 113.0.5672.127, chrome: {chromedriverVersion: 113.0.5672.63 (0e1a4471d5ae..., userDataDir: C:\Users\5028\AppData\Local...}, goog:chromeOptions: {debuggerAddress: localhost:58829}, javascriptEnabled: true, networkConnectionEnabled: false, pageLoadStrategy: normal, platform: WINDOWS, platformName: WINDOWS, proxy: Proxy(), se:cdp: ws://localhost:58829/devtoo..., se:cdpVersion: 113.0.5672.127, setWindowRect: true, strictFileInteractability: false, timeouts: {implicit: 0, pageLoad: 300000, script: 30000}, unhandledPromptBehavior: dismiss and notify, webauthn:extension:credBlob: true, webauthn:extension:largeBlob: true, webauthn:extension:minPinLength: true, webauthn:extension:prf: true, webauthn:virtualAuthenticators: true}
Session ID: 04550e52c7fe9f25d5bf56373f2eb639" type="org.openqa.selenium.WebDriverException">
      <![CDATA[org.openqa.selenium.WebDriverException: unknown error: failed to change window state to 'normal', current state is 'maximized'
  (Session info: chrome=113.0.5672.127)
Build info: version: '4.1.0', revision: '87802e897b'
System info: host: 'INBNRMARITA', ip: '172.26.1.124', os.name: 'Windows 10', os.arch: 'amd64', os.version: '10.0', java.version: '15.0.2'
Driver info: org.openqa.selenium.chrome.ChromeDriver
Command: [04550e52c7fe9f25d5bf56373f2eb639, maximizeCurrentWindow {}]
Capabilities {acceptInsecureCerts: false, browserName: chrome, browserVersion: 113.0.5672.127, chrome: {chromedriverVersion: 113.0.5672.63 (0e1a4471d5ae..., userDataDir: C:\Users\5028\AppData\Local...}, goog:chromeOptions: {debuggerAddress: localhost:58829}, javascriptEnabled: true, networkConnectionEnabled: false, pageLoadStrategy: normal, platform: WINDOWS, platformName: WINDOWS, proxy: Proxy(), se:cdp: ws://localhost:58829/devtoo..., se:cdpVersion: 113.0.5672.127, setWindowRect: true, strictFileInteractability: false, timeouts: {implicit: 0, pageLoad: 300000, script: 30000}, unhandledPromptBehavior: dismiss and notify, webauthn:extension:credBlob: true, webauthn:extension:largeBlob: true, webauthn:extension:minPinLength: true, webauthn:extension:prf: true, webauthn:virtualAuthenticators: true}
Session ID: 04550e52c7fe9f25d5bf56373f2eb639
at java.base/jdk.internal.reflect.NativeConstructorAccessorImpl.newInstance0(Native Method)
at java.base/jdk.internal.reflect.NativeConstructorAccessorImpl.newInstance(NativeConstructorAccessorImpl.java:64)
at java.base/jdk.internal.reflect.DelegatingConstructorAccessorImpl.newInstance(DelegatingConstructorAccessorImpl.java:45)
at java.base/java.lang.reflect.Constructor.newInstanceWithCaller(Constructor.java:500)
at java.base/java.lang.reflect.Constructor.newInstance(Constructor.java:481)
at org.openqa.selenium.remote.codec.w3c.W3CHttpResponseCodec.createException(W3CHttpResponseCodec.java:200)
at org.openqa.selenium.remote.codec.w3c.W3CHttpResponseCodec.decode(W3CHttpResponseCodec.java:133)
at org.openqa.selenium.remote.codec.w3c.W3CHttpResponseCodec.decode(W3CHttpResponseCodec.java:53)
at org.openqa.selenium.remote.HttpCommandExecutor.execute(HttpCommandExecutor.java:184)
at org.openqa.selenium.remote.service.DriverCommandExecutor.invokeExecute(DriverCommandExecutor.java:164)
at org.openqa.selenium.remote.service.DriverCommandExecutor.execute(DriverCommandExecutor.java:139)
at org.openqa.selenium.remote.RemoteWebDriver.execute(RemoteWebDriver.java:559)
at org.openqa.selenium.remote.RemoteWebDriver.execute(RemoteWebDriver.java:614)
at org.openqa.selenium.remote.RemoteWebDriver.execute(RemoteWebDriver.java:618)
at org.openqa.selenium.remote.RemoteWebDriver$RemoteWebDriverOptions$RemoteWindow.maximize(RemoteWebDriver.java:928)
at pom.FarmerTransactionPage.<init>(FarmerTransactionPage.java:216)
at script.FarmerGodown.validateAssignButton(FarmerGodown.java:642)
at java.base/jdk.internal.reflect.NativeMethodAccessorImpl.invoke0(Native Method)
at java.base/jdk.internal.reflect.NativeMethodAccessorImpl.invoke(NativeMethodAccessorImpl.java:64)
at java.base/jdk.internal.reflect.DelegatingMethodAccessorImpl.invoke(DelegatingMethodAccessorImpl.java:43)
at java.base/java.lang.reflect.Method.invoke(Method.java:564)
at org.testng.internal.MethodInvocationHelper.invokeMethod(MethodInvocationHelper.java:133)
at org.testng.internal.TestInvoker.invokeMethod(TestInvoker.java:598)
at org.testng.internal.TestInvoker.invokeTestMethod(TestInvoker.java:173)
at org.testng.internal.MethodRunner.runInSequence(MethodRunner.java:46)
at org.testng.internal.TestInvoker$MethodInvocationAgent.invoke(TestInvoker.java:824)
at org.testng.internal.TestInvoker.invokeTestMethods(TestInvoker.java:146)
at org.testng.internal.TestMethodWorker.invokeTestMethods(TestMethodWorker.java:146)
at org.testng.internal.TestMethodWorker.run(TestMethodWorker.java:128)
at java.base/java.util.ArrayList.forEach(ArrayList.java:1511)
at org.testng.TestRunner.privateRun(TestRunner.java:794)
at org.testng.TestRunner.run(TestRunner.java:596)
at org.testng.SuiteRunner.runTest(SuiteRunner.java:377)
at org.testng.SuiteRunner.runSequentially(SuiteRunner.java:371)
at org.testng.SuiteRunner.privateRun(SuiteRunner.java:332)
at org.testng.SuiteRunner.run(SuiteRunner.java:276)
at org.testng.SuiteRunnerWorker.runSuite(SuiteRunnerWorker.java:53)
at org.testng.SuiteRunnerWorker.run(SuiteRunnerWorker.java:96)
at org.testng.TestNG.runSuitesSequentially(TestNG.java:1212)
at org.testng.TestNG.runSuitesLocally(TestNG.java:1134)
at org.testng.TestNG.runSuites(TestNG.java:1063)
at org.testng.TestNG.run(TestNG.java:1031)
at org.testng.remote.AbstractRemoteTestNG.run(AbstractRemoteTestNG.java:115)
at org.testng.remote.RemoteTestNG.initAndRun(RemoteTestNG.java:251)
at org.testng.remote.RemoteTestNG.main(RemoteTestNG.java:77)
]]>
    </error>
  </testcase> <!-- validateAssignButton -->
  <system-out/>
  <testcase classname="script.FarmerGodown" name="assignLoad" time="12.553"/>
  <system-out/>
  <testcase classname="script.FarmerGodown" name="saveInvoiceNumber" time="5.432"/>
  <system-out/>
  <testcase classname="script.FarmerGodown" name="invoice" time="18.063"/>
  <system-out/>
  <testcase classname="script.FarmerGodown" name="invoiceDownloadOption" time="3.103"/>
  <system-out/>
  <testcase classname="script.FarmerGodown" name="updateSoot" time="3.166"/>
  <system-out/>
  <testcase classname="script.FarmerGodown" name="transaction" time="0.100"/>
  <system-out/>
  <testcase classname="script.FarmerGodown" name="confirmStamp" time="3.176"/>
  <system-out/>
  <testcase classname="script.FarmerGodown" name="userDetails" time="3.375"/>
  <system-out/>
</testsuite> <!-- script.FarmerGodown -->
