<?xml version="1.0" encoding="UTF-8"?>
<!-- Generated by org.testng.reporters.JUnitReportReporter -->
<testsuite hostname="INBNRMARITA" failures="0" tests="18" name="script.EditVendor" time="66.004" errors="1" timestamp="2023-03-29T11:12:49 IST" skipped="0">
  <testcase classname="script.EditVendor" name="validateVendorNameField" time="15.768"/>
  <system-out/>
  <testcase classname="script.EditVendor" name="validateVendorGstAndEmailFieldStatus" time="0.077"/>
  <system-out/>
  <testcase classname="script.EditVendor" name="editStreet" time="2.065"/>
  <system-out/>
  <testcase classname="script.EditVendor" name="editLocality" time="1.852"/>
  <system-out/>
  <testcase classname="script.EditVendor" name="editPincode" time="2.051"/>
  <system-out/>
  <testcase classname="script.EditVendor" name="validateStateAndDistrictFieldStatus" time="0.129"/>
  <system-out/>
  <testcase classname="script.EditVendor" name="validateVendorPhoneNumberCanEdited" time="2.153"/>
  <system-out/>
  <testcase classname="script.EditVendor" name="validateBankNameFieldErrorMessage" time="1.998"/>
  <system-out/>
  <testcase classname="script.EditVendor" name="validateBankDropdownErrorMessage" time="8.333"/>
  <system-out/>
  <testcase classname="script.EditVendor" name="validateAccountNumberErrorMessage" time="3.366"/>
  <system-out/>
  <testcase classname="script.EditVendor" name="validateIfscCodeErrorMessage" time="2.242"/>
  <system-out/>
  <testcase classname="script.EditVendor" name="validateUplodePassBookImageToastMessage" time="0.707"/>
  <system-out/>
  <testcase classname="script.EditVendor" name="validateUploadBankPassbookImageToastMessage" time="0.959"/>
  <system-out/>
  <testcase classname="script.EditVendor" name="validateProductNameErrorMessage" time="1.512"/>
  <system-out/>
  <testcase classname="script.EditVendor" name="validateBrandNameErrorMessage" time="1.310"/>
  <system-out/>
  <testcase classname="script.EditVendor" name="validateProductPriceErrorMessage" time="0.595"/>
  <system-out/>
  <testcase classname="script.EditVendor" name="validateUploadProductImageToastMessage" time="20.371">
    <error message="Expected condition failed: waiting for visibility of [[ChromeDriver: chrome on WINDOWS (ba6f1e3416863b499157bd11deb2b4ec)] -&gt; id: toast-container] (tried for 20 second(s) with 500 milliseconds interval)
Build info: version: &#039;4.1.0&#039;, revision: &#039;87802e897b&#039;
System info: host: &#039;INBNRMARITA&#039;, ip: &#039;172.26.1.117&#039;, os.name: &#039;Windows 10&#039;, os.arch: &#039;amd64&#039;, os.version: &#039;10.0&#039;, java.version: &#039;15.0.2&#039;
Driver info: org.openqa.selenium.chrome.ChromeDriver
Capabilities {acceptInsecureCerts: false, browserName: chrome, browserVersion: 111.0.5563.111, chrome: {chromedriverVersion: 111.0.5563.64 (c710e93d5b63..., userDataDir: C:\Users\5028\AppData\Local...}, goog:chromeOptions: {debuggerAddress: localhost:53962}, javascriptEnabled: true, networkConnectionEnabled: false, pageLoadStrategy: normal, platform: WINDOWS, platformName: WINDOWS, proxy: Proxy(), se:cdp: ws://localhost:53962/devtoo..., se:cdpVersion: 111.0.5563.111, setWindowRect: true, strictFileInteractability: false, timeouts: {implicit: 0, pageLoad: 300000, script: 30000}, unhandledPromptBehavior: dismiss and notify, webauthn:extension:credBlob: true, webauthn:extension:largeBlob: true, webauthn:extension:minPinLength: true, webauthn:extension:prf: true, webauthn:virtualAuthenticators: true}
Session ID: ba6f1e3416863b499157bd11deb2b4ec" type="org.openqa.selenium.TimeoutException">
      <![CDATA[org.openqa.selenium.TimeoutException: Expected condition failed: waiting for visibility of [[ChromeDriver: chrome on WINDOWS (ba6f1e3416863b499157bd11deb2b4ec)] -> id: toast-container] (tried for 20 second(s) with 500 milliseconds interval)
Build info: version: '4.1.0', revision: '87802e897b'
System info: host: 'INBNRMARITA', ip: '172.26.1.117', os.name: 'Windows 10', os.arch: 'amd64', os.version: '10.0', java.version: '15.0.2'
Driver info: org.openqa.selenium.chrome.ChromeDriver
Capabilities {acceptInsecureCerts: false, browserName: chrome, browserVersion: 111.0.5563.111, chrome: {chromedriverVersion: 111.0.5563.64 (c710e93d5b63..., userDataDir: C:\Users\5028\AppData\Local...}, goog:chromeOptions: {debuggerAddress: localhost:53962}, javascriptEnabled: true, networkConnectionEnabled: false, pageLoadStrategy: normal, platform: WINDOWS, platformName: WINDOWS, proxy: Proxy(), se:cdp: ws://localhost:53962/devtoo..., se:cdpVersion: 111.0.5563.111, setWindowRect: true, strictFileInteractability: false, timeouts: {implicit: 0, pageLoad: 300000, script: 30000}, unhandledPromptBehavior: dismiss and notify, webauthn:extension:credBlob: true, webauthn:extension:largeBlob: true, webauthn:extension:minPinLength: true, webauthn:extension:prf: true, webauthn:virtualAuthenticators: true}
Session ID: ba6f1e3416863b499157bd11deb2b4ec
at org.openqa.selenium.support.ui.WebDriverWait.timeoutException(WebDriverWait.java:138)
at org.openqa.selenium.support.ui.FluentWait.until(FluentWait.java:231)
at pom.LogisticsOnboardingPage.validateToastmsg(LogisticsOnboardingPage.java:187)
at script.EditVendor.validateUploadProductImageToastMessage(EditVendor.java:273)
at java.base/jdk.internal.reflect.NativeMethodAccessorImpl.invoke0(Native Method)
at java.base/jdk.internal.reflect.NativeMethodAccessorImpl.invoke(NativeMethodAccessorImpl.java:64)
at java.base/jdk.internal.reflect.DelegatingMethodAccessorImpl.invoke(DelegatingMethodAccessorImpl.java:43)
at java.base/java.lang.reflect.Method.invoke(Method.java:564)
at org.testng.internal.MethodInvocationHelper.invokeMethod(MethodInvocationHelper.java:133)
at org.testng.internal.TestInvoker.invokeMethod(TestInvoker.java:598)
at org.testng.internal.TestInvoker.invokeTestMethod(TestInvoker.java:173)
at org.testng.internal.MethodRunner.runInSequence(MethodRunner.java:46)
at org.testng.internal.TestInvoker$MethodInvocationAgent.invoke(TestInvoker.java:824)
at org.testng.internal.TestInvoker.invokeTestMethods(TestInvoker.java:146)
at org.testng.internal.TestMethodWorker.invokeTestMethods(TestMethodWorker.java:146)
at org.testng.internal.TestMethodWorker.run(TestMethodWorker.java:128)
at java.base/java.util.ArrayList.forEach(ArrayList.java:1511)
at org.testng.TestRunner.privateRun(TestRunner.java:794)
at org.testng.TestRunner.run(TestRunner.java:596)
at org.testng.SuiteRunner.runTest(SuiteRunner.java:377)
at org.testng.SuiteRunner.runSequentially(SuiteRunner.java:371)
at org.testng.SuiteRunner.privateRun(SuiteRunner.java:332)
at org.testng.SuiteRunner.run(SuiteRunner.java:276)
at org.testng.SuiteRunnerWorker.runSuite(SuiteRunnerWorker.java:53)
at org.testng.SuiteRunnerWorker.run(SuiteRunnerWorker.java:96)
at org.testng.TestNG.runSuitesSequentially(TestNG.java:1212)
at org.testng.TestNG.runSuitesLocally(TestNG.java:1134)
at org.testng.TestNG.runSuites(TestNG.java:1063)
at org.testng.TestNG.run(TestNG.java:1031)
at org.testng.remote.AbstractRemoteTestNG.run(AbstractRemoteTestNG.java:115)
at org.testng.remote.RemoteTestNG.initAndRun(RemoteTestNG.java:251)
at org.testng.remote.RemoteTestNG.main(RemoteTestNG.java:77)
]]>
    </error>
  </testcase> <!-- validateUploadProductImageToastMessage -->
  <system-out/>
  <testcase classname="script.EditVendor" name="ValidateSaveProductDetailsToastMessage" time="0.516"/>
  <system-out/>
</testsuite> <!-- script.EditVendor -->
