<?xml version="1.0" encoding="UTF-8"?>
<!-- Generated by org.testng.reporters.JUnitReportReporter -->
<testsuite hostname="INBNRMARITA" failures="1" tests="34" name="script.NewFpoTransaction" time="452.984" errors="0" timestamp="2022-04-01T15:02:22 IST" skipped="0">
  <testcase classname="script.NewFpoTransaction" name="farmerLinkValidation" time="6.361"/>
  <system-out/>
  <testcase classname="script.NewFpoTransaction" name="farmerOnboardingPage" time="1.284"/>
  <system-out/>
  <testcase classname="script.NewFpoTransaction" name="searchUser" time="24.265"/>
  <system-out/>
  <testcase classname="script.NewFpoTransaction" name="userCardValidation" time="1.039"/>
  <system-out/>
  <testcase classname="script.NewFpoTransaction" name="categoryValidate" time="7.914"/>
  <system-out/>
  <testcase classname="script.NewFpoTransaction" name="addMiscButton" time="12.039"/>
  <system-out/>
  <testcase classname="script.NewFpoTransaction" name="validateQuantity" time="0.626"/>
  <system-out/>
  <testcase classname="script.NewFpoTransaction" name="validateUnits" time="3.586"/>
  <system-out/>
  <testcase classname="script.NewFpoTransaction" name="validateBasePrice" time="1.705"/>
  <system-out/>
  <testcase classname="script.NewFpoTransaction" name="validateSoot" time="2.614"/>
  <system-out/>
  <testcase classname="script.NewFpoTransaction" name="addCrop" time="0.090"/>
  <system-out/>
  <testcase classname="script.NewFpoTransaction" name="validateMisc" time="6.787"/>
  <system-out/>
  <testcase classname="script.NewFpoTransaction" name="deleteIconValidation" time="0.078"/>
  <system-out/>
  <testcase classname="script.NewFpoTransaction" name="validateSearchButton" time="12.409"/>
  <system-out>
    <![CDATA[no such element: Unable to locate element: {"method":"xpath","selector":"//div[text()=' Select State']"}
  (Session info: chrome=99.0.4844.84)
For documentation on this error, please visit: https://www.seleniumhq.org/exceptions/no_such_element.html
Build info: version: '3.141.59', revision: 'e82be7d358', time: '2018-11-14T08:25:48'
System info: host: 'INBNRMARITA', ip: '172.25.1.92', os.name: 'Windows 10', os.arch: 'amd64', os.version: '10.0', java.version: '15.0.2'
Driver info: org.openqa.selenium.chrome.ChromeDriver
Capabilities {acceptInsecureCerts: false, browserName: chrome, browserVersion: 99.0.4844.84, chrome: {chromedriverVersion: 99.0.4844.51 (d537ec02474b5..., userDataDir: C:\Users\5028\AppData\Local...}, goog:chromeOptions: {debuggerAddress: localhost:56510}, javascriptEnabled: true, networkConnectionEnabled: false, pageLoadStrategy: normal, platform: WINDOWS, platformName: WINDOWS, proxy: Proxy(), setWindowRect: true, strictFileInteractability: false, timeouts: {implicit: 0, pageLoad: 300000, script: 30000}, unhandledPromptBehavior: dismiss and notify, webauthn:extension:credBlob: true, webauthn:extension:largeBlob: true, webauthn:virtualAuthenticators: true}
Session ID: b1b408c80c2448bb16d04386c31519af
*** Element info: {Using=xpath, value=//div[text()=' Select State']}]]>
  </system-out>
  <testcase classname="script.NewFpoTransaction" name="validateAssignButton" time="2.259"/>
  <system-out/>
  <testcase classname="script.NewFpoTransaction" name="assignLoad" time="13.726"/>
  <system-out/>
  <testcase classname="script.NewFpoTransaction" name="saveInvoiceNumber" time="5.125"/>
  <system-out/>
  <testcase classname="script.NewFpoTransaction" name="invoice" time="14.936"/>
  <system-out/>
  <testcase classname="script.NewFpoTransaction" name="bankconfirm" time="19.273"/>
  <system-out/>
  <testcase classname="script.NewFpoTransaction" name="invoiceConfirm" time="17.553"/>
  <system-out/>
  <testcase classname="script.NewFpoTransaction" name="updateSoot" time="7.184"/>
  <system-out/>
  <testcase classname="script.NewFpoTransaction" name="updateSootButton" time="2.052"/>
  <system-out/>
  <testcase classname="script.NewFpoTransaction" name="updateSootButtonColor" time="2.305"/>
  <system-out/>
  <testcase classname="script.NewFpoTransaction" name="confirmtButtonColor" time="2.045"/>
  <system-out/>
  <testcase classname="script.NewFpoTransaction" name="updateMisc" time="2.065"/>
  <system-out/>
  <testcase classname="script.NewFpoTransaction" name="addMiscButtonColor" time="2.036"/>
  <system-out/>
  <testcase classname="script.NewFpoTransaction" name="ValidateMisc" time="13.012"/>
  <system-out/>
  <testcase classname="script.NewFpoTransaction" name="invoiceDownloadOption" time="2.111"/>
  <system-out/>
  <testcase classname="script.NewFpoTransaction" name="centerpending" time="15.612"/>
  <system-out/>
  <testcase classname="script.NewFpoTransaction" name="paymentpendingfilter" time="19.767"/>
  <system-out/>
  <testcase classname="script.NewFpoTransaction" name="paymentcompletedfilter" time="21.487"/>
  <system-out/>
  <testcase classname="script.NewFpoTransaction" name="paymentclosedfilter" time="21.471"/>
  <system-out/>
  <testcase classname="script.NewFpoTransaction" name="phonenumberfilter" time="36.302"/>
  <system-out/>
  <testcase classname="script.NewFpoTransaction" name="invoicenumberfilter" time="151.866">
    <failure message="null" type="java.lang.AssertionError">
      <![CDATA[java.lang.AssertionError: null
at org.testng.Assert.fail(Assert.java:99)
at org.testng.Assert.fail(Assert.java:106)
at script.NewFpoTransaction.invoicenumberfilter(NewFpoTransaction.java:1070)
at java.base/jdk.internal.reflect.NativeMethodAccessorImpl.invoke0(Native Method)
at java.base/jdk.internal.reflect.NativeMethodAccessorImpl.invoke(NativeMethodAccessorImpl.java:64)
at java.base/jdk.internal.reflect.DelegatingMethodAccessorImpl.invoke(DelegatingMethodAccessorImpl.java:43)
at java.base/java.lang.reflect.Method.invoke(Method.java:564)
at org.testng.internal.MethodInvocationHelper.invokeMethod(MethodInvocationHelper.java:133)
at org.testng.internal.TestInvoker.invokeMethod(TestInvoker.java:598)
at org.testng.internal.TestInvoker.invokeTestMethod(TestInvoker.java:173)
at org.testng.internal.MethodRunner.runInSequence(MethodRunner.java:46)
at org.testng.internal.TestInvoker$MethodInvocationAgent.invoke(TestInvoker.java:824)
at org.testng.internal.TestInvoker.invokeTestMethods(TestInvoker.java:146)
at org.testng.internal.TestMethodWorker.invokeTestMethods(TestMethodWorker.java:146)
at org.testng.internal.TestMethodWorker.run(TestMethodWorker.java:128)
at java.base/java.util.ArrayList.forEach(ArrayList.java:1511)
at org.testng.TestRunner.privateRun(TestRunner.java:794)
at org.testng.TestRunner.run(TestRunner.java:596)
at org.testng.SuiteRunner.runTest(SuiteRunner.java:377)
at org.testng.SuiteRunner.runSequentially(SuiteRunner.java:371)
at org.testng.SuiteRunner.privateRun(SuiteRunner.java:332)
at org.testng.SuiteRunner.run(SuiteRunner.java:276)
at org.testng.SuiteRunnerWorker.runSuite(SuiteRunnerWorker.java:53)
at org.testng.SuiteRunnerWorker.run(SuiteRunnerWorker.java:96)
at org.testng.TestNG.runSuitesSequentially(TestNG.java:1212)
at org.testng.TestNG.runSuitesLocally(TestNG.java:1134)
at org.testng.TestNG.runSuites(TestNG.java:1063)
at org.testng.TestNG.run(TestNG.java:1031)
at org.testng.remote.AbstractRemoteTestNG.run(AbstractRemoteTestNG.java:115)
at org.testng.remote.RemoteTestNG.initAndRun(RemoteTestNG.java:251)
at org.testng.remote.RemoteTestNG.main(RemoteTestNG.java:77)
]]>
    </failure>
  </testcase> <!-- invoicenumberfilter -->
  <system-out>
    <![CDATA[no such element: Unable to locate element: {"method":"xpath","selector":"//input[@value='Center Name*']"}
  (Session info: chrome=99.0.4844.84)
For documentation on this error, please visit: https://www.seleniumhq.org/exceptions/no_such_element.html
Build info: version: '3.141.59', revision: 'e82be7d358', time: '2018-11-14T08:25:48'
System info: host: 'INBNRMARITA', ip: '172.25.1.92', os.name: 'Windows 10', os.arch: 'amd64', os.version: '10.0', java.version: '15.0.2'
Driver info: org.openqa.selenium.chrome.ChromeDriver
Capabilities {acceptInsecureCerts: false, browserName: chrome, browserVersion: 99.0.4844.84, chrome: {chromedriverVersion: 99.0.4844.51 (d537ec02474b5..., userDataDir: C:\Users\5028\AppData\Local...}, goog:chromeOptions: {debuggerAddress: localhost:56892}, javascriptEnabled: true, networkConnectionEnabled: false, pageLoadStrategy: normal, platform: WINDOWS, platformName: WINDOWS, proxy: Proxy(), setWindowRect: true, strictFileInteractability: false, timeouts: {implicit: 0, pageLoad: 300000, script: 30000}, unhandledPromptBehavior: dismiss and notify, webauthn:extension:credBlob: true, webauthn:extension:largeBlob: true, webauthn:virtualAuthenticators: true}
Session ID: 5eaebec4684be052290203f72affcfe3
*** Element info: {Using=xpath, value=//input[@value='Center Name*']}
Expected condition failed: waiting for visibility of element located by By.xpath: //*[@id="spinner"]/div[3]/div[3] (tried for 120 second(s) with 500 milliseconds interval)]]>
  </system-out>
</testsuite> <!-- script.NewFpoTransaction -->
