<?xml version="1.0" encoding="UTF-8"?>
<!-- Generated by org.testng.reporters.JUnitReportReporter -->
<testsuite hostname="INBNRMARITA" failures="3" tests="42" name="script.createpodsc" time="345.025" errors="0" timestamp="2022-01-04T11:10:04 IST" skipped="0">
  <testcase classname="script.createpodsc" name="buyerLinkValidation" time="3.724"/>
  <system-out/>
  <testcase classname="script.createpodsc" name="buyerLinkValidation" time="3.296"/>
  <system-out/>
  <testcase classname="script.createpodsc" name="buyerLinkValidation" time="2.994"/>
  <system-out/>
  <testcase classname="script.createpodsc" name="buyerOnboardingPage" time="1.045"/>
  <system-out/>
  <testcase classname="script.createpodsc" name="buyerOnboardingPage" time="0.931"/>
  <system-out/>
  <testcase classname="script.createpodsc" name="buyerOnboardingPage" time="1.045"/>
  <system-out/>
  <testcase classname="script.createpodsc" name="searchUser" time="27.376"/>
  <system-out/>
  <testcase classname="script.createpodsc" name="searchUser" time="27.459"/>
  <system-out/>
  <testcase classname="script.createpodsc" name="searchUser" time="27.726"/>
  <system-out/>
  <testcase classname="script.createpodsc" name="userCardValidation" time="0.063"/>
  <system-out/>
  <testcase classname="script.createpodsc" name="userCardValidation" time="0.052"/>
  <system-out/>
  <testcase classname="script.createpodsc" name="userCardValidation" time="0.058"/>
  <system-out/>
  <testcase classname="script.createpodsc" name="validateCategory" time="6.619"/>
  <system-out/>
  <testcase classname="script.createpodsc" name="validateCategory" time="6.582"/>
  <system-out/>
  <testcase classname="script.createpodsc" name="validateCategory" time="6.658"/>
  <system-out/>
  <testcase classname="script.createpodsc" name="validateQuantity" time="8.598"/>
  <system-out/>
  <testcase classname="script.createpodsc" name="validateQuantity" time="8.576"/>
  <system-out/>
  <testcase classname="script.createpodsc" name="validateQuantity" time="8.777"/>
  <system-out/>
  <testcase classname="script.createpodsc" name="validateUnit" time="4.463"/>
  <system-out/>
  <testcase classname="script.createpodsc" name="validateUnit" time="4.491"/>
  <system-out/>
  <testcase classname="script.createpodsc" name="validateUnit" time="4.514"/>
  <system-out/>
  <testcase classname="script.createpodsc" name="validatePrice" time="8.755"/>
  <system-out/>
  <testcase classname="script.createpodsc" name="validatePrice" time="8.837"/>
  <system-out/>
  <testcase classname="script.createpodsc" name="validatePrice" time="8.670"/>
  <system-out/>
  <testcase classname="script.createpodsc" name="addCrop" time="0.119"/>
  <system-out/>
  <testcase classname="script.createpodsc" name="addCrop" time="0.064"/>
  <system-out/>
  <testcase classname="script.createpodsc" name="addCrop" time="0.111"/>
  <system-out/>
  <testcase classname="script.createpodsc" name="poDates" time="9.092"/>
  <system-out/>
  <testcase classname="script.createpodsc" name="poDates" time="8.896"/>
  <system-out/>
  <testcase classname="script.createpodsc" name="poDates" time="8.913"/>
  <system-out/>
  <testcase classname="script.createpodsc" name="deliveryDistrictValidation" time="18.511"/>
  <system-out/>
  <testcase classname="script.createpodsc" name="deliveryDistrictValidation" time="18.535"/>
  <system-out/>
  <testcase classname="script.createpodsc" name="deliveryDistrictValidation" time="18.527"/>
  <system-out/>
  <testcase classname="script.createpodsc" name="cancelPoValidation" time="4.313"/>
  <system-out/>
  <testcase classname="script.createpodsc" name="cancelPoValidation" time="4.277"/>
  <system-out/>
  <testcase classname="script.createpodsc" name="cancelPoValidation" time="4.305"/>
  <system-out/>
  <testcase classname="script.createpodsc" name="generatePO" time="5.205"/>
  <system-out/>
  <testcase classname="script.createpodsc" name="generatePO" time="5.153"/>
  <system-out/>
  <testcase classname="script.createpodsc" name="generatePO" time="14.135">
    <failure message="null" type="java.lang.AssertionError">
      <![CDATA[java.lang.AssertionError: null
at org.testng.Assert.fail(Assert.java:99)
at org.testng.Assert.fail(Assert.java:106)
at script.createpodsc.generatePO(createpodsc.java:416)
at java.base/jdk.internal.reflect.NativeMethodAccessorImpl.invoke0(Native Method)
at java.base/jdk.internal.reflect.NativeMethodAccessorImpl.invoke(NativeMethodAccessorImpl.java:64)
at java.base/jdk.internal.reflect.DelegatingMethodAccessorImpl.invoke(DelegatingMethodAccessorImpl.java:43)
at java.base/java.lang.reflect.Method.invoke(Method.java:564)
at org.testng.internal.MethodInvocationHelper.invokeMethod(MethodInvocationHelper.java:133)
at org.testng.internal.TestInvoker.invokeMethod(TestInvoker.java:598)
at org.testng.internal.TestInvoker.invokeTestMethod(TestInvoker.java:173)
at org.testng.internal.MethodRunner.runInSequence(MethodRunner.java:46)
at org.testng.internal.TestInvoker$MethodInvocationAgent.invoke(TestInvoker.java:824)
at org.testng.internal.TestInvoker.invokeTestMethods(TestInvoker.java:146)
at org.testng.internal.TestMethodWorker.invokeTestMethods(TestMethodWorker.java:146)
at org.testng.internal.TestMethodWorker.run(TestMethodWorker.java:128)
at java.base/java.util.ArrayList.forEach(ArrayList.java:1511)
at org.testng.TestRunner.privateRun(TestRunner.java:794)
at org.testng.TestRunner.run(TestRunner.java:596)
at org.testng.SuiteRunner.runTest(SuiteRunner.java:377)
at org.testng.SuiteRunner.runSequentially(SuiteRunner.java:371)
at org.testng.SuiteRunner.privateRun(SuiteRunner.java:332)
at org.testng.SuiteRunner.run(SuiteRunner.java:276)
at org.testng.SuiteRunnerWorker.runSuite(SuiteRunnerWorker.java:53)
at org.testng.SuiteRunnerWorker.run(SuiteRunnerWorker.java:96)
at org.testng.TestNG.runSuitesSequentially(TestNG.java:1212)
at org.testng.TestNG.runSuitesLocally(TestNG.java:1134)
at org.testng.TestNG.runSuites(TestNG.java:1063)
at org.testng.TestNG.run(TestNG.java:1031)
at org.testng.remote.AbstractRemoteTestNG.run(AbstractRemoteTestNG.java:115)
at org.testng.remote.RemoteTestNG.initAndRun(RemoteTestNG.java:251)
at org.testng.remote.RemoteTestNG.main(RemoteTestNG.java:77)
]]>
    </failure>
  </testcase> <!-- generatePO -->
  <system-out>
    <![CDATA[no such element: Unable to locate element: {"method":"xpath","selector":"//*[@id="__blaze-root"]/div[3]/div[1]/div[2]"}
  (Session info: chrome=96.0.4664.110)
For documentation on this error, please visit: https://www.seleniumhq.org/exceptions/no_such_element.html
Build info: version: '3.141.59', revision: 'e82be7d358', time: '2018-11-14T08:25:48'
System info: host: 'INBNRMARITA', ip: '172.25.1.32', os.name: 'Windows 10', os.arch: 'amd64', os.version: '10.0', java.version: '15.0.2'
Driver info: org.openqa.selenium.chrome.ChromeDriver
Capabilities {acceptInsecureCerts: false, browserName: chrome, browserVersion: 96.0.4664.110, chrome: {chromedriverVersion: 96.0.4664.45 (76e4c1bb2ab46..., userDataDir: C:\Users\5028\AppData\Local...}, goog:chromeOptions: {debuggerAddress: localhost:64840}, javascriptEnabled: true, networkConnectionEnabled: false, pageLoadStrategy: normal, platform: WINDOWS, platformName: WINDOWS, proxy: Proxy(), setWindowRect: true, strictFileInteractability: false, timeouts: {implicit: 0, pageLoad: 300000, script: 30000}, unhandledPromptBehavior: dismiss and notify, webauthn:extension:credBlob: true, webauthn:extension:largeBlob: true, webauthn:virtualAuthenticators: true}
Session ID: 639479901c6db1b0b777f3dfa099bcf7
*** Element info: {Using=xpath, value=//*[@id="__blaze-root"]/div[3]/div[1]/div[2]}]]>
  </system-out>
  <testcase classname="script.createpodsc" name="poCreation" time="21.053">
    <failure message="null" type="java.lang.AssertionError">
      <![CDATA[java.lang.AssertionError: null
at org.testng.Assert.fail(Assert.java:99)
at org.testng.Assert.fail(Assert.java:106)
at script.createpodsc.poCreation(createpodsc.java:435)
at java.base/jdk.internal.reflect.NativeMethodAccessorImpl.invoke0(Native Method)
at java.base/jdk.internal.reflect.NativeMethodAccessorImpl.invoke(NativeMethodAccessorImpl.java:64)
at java.base/jdk.internal.reflect.DelegatingMethodAccessorImpl.invoke(DelegatingMethodAccessorImpl.java:43)
at java.base/java.lang.reflect.Method.invoke(Method.java:564)
at org.testng.internal.MethodInvocationHelper.invokeMethod(MethodInvocationHelper.java:133)
at org.testng.internal.TestInvoker.invokeMethod(TestInvoker.java:598)
at org.testng.internal.TestInvoker.invokeTestMethod(TestInvoker.java:173)
at org.testng.internal.MethodRunner.runInSequence(MethodRunner.java:46)
at org.testng.internal.TestInvoker$MethodInvocationAgent.invoke(TestInvoker.java:824)
at org.testng.internal.TestInvoker.invokeTestMethods(TestInvoker.java:146)
at org.testng.internal.TestMethodWorker.invokeTestMethods(TestMethodWorker.java:146)
at org.testng.internal.TestMethodWorker.run(TestMethodWorker.java:128)
at java.base/java.util.ArrayList.forEach(ArrayList.java:1511)
at org.testng.TestRunner.privateRun(TestRunner.java:794)
at org.testng.TestRunner.run(TestRunner.java:596)
at org.testng.SuiteRunner.runTest(SuiteRunner.java:377)
at org.testng.SuiteRunner.runSequentially(SuiteRunner.java:371)
at org.testng.SuiteRunner.privateRun(SuiteRunner.java:332)
at org.testng.SuiteRunner.run(SuiteRunner.java:276)
at org.testng.SuiteRunnerWorker.runSuite(SuiteRunnerWorker.java:53)
at org.testng.SuiteRunnerWorker.run(SuiteRunnerWorker.java:96)
at org.testng.TestNG.runSuitesSequentially(TestNG.java:1212)
at org.testng.TestNG.runSuitesLocally(TestNG.java:1134)
at org.testng.TestNG.runSuites(TestNG.java:1063)
at org.testng.TestNG.run(TestNG.java:1031)
at org.testng.remote.AbstractRemoteTestNG.run(AbstractRemoteTestNG.java:115)
at org.testng.remote.RemoteTestNG.initAndRun(RemoteTestNG.java:251)
at org.testng.remote.RemoteTestNG.main(RemoteTestNG.java:77)
]]>
    </failure>
  </testcase> <!-- poCreation -->
  <system-out>
    <![CDATA[Expected condition failed: waiting for visibility of element located by By.xpath: //div[text()=' Save '] (tried for 20 second(s) with 500 milliseconds interval)]]>
  </system-out>
  <testcase classname="script.createpodsc" name="poCreation" time="1.123"/>
  <system-out/>
  <testcase classname="script.createpodsc" name="poCreation" time="21.384">
    <failure message="null" type="java.lang.AssertionError">
      <![CDATA[java.lang.AssertionError: null
at org.testng.Assert.fail(Assert.java:99)
at org.testng.Assert.fail(Assert.java:106)
at script.createpodsc.poCreation(createpodsc.java:435)
at java.base/jdk.internal.reflect.NativeMethodAccessorImpl.invoke0(Native Method)
at java.base/jdk.internal.reflect.NativeMethodAccessorImpl.invoke(NativeMethodAccessorImpl.java:64)
at java.base/jdk.internal.reflect.DelegatingMethodAccessorImpl.invoke(DelegatingMethodAccessorImpl.java:43)
at java.base/java.lang.reflect.Method.invoke(Method.java:564)
at org.testng.internal.MethodInvocationHelper.invokeMethod(MethodInvocationHelper.java:133)
at org.testng.internal.TestInvoker.invokeMethod(TestInvoker.java:598)
at org.testng.internal.TestInvoker.invokeTestMethod(TestInvoker.java:173)
at org.testng.internal.MethodRunner.runInSequence(MethodRunner.java:46)
at org.testng.internal.TestInvoker$MethodInvocationAgent.invoke(TestInvoker.java:824)
at org.testng.internal.TestInvoker.invokeTestMethods(TestInvoker.java:146)
at org.testng.internal.TestMethodWorker.invokeTestMethods(TestMethodWorker.java:146)
at org.testng.internal.TestMethodWorker.run(TestMethodWorker.java:128)
at java.base/java.util.ArrayList.forEach(ArrayList.java:1511)
at org.testng.TestRunner.privateRun(TestRunner.java:794)
at org.testng.TestRunner.run(TestRunner.java:596)
at org.testng.SuiteRunner.runTest(SuiteRunner.java:377)
at org.testng.SuiteRunner.runSequentially(SuiteRunner.java:371)
at org.testng.SuiteRunner.privateRun(SuiteRunner.java:332)
at org.testng.SuiteRunner.run(SuiteRunner.java:276)
at org.testng.SuiteRunnerWorker.runSuite(SuiteRunnerWorker.java:53)
at org.testng.SuiteRunnerWorker.run(SuiteRunnerWorker.java:96)
at org.testng.TestNG.runSuitesSequentially(TestNG.java:1212)
at org.testng.TestNG.runSuitesLocally(TestNG.java:1134)
at org.testng.TestNG.runSuites(TestNG.java:1063)
at org.testng.TestNG.run(TestNG.java:1031)
at org.testng.remote.AbstractRemoteTestNG.run(AbstractRemoteTestNG.java:115)
at org.testng.remote.RemoteTestNG.initAndRun(RemoteTestNG.java:251)
at org.testng.remote.RemoteTestNG.main(RemoteTestNG.java:77)
]]>
    </failure>
  </testcase> <!-- poCreation -->
  <system-out>
    <![CDATA[Expected condition failed: waiting for visibility of element located by By.xpath: //div[text()=' Save '] (tried for 20 second(s) with 500 milliseconds interval)]]>
  </system-out>
</testsuite> <!-- script.createpodsc -->
