<?xml version="1.0" encoding="UTF-8"?>
<!-- Generated by org.testng.reporters.JUnitReportReporter -->
<testsuite hostname="INBNRMARITA" failures="1" tests="14" name="script.AgencyLogisticsOnboarding" time="30.623" errors="0" timestamp="2023-03-29T11:12:49 IST" skipped="0">
  <testcase classname="script.AgencyLogisticsOnboarding" name="validateAgencyAndIndividualRadioButtonStatus" time="2.959"/>
  <system-out/>
  <testcase classname="script.AgencyLogisticsOnboarding" name="validateCompanyNameErrorMessage" time="0.244"/>
  <system-out/>
  <testcase classname="script.AgencyLogisticsOnboarding" name="validateInvalidFormatErrorMessage" time="0.974"/>
  <system-out/>
  <testcase classname="script.AgencyLogisticsOnboarding" name="validateGstFieldErrorMessage" time="3.426"/>
  <system-out/>
  <testcase classname="script.AgencyLogisticsOnboarding" name="validateStreetFieldErrorMessage" time="3.763"/>
  <system-out/>
  <testcase classname="script.AgencyLogisticsOnboarding" name="validateLocality" time="5.294"/>
  <system-out/>
  <testcase classname="script.AgencyLogisticsOnboarding" name="validateStateAndDistrictErrorMessages" time="7.557"/>
  <system-out/>
  <testcase classname="script.AgencyLogisticsOnboarding" name="validatePinCode" time="1.067"/>
  <system-out/>
  <testcase classname="script.AgencyLogisticsOnboarding" name="validateRegistrationTypeToastMessage" time="0.371"/>
  <system-out/>
  <testcase classname="script.AgencyLogisticsOnboarding" name="validateNameErrorMessages" time="0.750"/>
  <system-out/>
  <testcase classname="script.AgencyLogisticsOnboarding" name="validatePhoneNumberErrorMessages" time="1.334"/>
  <system-out/>
  <testcase classname="script.AgencyLogisticsOnboarding" name="validateEmailErrorMessages" time="1.612"/>
  <system-out/>
  <testcase classname="script.AgencyLogisticsOnboarding" name="validateButtonColor" time="1.206">
    <failure message="expected [null] but found [13.3333px]" type="java.lang.AssertionError">
      <![CDATA[java.lang.AssertionError: expected [null] but found [13.3333px]
at org.testng.Assert.fail(Assert.java:99)
at org.testng.Assert.failNotEquals(Assert.java:1037)
at org.testng.Assert.assertEqualsImpl(Assert.java:140)
at org.testng.Assert.assertEquals(Assert.java:122)
at org.testng.Assert.assertEquals(Assert.java:629)
at org.testng.Assert.assertEquals(Assert.java:639)
at script.AgencyLogisticsOnboarding.validateButtonColor(AgencyLogisticsOnboarding.java:212)
at java.base/jdk.internal.reflect.NativeMethodAccessorImpl.invoke0(Native Method)
at java.base/jdk.internal.reflect.NativeMethodAccessorImpl.invoke(NativeMethodAccessorImpl.java:64)
at java.base/jdk.internal.reflect.DelegatingMethodAccessorImpl.invoke(DelegatingMethodAccessorImpl.java:43)
at java.base/java.lang.reflect.Method.invoke(Method.java:564)
at org.testng.internal.MethodInvocationHelper.invokeMethod(MethodInvocationHelper.java:133)
at org.testng.internal.TestInvoker.invokeMethod(TestInvoker.java:598)
at org.testng.internal.TestInvoker.invokeTestMethod(TestInvoker.java:173)
at org.testng.internal.MethodRunner.runInSequence(MethodRunner.java:46)
at org.testng.internal.TestInvoker$MethodInvocationAgent.invoke(TestInvoker.java:824)
at org.testng.internal.TestInvoker.invokeTestMethods(TestInvoker.java:146)
at org.testng.internal.TestMethodWorker.invokeTestMethods(TestMethodWorker.java:146)
at org.testng.internal.TestMethodWorker.run(TestMethodWorker.java:128)
at java.base/java.util.ArrayList.forEach(ArrayList.java:1511)
at org.testng.TestRunner.privateRun(TestRunner.java:794)
at org.testng.TestRunner.run(TestRunner.java:596)
at org.testng.SuiteRunner.runTest(SuiteRunner.java:377)
at org.testng.SuiteRunner.runSequentially(SuiteRunner.java:371)
at org.testng.SuiteRunner.privateRun(SuiteRunner.java:332)
at org.testng.SuiteRunner.run(SuiteRunner.java:276)
at org.testng.SuiteRunnerWorker.runSuite(SuiteRunnerWorker.java:53)
at org.testng.SuiteRunnerWorker.run(SuiteRunnerWorker.java:96)
at org.testng.TestNG.runSuitesSequentially(TestNG.java:1212)
at org.testng.TestNG.runSuitesLocally(TestNG.java:1134)
at org.testng.TestNG.runSuites(TestNG.java:1063)
at org.testng.TestNG.run(TestNG.java:1031)
at org.testng.remote.AbstractRemoteTestNG.run(AbstractRemoteTestNG.java:115)
at org.testng.remote.RemoteTestNG.initAndRun(RemoteTestNG.java:251)
at org.testng.remote.RemoteTestNG.main(RemoteTestNG.java:77)
]]>
    </failure>
  </testcase> <!-- validateButtonColor -->
  <system-out/>
  <testcase classname="script.AgencyLogisticsOnboarding" name="validateSuccessToastMessage" time="0.066"/>
  <system-out/>
</testsuite> <!-- script.AgencyLogisticsOnboarding -->
