<?xml version="1.0" encoding="UTF-8"?>
<!-- Generated by org.testng.reporters.JUnitReportReporter -->
<testsuite hostname="INBNRMARITA" failures="0" tests="12" name="script.TestClass" time="49.864" errors="1" timestamp="2023-05-08T12:02:59 IST" skipped="0">
  <testcase classname="script.TestClass" name="buyerLinkValidation" time="5.623"/>
  <system-out/>
  <testcase classname="script.TestClass" name="validatePhoneNumber" time="8.624"/>
  <system-out/>
  <testcase classname="script.TestClass" name="enterPhoneNumber" time="6.077"/>
  <system-out/>
  <testcase classname="script.TestClass" name="buyerNameValidation" time="0.110"/>
  <system-out/>
  <testcase classname="script.TestClass" name="validateCropName" time="9.405"/>
  <system-out/>
  <testcase classname="script.TestClass" name="validatePoId" time="9.444"/>
  <system-out/>
  <testcase classname="script.TestClass" name="validateLoadQty" time="3.644"/>
  <system-out/>
  <testcase classname="script.TestClass" name="validateUnits" time="4.205"/>
  <system-out/>
  <testcase classname="script.TestClass" name="generateLoadIdButton" time="0.065"/>
  <system-out/>
  <testcase classname="script.TestClass" name="verifyLoadType" time="1.369"/>
  <system-out/>
  <testcase classname="script.TestClass" name="validateQtyExceed" time="1.298"/>
  <system-out/>
  <testcase classname="script.TestClass" name="enterQuantity" time="0.000">
    <error message="
Cannot inject @Test annotated Method [enterQuantity] with [class java.lang.String].
For more information on native dependency injection please refer to https://testng.org/doc/documentation-main.html#native-dependency-injection" type="org.testng.TestNGException">
      <![CDATA[org.testng.TestNGException: 
Cannot inject @Test annotated Method [enterQuantity] with [class java.lang.String].
For more information on native dependency injection please refer to https://testng.org/doc/documentation-main.html#native-dependency-injection
at org.testng.internal.Parameters.checkParameterTypes(Parameters.java:439)
at org.testng.internal.Parameters.createParametersForMethod(Parameters.java:353)
at org.testng.internal.Parameters.createParameters(Parameters.java:708)
at org.testng.internal.Parameters.handleParameters(Parameters.java:884)
at org.testng.internal.Parameters.handleParameters(Parameters.java:740)
at org.testng.internal.ParameterHandler.handleParameters(ParameterHandler.java:59)
at org.testng.internal.ParameterHandler.createParameters(ParameterHandler.java:38)
at org.testng.internal.TestInvoker$MethodInvocationAgent.invoke(TestInvoker.java:791)
at org.testng.internal.TestInvoker.invokeTestMethods(TestInvoker.java:146)
at org.testng.internal.TestMethodWorker.invokeTestMethods(TestMethodWorker.java:146)
at org.testng.internal.TestMethodWorker.run(TestMethodWorker.java:128)
at java.base/java.util.ArrayList.forEach(ArrayList.java:1511)
at org.testng.TestRunner.privateRun(TestRunner.java:794)
at org.testng.TestRunner.run(TestRunner.java:596)
at org.testng.SuiteRunner.runTest(SuiteRunner.java:377)
at org.testng.SuiteRunner.runSequentially(SuiteRunner.java:371)
at org.testng.SuiteRunner.privateRun(SuiteRunner.java:332)
at org.testng.SuiteRunner.run(SuiteRunner.java:276)
at org.testng.SuiteRunnerWorker.runSuite(SuiteRunnerWorker.java:53)
at org.testng.SuiteRunnerWorker.run(SuiteRunnerWorker.java:96)
at org.testng.TestNG.runSuitesSequentially(TestNG.java:1212)
at org.testng.TestNG.runSuitesLocally(TestNG.java:1134)
at org.testng.TestNG.runSuites(TestNG.java:1063)
at org.testng.TestNG.run(TestNG.java:1031)
at org.testng.remote.AbstractRemoteTestNG.run(AbstractRemoteTestNG.java:115)
at org.testng.remote.RemoteTestNG.initAndRun(RemoteTestNG.java:251)
at org.testng.remote.RemoteTestNG.main(RemoteTestNG.java:77)
]]>
    </error>
  </testcase> <!-- enterQuantity -->
  <system-out/>
</testsuite> <!-- script.TestClass -->
