<?xml version="1.0" encoding="UTF-8"?>
<!-- Generated by org.testng.reporters.JUnitXMLReporter -->
<testsuite ignored="0" hostname="INBNRMARITA" failures="1" tests="4" name="Super Admin Payment Approval" time="26.165" errors="0" timestamp="2023-02-23T12:12:10 IST">
  <testcase classname="script.SuperAdminPaymentApproval" name="dateFilterFarmerPayments" time="5.68"/>
  <testcase classname="script.SuperAdminPaymentApproval" name="searchButton" time="0.044"/>
  <testcase classname="script.SuperAdminPaymentApproval" name="resetButton" time="0.037"/>
  <testcase classname="script.SuperAdminPaymentApproval" name="approvePayments" time="12.683">
    <failure type="java.lang.AssertionError" message="null">
      <![CDATA[java.lang.AssertionError: null
at script.SuperAdminPaymentApproval.approvePayments(SuperAdminPaymentApproval.java:92)
at java.base/java.util.ArrayList.forEach(ArrayList.java:1511)
... Removed 29 stack frames]]>
    </failure>
  </testcase> <!-- approvePayments -->
</testsuite> <!-- Super Admin Payment Approval -->
